# JRE version: 7.0_25-b30
# Java VM: OpenJDK 64-Bit Server VM (23.7-b01 mixed mode linux-amd64 compressed oops)
Heap
 PSYoungGen      total 308736K, used 46640K [0x00000000e1560000, 0x00000000f4b60000, 0x0000000100000000)
  eden space 300672K, 14% used [0x00000000e1560000,0x00000000e3fc1dc8,0x00000000f3b00000)
  from space 8064K, 40% used [0x00000000f4380000,0x00000000f46aa3d8,0x00000000f4b60000)
  to   space 8384K, 0% used [0x00000000f3b00000,0x00000000f3b00000,0x00000000f4330000)
 ParOldGen       total 62784K, used 10799K [0x00000000a4000000, 0x00000000a7d50000, 0x00000000e1560000)
  object space 62784K, 17% used [0x00000000a4000000,0x00000000a4a8bcc8,0x00000000a7d50000)
 PSPermGen       total 21248K, used 17362K [0x0000000099a00000, 0x000000009aec0000, 0x00000000a4000000)
  object space 21248K, 81% used [0x0000000099a00000,0x000000009aaf4980,0x000000009aec0000)
GC Heap History (10 events):
Event: 4.630 GC heap before
{Heap before GC invocations=6 (full 0):
 PSYoungGen      total 51008K, used 50992K [0x00000000e1560000, 0x00000000e8180000, 0x0000000100000000)
  eden space 47104K, 100% used [0x00000000e1560000,0x00000000e4360000,0x00000000e4360000)
  from space 3904K, 99% used [0x00000000e4360000,0x00000000e472c010,0x00000000e4730000)
  to   space 8256K, 0% used [0x00000000e7970000,0x00000000e7970000,0x00000000e8180000)
 ParOldGen       total 62784K, used 7295K [0x00000000a4000000, 0x00000000a7d50000, 0x00000000e1560000)
  object space 62784K, 11% used [0x00000000a4000000,0x00000000a471fc68,0x00000000a7d50000)
 PSPermGen       total 21248K, used 3569K [0x0000000099a00000, 0x000000009aec0000, 0x00000000a4000000)
  object space 21248K, 16% used [0x0000000099a00000,0x0000000099d7c6b8,0x000000009aec0000)
Event: 4.678 GC heap after
Heap after GC invocations=6 (full 0):
 PSYoungGen      total 101568K, used 5328K [0x00000000e1560000, 0x00000000e80a0000, 0x0000000100000000)
  eden space 94208K, 0% used [0x00000000e1560000,0x00000000e1560000,0x00000000e7160000)
  from space 7360K, 72% used [0x00000000e7970000,0x00000000e7ea4010,0x00000000e80a0000)
  to   space 7808K, 0% used [0x00000000e7160000,0x00000000e7160000,0x00000000e7900000)
 ParOldGen       total 62784K, used 7295K [0x00000000a4000000, 0x00000000a7d50000, 0x00000000e1560000)
  object space 62784K, 11% used [0x00000000a4000000,0x00000000a471fc68,0x00000000a7d50000)
 PSPermGen       total 21248K, used 3569K [0x0000000099a00000, 0x000000009aec0000, 0x00000000a4000000)
  object space 21248K, 16% used [0x0000000099a00000,0x0000000099d7c6b8,0x000000009aec0000)
}
Event: 5.754 GC heap before
{Heap before GC invocations=7 (full 0):
 PSYoungGen      total 101568K, used 99536K [0x00000000e1560000, 0x00000000e80a0000, 0x0000000100000000)
  eden space 94208K, 100% used [0x00000000e1560000,0x00000000e7160000,0x00000000e7160000)
  from space 7360K, 72% used [0x00000000e7970000,0x00000000e7ea4010,0x00000000e80a0000)
  to   space 7808K, 0% used [0x00000000e7160000,0x00000000e7160000,0x00000000e7900000)
 ParOldGen       total 62784K, used 7295K [0x00000000a4000000, 0x00000000a7d50000, 0x00000000e1560000)
  object space 62784K, 11% used [0x00000000a4000000,0x00000000a471fc68,0x00000000a7d50000)
 PSPermGen       total 21248K, used 3569K [0x0000000099a00000, 0x000000009aec0000, 0x00000000a4000000)
  object space 21248K, 16% used [0x0000000099a00000,0x0000000099d7c6b8,0x000000009aec0000)
Event: 5.789 GC heap after
Heap after GC invocations=7 (full 0):
 PSYoungGen      total 102016K, used 1952K [0x00000000e1560000, 0x00000000edd80000, 0x0000000100000000)
  eden space 94208K, 0% used [0x00000000e1560000,0x00000000e1560000,0x00000000e7160000)
  from space 7808K, 25% used [0x00000000e7160000,0x00000000e7348000,0x00000000e7900000)
  to   space 8256K, 0% used [0x00000000ed570000,0x00000000ed570000,0x00000000edd80000)
 ParOldGen       total 62784K, used 10727K [0x00000000a4000000, 0x00000000a7d50000, 0x00000000e1560000)
  object space 62784K, 17% used [0x00000000a4000000,0x00000000a4a79cc8,0x00000000a7d50000)
 PSPermGen       total 21248K, used 3569K [0x0000000099a00000, 0x000000009aec0000, 0x00000000a4000000)
  object space 21248K, 16% used [0x0000000099a00000,0x0000000099d7c6b8,0x000000009aec0000)
}
Event: 6.419 GC heap before
{Heap before GC invocations=8 (full 0):
 PSYoungGen      total 102016K, used 96160K [0x00000000e1560000, 0x00000000edd80000, 0x0000000100000000)
  eden space 94208K, 100% used [0x00000000e1560000,0x00000000e7160000,0x00000000e7160000)
  from space 7808K, 25% used [0x00000000e7160000,0x00000000e7348000,0x00000000e7900000)
  to   space 8256K, 0% used [0x00000000ed570000,0x00000000ed570000,0x00000000edd80000)
 ParOldGen       total 62784K, used 10727K [0x00000000a4000000, 0x00000000a7d50000, 0x00000000e1560000)
  object space 62784K, 17% used [0x00000000a4000000,0x00000000a4a79cc8,0x00000000a7d50000)
 PSPermGen       total 21248K, used 3569K [0x0000000099a00000, 0x000000009aec0000, 0x00000000a4000000)
  object space 21248K, 16% used [0x0000000099a00000,0x0000000099d7c6b8,0x000000009aec0000)
Event: 6.420 GC heap after
Heap after GC invocations=8 (full 0):
 PSYoungGen      total 196160K, used 96K [0x00000000e1560000, 0x00000000ede80000, 0x0000000100000000)
  eden space 187904K, 0% used [0x00000000e1560000,0x00000000e1560000,0x00000000ecce0000)
  from space 8256K, 1% used [0x00000000ed570000,0x00000000ed588000,0x00000000edd80000)
  to   space 8768K, 0% used [0x00000000ecce0000,0x00000000ecce0000,0x00000000ed570000)
 ParOldGen       total 62784K, used 10767K [0x00000000a4000000, 0x00000000a7d50000, 0x00000000e1560000)
  object space 62784K, 17% used [0x00000000a4000000,0x00000000a4a83cc8,0x00000000a7d50000)
 PSPermGen       total 21248K, used 3569K [0x0000000099a00000, 0x000000009aec0000, 0x00000000a4000000)
  object space 21248K, 16% used [0x0000000099a00000,0x0000000099d7c6b8,0x000000009aec0000)
}
Event: 11.707 GC heap before
{Heap before GC invocations=9 (full 0):
 PSYoungGen      total 196160K, used 188000K [0x00000000e1560000, 0x00000000ede80000, 0x0000000100000000)
  eden space 187904K, 100% used [0x00000000e1560000,0x00000000ecce0000,0x00000000ecce0000)
  from space 8256K, 1% used [0x00000000ed570000,0x00000000ed588000,0x00000000edd80000)
  to   space 8768K, 0% used [0x00000000ecce0000,0x00000000ecce0000,0x00000000ed570000)
 ParOldGen       total 62784K, used 10767K [0x00000000a4000000, 0x00000000a7d50000, 0x00000000e1560000)
  object space 62784K, 17% used [0x00000000a4000000,0x00000000a4a83cc8,0x00000000a7d50000)
 PSPermGen       total 21248K, used 15327K [0x0000000099a00000, 0x000000009aec0000, 0x00000000a4000000)
  object space 21248K, 72% used [0x0000000099a00000,0x000000009a8f7d48,0x000000009aec0000)
Event: 11.720 GC heap after
Heap after GC invocations=9 (full 0):
 PSYoungGen      total 196672K, used 2144K [0x00000000e1560000, 0x00000000f4c00000, 0x0000000100000000)
  eden space 187904K, 0% used [0x00000000e1560000,0x00000000e1560000,0x00000000ecce0000)
  from space 8768K, 24% used [0x00000000ecce0000,0x00000000ecef8020,0x00000000ed570000)
  to   space 8704K, 0% used [0x00000000f4380000,0x00000000f4380000,0x00000000f4c00000)
 ParOldGen       total 62784K, used 10783K [0x00000000a4000000, 0x00000000a7d50000, 0x00000000e1560000)
  object space 62784K, 17% used [0x00000000a4000000,0x00000000a4a87cc8,0x00000000a7d50000)
 PSPermGen       total 21248K, used 15327K [0x0000000099a00000, 0x000000009aec0000, 0x00000000a4000000)
  object space 21248K, 72% used [0x0000000099a00000,0x000000009a8f7d48,0x000000009aec0000)
}
Event: 128.546 GC heap before
{Heap before GC invocations=10 (full 0):
 PSYoungGen      total 196672K, used 190048K [0x00000000e1560000, 0x00000000f4c00000, 0x0000000100000000)
  eden space 187904K, 100% used [0x00000000e1560000,0x00000000ecce0000,0x00000000ecce0000)
  from space 8768K, 24% used [0x00000000ecce0000,0x00000000ecef8020,0x00000000ed570000)
  to   space 8704K, 0% used [0x00000000f4380000,0x00000000f4380000,0x00000000f4c00000)
 ParOldGen       total 62784K, used 10783K [0x00000000a4000000, 0x00000000a7d50000, 0x00000000e1560000)
  object space 62784K, 17% used [0x00000000a4000000,0x00000000a4a87cc8,0x00000000a7d50000)
 PSPermGen       total 21248K, used 17349K [0x0000000099a00000, 0x000000009aec0000, 0x00000000a4000000)
  object space 21248K, 81% used [0x0000000099a00000,0x000000009aaf14a8,0x000000009aec0000)
Event: 128.560 GC heap after
Heap after GC invocations=10 (full 0):
 PSYoungGen      total 308736K, used 3240K [0x00000000e1560000, 0x00000000f4b60000, 0x0000000100000000)
  eden space 300672K, 0% used [0x00000000e1560000,0x00000000e1560000,0x00000000f3b00000)
  from space 8064K, 40% used [0x00000000f4380000,0x00000000f46aa3d8,0x00000000f4b60000)
  to   space 8384K, 0% used [0x00000000f3b00000,0x00000000f3b00000,0x00000000f4330000)
 ParOldGen       total 62784K, used 10799K [0x00000000a4000000, 0x00000000a7d50000, 0x00000000e1560000)
  object space 62784K, 17% used [0x00000000a4000000,0x00000000a4a8bcc8,0x00000000a7d50000)
 PSPermGen       total 21248K, used 17349K [0x0000000099a00000, 0x000000009aec0000, 0x00000000a4000000)
  object space 21248K, 81% used [0x0000000099a00000,0x000000009aaf14a8,0x000000009aec0000)
}

