# JRE version: 7.0_25-b30
# Java VM: OpenJDK 64-Bit Server VM (23.7-b01 mixed mode linux-amd64 compressed oops)
Heap
 PSYoungGen      total 308480K, used 67577K [0x00000000e1560000, 0x00000000f4b20000, 0x0000000100000000)
  eden space 300544K, 21% used [0x00000000e1560000,0x00000000e53391f0,0x00000000f3ae0000)
  from space 7936K, 53% used [0x00000000f4360000,0x00000000f47853a8,0x00000000f4b20000)
  to   space 8320K, 0% used [0x00000000f3ae0000,0x00000000f3ae0000,0x00000000f4300000)
 ParOldGen       total 62784K, used 10955K [0x00000000a4000000, 0x00000000a7d50000, 0x00000000e1560000)
  object space 62784K, 17% used [0x00000000a4000000,0x00000000a4ab2cb8,0x00000000a7d50000)
 PSPermGen       total 21248K, used 19354K [0x0000000099a00000, 0x000000009aec0000, 0x00000000a4000000)
  object space 21248K, 91% used [0x0000000099a00000,0x000000009ace6bc8,0x000000009aec0000)
GC Heap History (10 events):
Event: 3.665 GC heap before
{Heap before GC invocations=6 (full 0):
 PSYoungGen      total 51008K, used 50992K [0x00000000e1560000, 0x00000000e8180000, 0x0000000100000000)
  eden space 47104K, 100% used [0x00000000e1560000,0x00000000e4360000,0x00000000e4360000)
  from space 3904K, 99% used [0x00000000e4360000,0x00000000e472c010,0x00000000e4730000)
  to   space 8256K, 0% used [0x00000000e7970000,0x00000000e7970000,0x00000000e8180000)
 ParOldGen       total 62784K, used 7315K [0x00000000a4000000, 0x00000000a7d50000, 0x00000000e1560000)
  object space 62784K, 11% used [0x00000000a4000000,0x00000000a4724c58,0x00000000a7d50000)
 PSPermGen       total 21248K, used 3569K [0x0000000099a00000, 0x000000009aec0000, 0x00000000a4000000)
  object space 21248K, 16% used [0x0000000099a00000,0x0000000099d7c490,0x000000009aec0000)
Event: 3.711 GC heap after
Heap after GC invocations=6 (full 0):
 PSYoungGen      total 101696K, used 5472K [0x00000000e1560000, 0x00000000e80c0000, 0x0000000100000000)
  eden space 94208K, 0% used [0x00000000e1560000,0x00000000e1560000,0x00000000e7160000)
  from space 7488K, 73% used [0x00000000e7970000,0x00000000e7ec8000,0x00000000e80c0000)
  to   space 7872K, 0% used [0x00000000e7160000,0x00000000e7160000,0x00000000e7910000)
 ParOldGen       total 62784K, used 7315K [0x00000000a4000000, 0x00000000a7d50000, 0x00000000e1560000)
  object space 62784K, 11% used [0x00000000a4000000,0x00000000a4724c58,0x00000000a7d50000)
 PSPermGen       total 21248K, used 3569K [0x0000000099a00000, 0x000000009aec0000, 0x00000000a4000000)
  object space 21248K, 16% used [0x0000000099a00000,0x0000000099d7c490,0x000000009aec0000)
}
Event: 4.511 GC heap before
{Heap before GC invocations=7 (full 0):
 PSYoungGen      total 101696K, used 99680K [0x00000000e1560000, 0x00000000e80c0000, 0x0000000100000000)
  eden space 94208K, 100% used [0x00000000e1560000,0x00000000e7160000,0x00000000e7160000)
  from space 7488K, 73% used [0x00000000e7970000,0x00000000e7ec8000,0x00000000e80c0000)
  to   space 7872K, 0% used [0x00000000e7160000,0x00000000e7160000,0x00000000e7910000)
 ParOldGen       total 62784K, used 7315K [0x00000000a4000000, 0x00000000a7d50000, 0x00000000e1560000)
  object space 62784K, 11% used [0x00000000a4000000,0x00000000a4724c58,0x00000000a7d50000)
 PSPermGen       total 21248K, used 3569K [0x0000000099a00000, 0x000000009aec0000, 0x00000000a4000000)
  object space 21248K, 16% used [0x0000000099a00000,0x0000000099d7c490,0x000000009aec0000)
Event: 4.541 GC heap after
Heap after GC invocations=7 (full 0):
 PSYoungGen      total 102080K, used 1920K [0x00000000e1560000, 0x00000000edd80000, 0x0000000100000000)
  eden space 94208K, 0% used [0x00000000e1560000,0x00000000e1560000,0x00000000e7160000)
  from space 7872K, 24% used [0x00000000e7160000,0x00000000e7340000,0x00000000e7910000)
  to   space 8256K, 0% used [0x00000000ed570000,0x00000000ed570000,0x00000000edd80000)
 ParOldGen       total 62784K, used 10891K [0x00000000a4000000, 0x00000000a7d50000, 0x00000000e1560000)
  object space 62784K, 17% used [0x00000000a4000000,0x00000000a4aa2cb8,0x00000000a7d50000)
 PSPermGen       total 21248K, used 3569K [0x0000000099a00000, 0x000000009aec0000, 0x00000000a4000000)
  object space 21248K, 16% used [0x0000000099a00000,0x0000000099d7c490,0x000000009aec0000)
}
Event: 5.092 GC heap before
{Heap before GC invocations=8 (full 0):
 PSYoungGen      total 102080K, used 96128K [0x00000000e1560000, 0x00000000edd80000, 0x0000000100000000)
  eden space 94208K, 100% used [0x00000000e1560000,0x00000000e7160000,0x00000000e7160000)
  from space 7872K, 24% used [0x00000000e7160000,0x00000000e7340000,0x00000000e7910000)
  to   space 8256K, 0% used [0x00000000ed570000,0x00000000ed570000,0x00000000edd80000)
 ParOldGen       total 62784K, used 10891K [0x00000000a4000000, 0x00000000a7d50000, 0x00000000e1560000)
  object space 62784K, 17% used [0x00000000a4000000,0x00000000a4aa2cb8,0x00000000a7d50000)
 PSPermGen       total 21248K, used 3569K [0x0000000099a00000, 0x000000009aec0000, 0x00000000a4000000)
  object space 21248K, 16% used [0x0000000099a00000,0x0000000099d7c490,0x000000009aec0000)
Event: 5.093 GC heap after
Heap after GC invocations=8 (full 0):
 PSYoungGen      total 196096K, used 96K [0x00000000e1560000, 0x00000000edea0000, 0x0000000100000000)
  eden space 187840K, 0% used [0x00000000e1560000,0x00000000e1560000,0x00000000eccd0000)
  from space 8256K, 1% used [0x00000000ed570000,0x00000000ed588000,0x00000000edd80000)
  to   space 8832K, 0% used [0x00000000eccd0000,0x00000000eccd0000,0x00000000ed570000)
 ParOldGen       total 62784K, used 10907K [0x00000000a4000000, 0x00000000a7d50000, 0x00000000e1560000)
  object space 62784K, 17% used [0x00000000a4000000,0x00000000a4aa6cb8,0x00000000a7d50000)
 PSPermGen       total 21248K, used 3569K [0x0000000099a00000, 0x000000009aec0000, 0x00000000a4000000)
  object space 21248K, 16% used [0x0000000099a00000,0x0000000099d7c490,0x000000009aec0000)
}
Event: 14.142 GC heap before
{Heap before GC invocations=9 (full 0):
 PSYoungGen      total 196096K, used 187936K [0x00000000e1560000, 0x00000000edea0000, 0x0000000100000000)
  eden space 187840K, 100% used [0x00000000e1560000,0x00000000eccd0000,0x00000000eccd0000)
  from space 8256K, 1% used [0x00000000ed570000,0x00000000ed588000,0x00000000edd80000)
  to   space 8832K, 0% used [0x00000000eccd0000,0x00000000eccd0000,0x00000000ed570000)
 ParOldGen       total 62784K, used 10907K [0x00000000a4000000, 0x00000000a7d50000, 0x00000000e1560000)
  object space 62784K, 17% used [0x00000000a4000000,0x00000000a4aa6cb8,0x00000000a7d50000)
 PSPermGen       total 21248K, used 15433K [0x0000000099a00000, 0x000000009aec0000, 0x00000000a4000000)
  object space 21248K, 72% used [0x0000000099a00000,0x000000009a912528,0x000000009aec0000)
Event: 14.187 GC heap after
Heap after GC invocations=9 (full 0):
 PSYoungGen      total 196672K, used 2276K [0x00000000e1560000, 0x00000000f4be0000, 0x0000000100000000)
  eden space 187840K, 0% used [0x00000000e1560000,0x00000000e1560000,0x00000000eccd0000)
  from space 8832K, 25% used [0x00000000eccd0000,0x00000000ecf090a0,0x00000000ed570000)
  to   space 8704K, 0% used [0x00000000f4360000,0x00000000f4360000,0x00000000f4be0000)
 ParOldGen       total 62784K, used 10931K [0x00000000a4000000, 0x00000000a7d50000, 0x00000000e1560000)
  object space 62784K, 17% used [0x00000000a4000000,0x00000000a4aaccb8,0x00000000a7d50000)
 PSPermGen       total 21248K, used 15433K [0x0000000099a00000, 0x000000009aec0000, 0x00000000a4000000)
  object space 21248K, 72% used [0x0000000099a00000,0x000000009a912528,0x000000009aec0000)
}
Event: 118.497 GC heap before
{Heap before GC invocations=10 (full 0):
 PSYoungGen      total 196672K, used 190116K [0x00000000e1560000, 0x00000000f4be0000, 0x0000000100000000)
  eden space 187840K, 100% used [0x00000000e1560000,0x00000000eccd0000,0x00000000eccd0000)
  from space 8832K, 25% used [0x00000000eccd0000,0x00000000ecf090a0,0x00000000ed570000)
  to   space 8704K, 0% used [0x00000000f4360000,0x00000000f4360000,0x00000000f4be0000)
 ParOldGen       total 62784K, used 10931K [0x00000000a4000000, 0x00000000a7d50000, 0x00000000e1560000)
  object space 62784K, 17% used [0x00000000a4000000,0x00000000a4aaccb8,0x00000000a7d50000)
 PSPermGen       total 21248K, used 19336K [0x0000000099a00000, 0x000000009aec0000, 0x00000000a4000000)
  object space 21248K, 91% used [0x0000000099a00000,0x000000009ace2080,0x000000009aec0000)
Event: 118.519 GC heap after
Heap after GC invocations=10 (full 0):
 PSYoungGen      total 308480K, used 4244K [0x00000000e1560000, 0x00000000f4b20000, 0x0000000100000000)
  eden space 300544K, 0% used [0x00000000e1560000,0x00000000e1560000,0x00000000f3ae0000)
  from space 7936K, 53% used [0x00000000f4360000,0x00000000f47853a8,0x00000000f4b20000)
  to   space 8320K, 0% used [0x00000000f3ae0000,0x00000000f3ae0000,0x00000000f4300000)
 ParOldGen       total 62784K, used 10955K [0x00000000a4000000, 0x00000000a7d50000, 0x00000000e1560000)
  object space 62784K, 17% used [0x00000000a4000000,0x00000000a4ab2cb8,0x00000000a7d50000)
 PSPermGen       total 21248K, used 19336K [0x0000000099a00000, 0x000000009aec0000, 0x00000000a4000000)
  object space 21248K, 91% used [0x0000000099a00000,0x000000009ace2080,0x000000009aec0000)
}

