# JRE version: 7.0_25-b30
# Java VM: OpenJDK 64-Bit Server VM (23.7-b01 mixed mode linux-amd64 compressed oops)
Heap
 PSYoungGen      total 308416K, used 31700K [0x00000000e1560000, 0x00000000f4b00000, 0x0000000100000000)
  eden space 300544K, 9% used [0x00000000e1560000,0x00000000e3033f88,0x00000000f3ae0000)
  from space 7872K, 53% used [0x00000000f4350000,0x00000000f47710a0,0x00000000f4b00000)
  to   space 8256K, 0% used [0x00000000f3ae0000,0x00000000f3ae0000,0x00000000f42f0000)
 ParOldGen       total 62784K, used 10603K [0x00000000a4000000, 0x00000000a7d50000, 0x00000000e1560000)
  object space 62784K, 16% used [0x00000000a4000000,0x00000000a4a5acb8,0x00000000a7d50000)
 PSPermGen       total 21248K, used 19360K [0x0000000099a00000, 0x000000009aec0000, 0x00000000a4000000)
  object space 21248K, 91% used [0x0000000099a00000,0x000000009ace8188,0x000000009aec0000)
GC Heap History (10 events):
Event: 3.538 GC heap before
{Heap before GC invocations=6 (full 0):
 PSYoungGen      total 51008K, used 50992K [0x00000000e1560000, 0x00000000e8180000, 0x0000000100000000)
  eden space 47104K, 100% used [0x00000000e1560000,0x00000000e4360000,0x00000000e4360000)
  from space 3904K, 99% used [0x00000000e4360000,0x00000000e472c010,0x00000000e4730000)
  to   space 8256K, 0% used [0x00000000e7970000,0x00000000e7970000,0x00000000e8180000)
 ParOldGen       total 62784K, used 7067K [0x00000000a4000000, 0x00000000a7d50000, 0x00000000e1560000)
  object space 62784K, 11% used [0x00000000a4000000,0x00000000a46e6c68,0x00000000a7d50000)
 PSPermGen       total 21248K, used 3569K [0x0000000099a00000, 0x000000009aec0000, 0x00000000a4000000)
  object space 21248K, 16% used [0x0000000099a00000,0x0000000099d7c490,0x000000009aec0000)
Event: 3.568 GC heap after
Heap after GC invocations=6 (full 0):
 PSYoungGen      total 101568K, used 5360K [0x00000000e1560000, 0x00000000e80a0000, 0x0000000100000000)
  eden space 94208K, 0% used [0x00000000e1560000,0x00000000e1560000,0x00000000e7160000)
  from space 7360K, 72% used [0x00000000e7970000,0x00000000e7eac010,0x00000000e80a0000)
  to   space 7808K, 0% used [0x00000000e7160000,0x00000000e7160000,0x00000000e7900000)
 ParOldGen       total 62784K, used 7067K [0x00000000a4000000, 0x00000000a7d50000, 0x00000000e1560000)
  object space 62784K, 11% used [0x00000000a4000000,0x00000000a46e6c68,0x00000000a7d50000)
 PSPermGen       total 21248K, used 3569K [0x0000000099a00000, 0x000000009aec0000, 0x00000000a4000000)
  object space 21248K, 16% used [0x0000000099a00000,0x0000000099d7c490,0x000000009aec0000)
}
Event: 4.138 GC heap before
{Heap before GC invocations=7 (full 0):
 PSYoungGen      total 101568K, used 99568K [0x00000000e1560000, 0x00000000e80a0000, 0x0000000100000000)
  eden space 94208K, 100% used [0x00000000e1560000,0x00000000e7160000,0x00000000e7160000)
  from space 7360K, 72% used [0x00000000e7970000,0x00000000e7eac010,0x00000000e80a0000)
  to   space 7808K, 0% used [0x00000000e7160000,0x00000000e7160000,0x00000000e7900000)
 ParOldGen       total 62784K, used 7067K [0x00000000a4000000, 0x00000000a7d50000, 0x00000000e1560000)
  object space 62784K, 11% used [0x00000000a4000000,0x00000000a46e6c68,0x00000000a7d50000)
 PSPermGen       total 21248K, used 3569K [0x0000000099a00000, 0x000000009aec0000, 0x00000000a4000000)
  object space 21248K, 16% used [0x0000000099a00000,0x0000000099d7c490,0x000000009aec0000)
Event: 4.160 GC heap after
Heap after GC invocations=7 (full 0):
 PSYoungGen      total 102016K, used 1952K [0x00000000e1560000, 0x00000000edd60000, 0x0000000100000000)
  eden space 94208K, 0% used [0x00000000e1560000,0x00000000e1560000,0x00000000e7160000)
  from space 7808K, 25% used [0x00000000e7160000,0x00000000e7348000,0x00000000e7900000)
  to   space 8192K, 0% used [0x00000000ed560000,0x00000000ed560000,0x00000000edd60000)
 ParOldGen       total 62784K, used 10523K [0x00000000a4000000, 0x00000000a7d50000, 0x00000000e1560000)
  object space 62784K, 16% used [0x00000000a4000000,0x00000000a4a46cb8,0x00000000a7d50000)
 PSPermGen       total 21248K, used 3569K [0x0000000099a00000, 0x000000009aec0000, 0x00000000a4000000)
  object space 21248K, 16% used [0x0000000099a00000,0x0000000099d7c490,0x000000009aec0000)
}
Event: 4.689 GC heap before
{Heap before GC invocations=8 (full 0):
 PSYoungGen      total 102016K, used 96160K [0x00000000e1560000, 0x00000000edd60000, 0x0000000100000000)
  eden space 94208K, 100% used [0x00000000e1560000,0x00000000e7160000,0x00000000e7160000)
  from space 7808K, 25% used [0x00000000e7160000,0x00000000e7348000,0x00000000e7900000)
  to   space 8192K, 0% used [0x00000000ed560000,0x00000000ed560000,0x00000000edd60000)
 ParOldGen       total 62784K, used 10523K [0x00000000a4000000, 0x00000000a7d50000, 0x00000000e1560000)
  object space 62784K, 16% used [0x00000000a4000000,0x00000000a4a46cb8,0x00000000a7d50000)
 PSPermGen       total 21248K, used 3569K [0x0000000099a00000, 0x000000009aec0000, 0x00000000a4000000)
  object space 21248K, 16% used [0x0000000099a00000,0x0000000099d7c490,0x000000009aec0000)
Event: 4.693 GC heap after
Heap after GC invocations=8 (full 0):
 PSYoungGen      total 196032K, used 128K [0x00000000e1560000, 0x00000000ede80000, 0x0000000100000000)
  eden space 187840K, 0% used [0x00000000e1560000,0x00000000e1560000,0x00000000eccd0000)
  from space 8192K, 1% used [0x00000000ed560000,0x00000000ed580000,0x00000000edd60000)
  to   space 8768K, 0% used [0x00000000eccd0000,0x00000000eccd0000,0x00000000ed560000)
 ParOldGen       total 62784K, used 10555K [0x00000000a4000000, 0x00000000a7d50000, 0x00000000e1560000)
  object space 62784K, 16% used [0x00000000a4000000,0x00000000a4a4ecb8,0x00000000a7d50000)
 PSPermGen       total 21248K, used 3569K [0x0000000099a00000, 0x000000009aec0000, 0x00000000a4000000)
  object space 21248K, 16% used [0x0000000099a00000,0x0000000099d7c490,0x000000009aec0000)
}
Event: 9.756 GC heap before
{Heap before GC invocations=9 (full 0):
 PSYoungGen      total 196032K, used 187968K [0x00000000e1560000, 0x00000000ede80000, 0x0000000100000000)
  eden space 187840K, 100% used [0x00000000e1560000,0x00000000eccd0000,0x00000000eccd0000)
  from space 8192K, 1% used [0x00000000ed560000,0x00000000ed580000,0x00000000edd60000)
  to   space 8768K, 0% used [0x00000000eccd0000,0x00000000eccd0000,0x00000000ed560000)
 ParOldGen       total 62784K, used 10555K [0x00000000a4000000, 0x00000000a7d50000, 0x00000000e1560000)
  object space 62784K, 16% used [0x00000000a4000000,0x00000000a4a4ecb8,0x00000000a7d50000)
 PSPermGen       total 21248K, used 15325K [0x0000000099a00000, 0x000000009aec0000, 0x00000000a4000000)
  object space 21248K, 72% used [0x0000000099a00000,0x000000009a8f7410,0x000000009aec0000)
Event: 9.766 GC heap after
Heap after GC invocations=9 (full 0):
 PSYoungGen      total 196608K, used 2162K [0x00000000e1560000, 0x00000000f4bc0000, 0x0000000100000000)
  eden space 187840K, 0% used [0x00000000e1560000,0x00000000e1560000,0x00000000eccd0000)
  from space 8768K, 24% used [0x00000000eccd0000,0x00000000eceec880,0x00000000ed560000)
  to   space 8640K, 0% used [0x00000000f4350000,0x00000000f4350000,0x00000000f4bc0000)
 ParOldGen       total 62784K, used 10579K [0x00000000a4000000, 0x00000000a7d50000, 0x00000000e1560000)
  object space 62784K, 16% used [0x00000000a4000000,0x00000000a4a54cb8,0x00000000a7d50000)
 PSPermGen       total 21248K, used 15325K [0x0000000099a00000, 0x000000009aec0000, 0x00000000a4000000)
  object space 21248K, 72% used [0x0000000099a00000,0x000000009a8f7410,0x000000009aec0000)
}
Event: 159.740 GC heap before
{Heap before GC invocations=10 (full 0):
 PSYoungGen      total 196608K, used 190002K [0x00000000e1560000, 0x00000000f4bc0000, 0x0000000100000000)
  eden space 187840K, 100% used [0x00000000e1560000,0x00000000eccd0000,0x00000000eccd0000)
  from space 8768K, 24% used [0x00000000eccd0000,0x00000000eceec880,0x00000000ed560000)
  to   space 8640K, 0% used [0x00000000f4350000,0x00000000f4350000,0x00000000f4bc0000)
 ParOldGen       total 62784K, used 10579K [0x00000000a4000000, 0x00000000a7d50000, 0x00000000e1560000)
  object space 62784K, 16% used [0x00000000a4000000,0x00000000a4a54cb8,0x00000000a7d50000)
 PSPermGen       total 21248K, used 19347K [0x0000000099a00000, 0x000000009aec0000, 0x00000000a4000000)
  object space 21248K, 91% used [0x0000000099a00000,0x000000009ace4c58,0x000000009aec0000)
Event: 159.759 GC heap after
Heap after GC invocations=10 (full 0):
 PSYoungGen      total 308416K, used 4228K [0x00000000e1560000, 0x00000000f4b00000, 0x0000000100000000)
  eden space 300544K, 0% used [0x00000000e1560000,0x00000000e1560000,0x00000000f3ae0000)
  from space 7872K, 53% used [0x00000000f4350000,0x00000000f47710a0,0x00000000f4b00000)
  to   space 8256K, 0% used [0x00000000f3ae0000,0x00000000f3ae0000,0x00000000f42f0000)
 ParOldGen       total 62784K, used 10603K [0x00000000a4000000, 0x00000000a7d50000, 0x00000000e1560000)
  object space 62784K, 16% used [0x00000000a4000000,0x00000000a4a5acb8,0x00000000a7d50000)
 PSPermGen       total 21248K, used 19347K [0x0000000099a00000, 0x000000009aec0000, 0x00000000a4000000)
  object space 21248K, 91% used [0x0000000099a00000,0x000000009ace4c58,0x000000009aec0000)
}

