# JRE version: 7.0_25-b30
# Java VM: OpenJDK 64-Bit Server VM (23.7-b01 mixed mode linux-amd64 compressed oops)
Heap
 PSYoungGen      total 385216K, used 125199K [0x00000000e1560000, 0x0000000100000000, 0x0000000100000000)
  eden space 376832K, 32% used [0x00000000e1560000,0x00000000e8cb2330,0x00000000f8560000)
  from space 8384K, 35% used [0x00000000f8560000,0x00000000f8851bc8,0x00000000f8d90000)
  to   space 8320K, 0% used [0x00000000ff7e0000,0x00000000ff7e0000,0x0000000100000000)
 ParOldGen       total 62784K, used 12023K [0x00000000a4000000, 0x00000000a7d50000, 0x00000000e1560000)
  object space 62784K, 19% used [0x00000000a4000000,0x00000000a4bbdcc8,0x00000000a7d50000)
 PSPermGen       total 21248K, used 19573K [0x0000000099a00000, 0x000000009aec0000, 0x00000000a4000000)
  object space 21248K, 92% used [0x0000000099a00000,0x000000009ad1d700,0x000000009aec0000)
GC Heap History (10 events):
Event: 4.130 GC heap before
{Heap before GC invocations=5 (full 0):
 PSYoungGen      total 98112K, used 98112K [0x00000000e1560000, 0x00000000e7900000, 0x0000000100000000)
  eden space 94208K, 100% used [0x00000000e1560000,0x00000000e7160000,0x00000000e7160000)
  from space 3904K, 100% used [0x00000000e7530000,0x00000000e7900000,0x00000000e7900000)
  to   space 3904K, 0% used [0x00000000e7160000,0x00000000e7160000,0x00000000e7530000)
 ParOldGen       total 62784K, used 7547K [0x00000000a4000000, 0x00000000a7d50000, 0x00000000e1560000)
  object space 62784K, 12% used [0x00000000a4000000,0x00000000a475ec58,0x00000000a7d50000)
 PSPermGen       total 21248K, used 3568K [0x0000000099a00000, 0x000000009aec0000, 0x00000000a4000000)
  object space 21248K, 16% used [0x0000000099a00000,0x0000000099d7c2f8,0x000000009aec0000)
Event: 4.182 GC heap after
Heap after GC invocations=5 (full 0):
 PSYoungGen      total 98112K, used 3888K [0x00000000e1560000, 0x00000000edde0000, 0x0000000100000000)
  eden space 94208K, 0% used [0x00000000e1560000,0x00000000e1560000,0x00000000e7160000)
  from space 3904K, 99% used [0x00000000e7160000,0x00000000e752c010,0x00000000e7530000)
  to   space 8448K, 0% used [0x00000000ed5a0000,0x00000000ed5a0000,0x00000000edde0000)
 ParOldGen       total 62784K, used 8275K [0x00000000a4000000, 0x00000000a7d50000, 0x00000000e1560000)
  object space 62784K, 13% used [0x00000000a4000000,0x00000000a4814c58,0x00000000a7d50000)
 PSPermGen       total 21248K, used 3568K [0x0000000099a00000, 0x000000009aec0000, 0x00000000a4000000)
  object space 21248K, 16% used [0x0000000099a00000,0x0000000099d7c2f8,0x000000009aec0000)
}
Event: 4.941 GC heap before
{Heap before GC invocations=6 (full 0):
 PSYoungGen      total 98112K, used 98096K [0x00000000e1560000, 0x00000000edde0000, 0x0000000100000000)
  eden space 94208K, 100% used [0x00000000e1560000,0x00000000e7160000,0x00000000e7160000)
  from space 3904K, 99% used [0x00000000e7160000,0x00000000e752c010,0x00000000e7530000)
  to   space 8448K, 0% used [0x00000000ed5a0000,0x00000000ed5a0000,0x00000000edde0000)
 ParOldGen       total 62784K, used 8275K [0x00000000a4000000, 0x00000000a7d50000, 0x00000000e1560000)
  object space 62784K, 13% used [0x00000000a4000000,0x00000000a4814c58,0x00000000a7d50000)
 PSPermGen       total 21248K, used 3568K [0x0000000099a00000, 0x000000009aec0000, 0x00000000a4000000)
  object space 21248K, 16% used [0x0000000099a00000,0x0000000099d7c2f8,0x000000009aec0000)
Event: 4.967 GC heap after
Heap after GC invocations=6 (full 0):
 PSYoungGen      total 196352K, used 4752K [0x00000000e1560000, 0x00000000edd60000, 0x0000000100000000)
  eden space 188416K, 0% used [0x00000000e1560000,0x00000000e1560000,0x00000000ecd60000)
  from space 7936K, 59% used [0x00000000ed5a0000,0x00000000eda44010,0x00000000edd60000)
  to   space 8192K, 0% used [0x00000000ecd60000,0x00000000ecd60000,0x00000000ed560000)
 ParOldGen       total 62784K, used 8275K [0x00000000a4000000, 0x00000000a7d50000, 0x00000000e1560000)
  object space 62784K, 13% used [0x00000000a4000000,0x00000000a4814c58,0x00000000a7d50000)
 PSPermGen       total 21248K, used 3568K [0x0000000099a00000, 0x000000009aec0000, 0x00000000a4000000)
  object space 21248K, 16% used [0x0000000099a00000,0x0000000099d7c2f8,0x000000009aec0000)
}
Event: 6.134 GC heap before
{Heap before GC invocations=7 (full 0):
 PSYoungGen      total 196352K, used 193168K [0x00000000e1560000, 0x00000000edd60000, 0x0000000100000000)
  eden space 188416K, 100% used [0x00000000e1560000,0x00000000ecd60000,0x00000000ecd60000)
  from space 7936K, 59% used [0x00000000ed5a0000,0x00000000eda44010,0x00000000edd60000)
  to   space 8192K, 0% used [0x00000000ecd60000,0x00000000ecd60000,0x00000000ed560000)
 ParOldGen       total 62784K, used 8275K [0x00000000a4000000, 0x00000000a7d50000, 0x00000000e1560000)
  object space 62784K, 13% used [0x00000000a4000000,0x00000000a4814c58,0x00000000a7d50000)
 PSPermGen       total 21248K, used 3568K [0x0000000099a00000, 0x000000009aec0000, 0x00000000a4000000)
  object space 21248K, 16% used [0x0000000099a00000,0x0000000099d7c2f8,0x000000009aec0000)
Event: 6.158 GC heap after
Heap after GC invocations=7 (full 0):
 PSYoungGen      total 196608K, used 1216K [0x00000000e1560000, 0x00000000f9660000, 0x0000000100000000)
  eden space 188416K, 0% used [0x00000000e1560000,0x00000000e1560000,0x00000000ecd60000)
  from space 8192K, 14% used [0x00000000ecd60000,0x00000000ece90000,0x00000000ed560000)
  to   space 8704K, 0% used [0x00000000f8de0000,0x00000000f8de0000,0x00000000f9660000)
 ParOldGen       total 62784K, used 11943K [0x00000000a4000000, 0x00000000a7d50000, 0x00000000e1560000)
  object space 62784K, 19% used [0x00000000a4000000,0x00000000a4ba9cc8,0x00000000a7d50000)
 PSPermGen       total 21248K, used 3568K [0x0000000099a00000, 0x000000009aec0000, 0x00000000a4000000)
  object space 21248K, 16% used [0x0000000099a00000,0x0000000099d7c2f8,0x000000009aec0000)
}
Event: 105.351 GC heap before
{Heap before GC invocations=8 (full 0):
 PSYoungGen      total 196608K, used 189632K [0x00000000e1560000, 0x00000000f9660000, 0x0000000100000000)
  eden space 188416K, 100% used [0x00000000e1560000,0x00000000ecd60000,0x00000000ecd60000)
  from space 8192K, 14% used [0x00000000ecd60000,0x00000000ece90000,0x00000000ed560000)
  to   space 8704K, 0% used [0x00000000f8de0000,0x00000000f8de0000,0x00000000f9660000)
 ParOldGen       total 62784K, used 11943K [0x00000000a4000000, 0x00000000a7d50000, 0x00000000e1560000)
  object space 62784K, 19% used [0x00000000a4000000,0x00000000a4ba9cc8,0x00000000a7d50000)
 PSPermGen       total 21248K, used 19018K [0x0000000099a00000, 0x000000009aec0000, 0x00000000a4000000)
  object space 21248K, 89% used [0x0000000099a00000,0x000000009ac92868,0x000000009aec0000)
Event: 105.372 GC heap after
Heap after GC invocations=8 (full 0):
 PSYoungGen      total 384896K, used 4248K [0x00000000e1560000, 0x00000000f95c0000, 0x0000000100000000)
  eden space 376832K, 0% used [0x00000000e1560000,0x00000000e1560000,0x00000000f8560000)
  from space 8064K, 52% used [0x00000000f8de0000,0x00000000f92063c8,0x00000000f95c0000)
  to   space 8384K, 0% used [0x00000000f8560000,0x00000000f8560000,0x00000000f8d90000)
 ParOldGen       total 62784K, used 11967K [0x00000000a4000000, 0x00000000a7d50000, 0x00000000e1560000)
  object space 62784K, 19% used [0x00000000a4000000,0x00000000a4bafcc8,0x00000000a7d50000)
 PSPermGen       total 21248K, used 19018K [0x0000000099a00000, 0x000000009aec0000, 0x00000000a4000000)
  object space 21248K, 89% used [0x0000000099a00000,0x000000009ac92868,0x000000009aec0000)
}
Event: 1256.328 GC heap before
{Heap before GC invocations=9 (full 0):
 PSYoungGen      total 384896K, used 381080K [0x00000000e1560000, 0x00000000f95c0000, 0x0000000100000000)
  eden space 376832K, 100% used [0x00000000e1560000,0x00000000f8560000,0x00000000f8560000)
  from space 8064K, 52% used [0x00000000f8de0000,0x00000000f92063c8,0x00000000f95c0000)
  to   space 8384K, 0% used [0x00000000f8560000,0x00000000f8560000,0x00000000f8d90000)
 ParOldGen       total 62784K, used 11967K [0x00000000a4000000, 0x00000000a7d50000, 0x00000000e1560000)
  object space 62784K, 19% used [0x00000000a4000000,0x00000000a4bafcc8,0x00000000a7d50000)
 PSPermGen       total 21248K, used 19572K [0x0000000099a00000, 0x000000009aec0000, 0x00000000a4000000)
  object space 21248K, 92% used [0x0000000099a00000,0x000000009ad1d1e8,0x000000009aec0000)
Event: 1256.336 GC heap after
Heap after GC invocations=9 (full 0):
 PSYoungGen      total 385216K, used 3014K [0x00000000e1560000, 0x0000000100000000, 0x0000000100000000)
  eden space 376832K, 0% used [0x00000000e1560000,0x00000000e1560000,0x00000000f8560000)
  from space 8384K, 35% used [0x00000000f8560000,0x00000000f8851bc8,0x00000000f8d90000)
  to   space 8320K, 0% used [0x00000000ff7e0000,0x00000000ff7e0000,0x0000000100000000)
 ParOldGen       total 62784K, used 12023K [0x00000000a4000000, 0x00000000a7d50000, 0x00000000e1560000)
  object space 62784K, 19% used [0x00000000a4000000,0x00000000a4bbdcc8,0x00000000a7d50000)
 PSPermGen       total 21248K, used 19572K [0x0000000099a00000, 0x000000009aec0000, 0x00000000a4000000)
  object space 21248K, 92% used [0x0000000099a00000,0x000000009ad1d1e8,0x000000009aec0000)
}

