# JRE version: 7.0_25-b30
# Java VM: OpenJDK 64-Bit Server VM (23.7-b01 mixed mode linux-amd64 compressed oops)
Heap
 PSYoungGen      total 36928K, used 35026K [0x00000007d6c00000, 0x00000007d9530000, 0x0000000800000000)
  eden space 31680K, 98% used [0x00000007d6c00000,0x00000007d8a85520,0x00000007d8af0000)
  from space 5248K, 71% used [0x00000007d9010000,0x00000007d93bf370,0x00000007d9530000)
  to   space 5248K, 0% used [0x00000007d8af0000,0x00000007d8af0000,0x00000007d9010000)
 ParOldGen       total 84480K, used 32K [0x0000000784400000, 0x0000000789680000, 0x00000007d6c00000)
  object space 84480K, 0% used [0x0000000784400000,0x0000000784408000,0x0000000789680000)
 PSPermGen       total 21248K, used 11545K [0x0000000779e00000, 0x000000077b2c0000, 0x0000000784400000)
  object space 21248K, 54% used [0x0000000779e00000,0x000000077a946698,0x000000077b2c0000)
GC Heap History (8 events):
Event: 69.905 GC heap before
{Heap before GC invocations=1 (full 0):
 PSYoungGen      total 36928K, used 31680K [0x00000007d6c00000, 0x00000007d9530000, 0x0000000800000000)
  eden space 31680K, 100% used [0x00000007d6c00000,0x00000007d8af0000,0x00000007d8af0000)
  from space 5248K, 0% used [0x00000007d9010000,0x00000007d9010000,0x00000007d9530000)
  to   space 5248K, 0% used [0x00000007d8af0000,0x00000007d8af0000,0x00000007d9010000)
 ParOldGen       total 84480K, used 0K [0x0000000784400000, 0x0000000789680000, 0x00000007d6c00000)
  object space 84480K, 0% used [0x0000000784400000,0x0000000784400000,0x0000000789680000)
 PSPermGen       total 21248K, used 10815K [0x0000000779e00000, 0x000000077b2c0000, 0x0000000784400000)
  object space 21248K, 50% used [0x0000000779e00000,0x000000077a88fcc8,0x000000077b2c0000)
Event: 69.911 GC heap after
Heap after GC invocations=1 (full 0):
 PSYoungGen      total 36928K, used 5111K [0x00000007d6c00000, 0x00000007d9530000, 0x0000000800000000)
  eden space 31680K, 0% used [0x00000007d6c00000,0x00000007d6c00000,0x00000007d8af0000)
  from space 5248K, 97% used [0x00000007d8af0000,0x00000007d8fedfb0,0x00000007d9010000)
  to   space 5248K, 0% used [0x00000007d9010000,0x00000007d9010000,0x00000007d9530000)
 ParOldGen       total 84480K, used 8K [0x0000000784400000, 0x0000000789680000, 0x00000007d6c00000)
  object space 84480K, 0% used [0x0000000784400000,0x0000000784402000,0x0000000789680000)
 PSPermGen       total 21248K, used 10815K [0x0000000779e00000, 0x000000077b2c0000, 0x0000000784400000)
  object space 21248K, 50% used [0x0000000779e00000,0x000000077a88fcc8,0x000000077b2c0000)
}
Event: 83.963 GC heap before
{Heap before GC invocations=2 (full 0):
 PSYoungGen      total 36928K, used 36791K [0x00000007d6c00000, 0x00000007d9530000, 0x0000000800000000)
  eden space 31680K, 100% used [0x00000007d6c00000,0x00000007d8af0000,0x00000007d8af0000)
  from space 5248K, 97% used [0x00000007d8af0000,0x00000007d8fedfb0,0x00000007d9010000)
  to   space 5248K, 0% used [0x00000007d9010000,0x00000007d9010000,0x00000007d9530000)
 ParOldGen       total 84480K, used 8K [0x0000000784400000, 0x0000000789680000, 0x00000007d6c00000)
  object space 84480K, 0% used [0x0000000784400000,0x0000000784402000,0x0000000789680000)
 PSPermGen       total 21248K, used 10849K [0x0000000779e00000, 0x000000077b2c0000, 0x0000000784400000)
  object space 21248K, 51% used [0x0000000779e00000,0x000000077a898780,0x000000077b2c0000)
Event: 83.970 GC heap after
Heap after GC invocations=2 (full 0):
 PSYoungGen      total 36928K, used 2658K [0x00000007d6c00000, 0x00000007d9530000, 0x0000000800000000)
  eden space 31680K, 0% used [0x00000007d6c00000,0x00000007d6c00000,0x00000007d8af0000)
  from space 5248K, 50% used [0x00000007d9010000,0x00000007d92a8ba8,0x00000007d9530000)
  to   space 5248K, 0% used [0x00000007d8af0000,0x00000007d8af0000,0x00000007d9010000)
 ParOldGen       total 84480K, used 16K [0x0000000784400000, 0x0000000789680000, 0x00000007d6c00000)
  object space 84480K, 0% used [0x0000000784400000,0x0000000784404000,0x0000000789680000)
 PSPermGen       total 21248K, used 10849K [0x0000000779e00000, 0x000000077b2c0000, 0x0000000784400000)
  object space 21248K, 51% used [0x0000000779e00000,0x000000077a898780,0x000000077b2c0000)
}
Event: 3733.568 GC heap before
{Heap before GC invocations=3 (full 0):
 PSYoungGen      total 36928K, used 34338K [0x00000007d6c00000, 0x00000007d9530000, 0x0000000800000000)
  eden space 31680K, 100% used [0x00000007d6c00000,0x00000007d8af0000,0x00000007d8af0000)
  from space 5248K, 50% used [0x00000007d9010000,0x00000007d92a8ba8,0x00000007d9530000)
  to   space 5248K, 0% used [0x00000007d8af0000,0x00000007d8af0000,0x00000007d9010000)
 ParOldGen       total 84480K, used 16K [0x0000000784400000, 0x0000000789680000, 0x00000007d6c00000)
  object space 84480K, 0% used [0x0000000784400000,0x0000000784404000,0x0000000789680000)
 PSPermGen       total 21248K, used 10961K [0x0000000779e00000, 0x000000077b2c0000, 0x0000000784400000)
  object space 21248K, 51% used [0x0000000779e00000,0x000000077a8b4530,0x000000077b2c0000)
Event: 3733.571 GC heap after
Heap after GC invocations=3 (full 0):
 PSYoungGen      total 36928K, used 2972K [0x00000007d6c00000, 0x00000007d9530000, 0x0000000800000000)
  eden space 31680K, 0% used [0x00000007d6c00000,0x00000007d6c00000,0x00000007d8af0000)
  from space 5248K, 56% used [0x00000007d8af0000,0x00000007d8dd7140,0x00000007d9010000)
  to   space 5248K, 0% used [0x00000007d9010000,0x00000007d9010000,0x00000007d9530000)
 ParOldGen       total 84480K, used 24K [0x0000000784400000, 0x0000000789680000, 0x00000007d6c00000)
  object space 84480K, 0% used [0x0000000784400000,0x0000000784406000,0x0000000789680000)
 PSPermGen       total 21248K, used 10961K [0x0000000779e00000, 0x000000077b2c0000, 0x0000000784400000)
  object space 21248K, 51% used [0x0000000779e00000,0x000000077a8b4530,0x000000077b2c0000)
}
Event: 6168.113 GC heap before
{Heap before GC invocations=4 (full 0):
 PSYoungGen      total 36928K, used 34652K [0x00000007d6c00000, 0x00000007d9530000, 0x0000000800000000)
  eden space 31680K, 100% used [0x00000007d6c00000,0x00000007d8af0000,0x00000007d8af0000)
  from space 5248K, 56% used [0x00000007d8af0000,0x00000007d8dd7140,0x00000007d9010000)
  to   space 5248K, 0% used [0x00000007d9010000,0x00000007d9010000,0x00000007d9530000)
 ParOldGen       total 84480K, used 24K [0x0000000784400000, 0x0000000789680000, 0x00000007d6c00000)
  object space 84480K, 0% used [0x0000000784400000,0x0000000784406000,0x0000000789680000)
 PSPermGen       total 21248K, used 11103K [0x0000000779e00000, 0x000000077b2c0000, 0x0000000784400000)
  object space 21248K, 52% used [0x0000000779e00000,0x000000077a8d7fc0,0x000000077b2c0000)
Event: 6168.116 GC heap after
Heap after GC invocations=4 (full 0):
 PSYoungGen      total 36928K, used 3772K [0x00000007d6c00000, 0x00000007d9530000, 0x0000000800000000)
  eden space 31680K, 0% used [0x00000007d6c00000,0x00000007d6c00000,0x00000007d8af0000)
  from space 5248K, 71% used [0x00000007d9010000,0x00000007d93bf370,0x00000007d9530000)
  to   space 5248K, 0% used [0x00000007d8af0000,0x00000007d8af0000,0x00000007d9010000)
 ParOldGen       total 84480K, used 32K [0x0000000784400000, 0x0000000789680000, 0x00000007d6c00000)
  object space 84480K, 0% used [0x0000000784400000,0x0000000784408000,0x0000000789680000)
 PSPermGen       total 21248K, used 11103K [0x0000000779e00000, 0x000000077b2c0000, 0x0000000784400000)
  object space 21248K, 52% used [0x0000000779e00000,0x000000077a8d7fc0,0x000000077b2c0000)
}

