# JRE version: 7.0_25-b30
# Java VM: OpenJDK 64-Bit Server VM (23.7-b01 mixed mode linux-amd64 compressed oops)
Heap
 PSYoungGen      total 308416K, used 23043K [0x00000000e1560000, 0x00000000f4b00000, 0x0000000100000000)
  eden space 300672K, 6% used [0x00000000e1560000,0x00000000e2834450,0x00000000f3b00000)
  from space 7744K, 48% used [0x00000000f4370000,0x00000000f471c860,0x00000000f4b00000)
  to   space 8192K, 0% used [0x00000000f3b00000,0x00000000f3b00000,0x00000000f4300000)
 ParOldGen       total 62784K, used 10271K [0x00000000a4000000, 0x00000000a7d50000, 0x00000000e1560000)
  object space 62784K, 16% used [0x00000000a4000000,0x00000000a4a07cc8,0x00000000a7d50000)
 PSPermGen       total 21248K, used 19349K [0x0000000099a00000, 0x000000009aec0000, 0x00000000a4000000)
  object space 21248K, 91% used [0x0000000099a00000,0x000000009ace54d0,0x000000009aec0000)
GC Heap History (10 events):
Event: 3.435 GC heap before
{Heap before GC invocations=6 (full 0):
 PSYoungGen      total 51008K, used 51008K [0x00000000e1560000, 0x00000000e81a0000, 0x0000000100000000)
  eden space 47104K, 100% used [0x00000000e1560000,0x00000000e4360000,0x00000000e4360000)
  from space 3904K, 100% used [0x00000000e4360000,0x00000000e4730000,0x00000000e4730000)
  to   space 8320K, 0% used [0x00000000e7980000,0x00000000e7980000,0x00000000e81a0000)
 ParOldGen       total 62784K, used 6827K [0x00000000a4000000, 0x00000000a7d50000, 0x00000000e1560000)
  object space 62784K, 10% used [0x00000000a4000000,0x00000000a46aac58,0x00000000a7d50000)
 PSPermGen       total 21248K, used 3569K [0x0000000099a00000, 0x000000009aec0000, 0x00000000a4000000)
  object space 21248K, 16% used [0x0000000099a00000,0x0000000099d7c6b8,0x000000009aec0000)
Event: 3.491 GC heap after
Heap after GC invocations=6 (full 0):
 PSYoungGen      total 101632K, used 5264K [0x00000000e1560000, 0x00000000e80c0000, 0x0000000100000000)
  eden space 94208K, 0% used [0x00000000e1560000,0x00000000e1560000,0x00000000e7160000)
  from space 7424K, 70% used [0x00000000e7980000,0x00000000e7ea4010,0x00000000e80c0000)
  to   space 7872K, 0% used [0x00000000e7160000,0x00000000e7160000,0x00000000e7910000)
 ParOldGen       total 62784K, used 6827K [0x00000000a4000000, 0x00000000a7d50000, 0x00000000e1560000)
  object space 62784K, 10% used [0x00000000a4000000,0x00000000a46aac58,0x00000000a7d50000)
 PSPermGen       total 21248K, used 3569K [0x0000000099a00000, 0x000000009aec0000, 0x00000000a4000000)
  object space 21248K, 16% used [0x0000000099a00000,0x0000000099d7c6b8,0x000000009aec0000)
}
Event: 4.312 GC heap before
{Heap before GC invocations=7 (full 0):
 PSYoungGen      total 101632K, used 99472K [0x00000000e1560000, 0x00000000e80c0000, 0x0000000100000000)
  eden space 94208K, 100% used [0x00000000e1560000,0x00000000e7160000,0x00000000e7160000)
  from space 7424K, 70% used [0x00000000e7980000,0x00000000e7ea4010,0x00000000e80c0000)
  to   space 7872K, 0% used [0x00000000e7160000,0x00000000e7160000,0x00000000e7910000)
 ParOldGen       total 62784K, used 6827K [0x00000000a4000000, 0x00000000a7d50000, 0x00000000e1560000)
  object space 62784K, 10% used [0x00000000a4000000,0x00000000a46aac58,0x00000000a7d50000)
 PSPermGen       total 21248K, used 3569K [0x0000000099a00000, 0x000000009aec0000, 0x00000000a4000000)
  object space 21248K, 16% used [0x0000000099a00000,0x0000000099d7c6b8,0x000000009aec0000)
Event: 4.339 GC heap after
Heap after GC invocations=7 (full 0):
 PSYoungGen      total 102080K, used 1984K [0x00000000e1560000, 0x00000000edd60000, 0x0000000100000000)
  eden space 94208K, 0% used [0x00000000e1560000,0x00000000e1560000,0x00000000e7160000)
  from space 7872K, 25% used [0x00000000e7160000,0x00000000e7350000,0x00000000e7910000)
  to   space 8192K, 0% used [0x00000000ed560000,0x00000000ed560000,0x00000000edd60000)
 ParOldGen       total 62784K, used 10159K [0x00000000a4000000, 0x00000000a7d50000, 0x00000000e1560000)
  object space 62784K, 16% used [0x00000000a4000000,0x00000000a49ebcc8,0x00000000a7d50000)
 PSPermGen       total 21248K, used 3569K [0x0000000099a00000, 0x000000009aec0000, 0x00000000a4000000)
  object space 21248K, 16% used [0x0000000099a00000,0x0000000099d7c6b8,0x000000009aec0000)
}
Event: 4.827 GC heap before
{Heap before GC invocations=8 (full 0):
 PSYoungGen      total 102080K, used 96192K [0x00000000e1560000, 0x00000000edd60000, 0x0000000100000000)
  eden space 94208K, 100% used [0x00000000e1560000,0x00000000e7160000,0x00000000e7160000)
  from space 7872K, 25% used [0x00000000e7160000,0x00000000e7350000,0x00000000e7910000)
  to   space 8192K, 0% used [0x00000000ed560000,0x00000000ed560000,0x00000000edd60000)
 ParOldGen       total 62784K, used 10159K [0x00000000a4000000, 0x00000000a7d50000, 0x00000000e1560000)
  object space 62784K, 16% used [0x00000000a4000000,0x00000000a49ebcc8,0x00000000a7d50000)
 PSPermGen       total 21248K, used 3569K [0x0000000099a00000, 0x000000009aec0000, 0x00000000a4000000)
  object space 21248K, 16% used [0x0000000099a00000,0x0000000099d7c6b8,0x000000009aec0000)
Event: 4.836 GC heap after
Heap after GC invocations=8 (full 0):
 PSYoungGen      total 196096K, used 160K [0x00000000e1560000, 0x00000000ede60000, 0x0000000100000000)
  eden space 187904K, 0% used [0x00000000e1560000,0x00000000e1560000,0x00000000ecce0000)
  from space 8192K, 1% used [0x00000000ed560000,0x00000000ed588000,0x00000000edd60000)
  to   space 8704K, 0% used [0x00000000ecce0000,0x00000000ecce0000,0x00000000ed560000)
 ParOldGen       total 62784K, used 10183K [0x00000000a4000000, 0x00000000a7d50000, 0x00000000e1560000)
  object space 62784K, 16% used [0x00000000a4000000,0x00000000a49f1cc8,0x00000000a7d50000)
 PSPermGen       total 21248K, used 3569K [0x0000000099a00000, 0x000000009aec0000, 0x00000000a4000000)
  object space 21248K, 16% used [0x0000000099a00000,0x0000000099d7c6b8,0x000000009aec0000)
}
Event: 10.948 GC heap before
{Heap before GC invocations=9 (full 0):
 PSYoungGen      total 196096K, used 188064K [0x00000000e1560000, 0x00000000ede60000, 0x0000000100000000)
  eden space 187904K, 100% used [0x00000000e1560000,0x00000000ecce0000,0x00000000ecce0000)
  from space 8192K, 1% used [0x00000000ed560000,0x00000000ed588000,0x00000000edd60000)
  to   space 8704K, 0% used [0x00000000ecce0000,0x00000000ecce0000,0x00000000ed560000)
 ParOldGen       total 62784K, used 10183K [0x00000000a4000000, 0x00000000a7d50000, 0x00000000e1560000)
  object space 62784K, 16% used [0x00000000a4000000,0x00000000a49f1cc8,0x00000000a7d50000)
 PSPermGen       total 21248K, used 15327K [0x0000000099a00000, 0x000000009aec0000, 0x00000000a4000000)
  object space 21248K, 72% used [0x0000000099a00000,0x000000009a8f7df8,0x000000009aec0000)
Event: 10.958 GC heap after
Heap after GC invocations=9 (full 0):
 PSYoungGen      total 196608K, used 2130K [0x00000000e1560000, 0x00000000f4be0000, 0x0000000100000000)
  eden space 187904K, 0% used [0x00000000e1560000,0x00000000e1560000,0x00000000ecce0000)
  from space 8704K, 24% used [0x00000000ecce0000,0x00000000ecef4880,0x00000000ed560000)
  to   space 8640K, 0% used [0x00000000f4370000,0x00000000f4370000,0x00000000f4be0000)
 ParOldGen       total 62784K, used 10247K [0x00000000a4000000, 0x00000000a7d50000, 0x00000000e1560000)
  object space 62784K, 16% used [0x00000000a4000000,0x00000000a4a01cc8,0x00000000a7d50000)
 PSPermGen       total 21248K, used 15327K [0x0000000099a00000, 0x000000009aec0000, 0x00000000a4000000)
  object space 21248K, 72% used [0x0000000099a00000,0x000000009a8f7df8,0x000000009aec0000)
}
Event: 143.457 GC heap before
{Heap before GC invocations=10 (full 0):
 PSYoungGen      total 196608K, used 190034K [0x00000000e1560000, 0x00000000f4be0000, 0x0000000100000000)
  eden space 187904K, 100% used [0x00000000e1560000,0x00000000ecce0000,0x00000000ecce0000)
  from space 8704K, 24% used [0x00000000ecce0000,0x00000000ecef4880,0x00000000ed560000)
  to   space 8640K, 0% used [0x00000000f4370000,0x00000000f4370000,0x00000000f4be0000)
 ParOldGen       total 62784K, used 10247K [0x00000000a4000000, 0x00000000a7d50000, 0x00000000e1560000)
  object space 62784K, 16% used [0x00000000a4000000,0x00000000a4a01cc8,0x00000000a7d50000)
 PSPermGen       total 21248K, used 19344K [0x0000000099a00000, 0x000000009aec0000, 0x00000000a4000000)
  object space 21248K, 91% used [0x0000000099a00000,0x000000009ace4220,0x000000009aec0000)
Event: 143.468 GC heap after
Heap after GC invocations=10 (full 0):
 PSYoungGen      total 308416K, used 3762K [0x00000000e1560000, 0x00000000f4b00000, 0x0000000100000000)
  eden space 300672K, 0% used [0x00000000e1560000,0x00000000e1560000,0x00000000f3b00000)
  from space 7744K, 48% used [0x00000000f4370000,0x00000000f471c860,0x00000000f4b00000)
  to   space 8192K, 0% used [0x00000000f3b00000,0x00000000f3b00000,0x00000000f4300000)
 ParOldGen       total 62784K, used 10271K [0x00000000a4000000, 0x00000000a7d50000, 0x00000000e1560000)
  object space 62784K, 16% used [0x00000000a4000000,0x00000000a4a07cc8,0x00000000a7d50000)
 PSPermGen       total 21248K, used 19344K [0x0000000099a00000, 0x000000009aec0000, 0x00000000a4000000)
  object space 21248K, 91% used [0x0000000099a00000,0x000000009ace4220,0x000000009aec0000)
}

