# JRE version: 7.0_25-b30
# Java VM: OpenJDK 64-Bit Server VM (23.7-b01 mixed mode linux-amd64 compressed oops)
Heap
 PSYoungGen      total 261760K, used 110851K [0x00000007d6c00000, 0x00000007f6ae0000, 0x0000000800000000)
  eden space 253440K, 41% used [0x00000007d6c00000,0x00000007dd2797f0,0x00000007e6380000)
  from space 8320K, 71% used [0x00000007e6380000,0x00000007e6947510,0x00000007e6ba0000)
  to   space 8128K, 0% used [0x00000007f62f0000,0x00000007f62f0000,0x00000007f6ae0000)
 ParOldGen       total 84480K, used 11198K [0x0000000784400000, 0x0000000789680000, 0x00000007d6c00000)
  object space 84480K, 13% used [0x0000000784400000,0x0000000784eefbc0,0x0000000789680000)
 PSPermGen       total 21248K, used 19098K [0x0000000779e00000, 0x000000077b2c0000, 0x0000000784400000)
  object space 21248K, 89% used [0x0000000779e00000,0x000000077b0a69b0,0x000000077b2c0000)
GC Heap History (10 events):
Event: 1.466 GC heap before
{Heap before GC invocations=3 (full 0):
 PSYoungGen      total 68608K, used 68576K [0x00000007d6c00000, 0x00000007db420000, 0x0000000800000000)
  eden space 63360K, 100% used [0x00000007d6c00000,0x00000007da9e0000,0x00000007da9e0000)
  from space 5248K, 99% used [0x00000007daf00000,0x00000007db418020,0x00000007db420000)
  to   space 5248K, 0% used [0x00000007da9e0000,0x00000007da9e0000,0x00000007daf00000)
 ParOldGen       total 84480K, used 3726K [0x0000000784400000, 0x0000000789680000, 0x00000007d6c00000)
  object space 84480K, 4% used [0x0000000784400000,0x00000007847a3b60,0x0000000789680000)
 PSPermGen       total 21248K, used 3568K [0x0000000779e00000, 0x000000077b2c0000, 0x0000000784400000)
  object space 21248K, 16% used [0x0000000779e00000,0x000000077a17c2f8,0x000000077b2c0000)
Event: 1.479 GC heap after
Heap after GC invocations=3 (full 0):
 PSYoungGen      total 68608K, used 5136K [0x00000007d6c00000, 0x00000007df200000, 0x0000000800000000)
  eden space 63360K, 0% used [0x00000007d6c00000,0x00000007d6c00000,0x00000007da9e0000)
  from space 5248K, 97% used [0x00000007da9e0000,0x00000007daee4010,0x00000007daf00000)
  to   space 5248K, 0% used [0x00000007dece0000,0x00000007dece0000,0x00000007df200000)
 ParOldGen       total 84480K, used 3726K [0x0000000784400000, 0x0000000789680000, 0x00000007d6c00000)
  object space 84480K, 4% used [0x0000000784400000,0x00000007847a3b60,0x0000000789680000)
 PSPermGen       total 21248K, used 3568K [0x0000000779e00000, 0x000000077b2c0000, 0x0000000784400000)
  object space 21248K, 16% used [0x0000000779e00000,0x000000077a17c2f8,0x000000077b2c0000)
}
Event: 1.773 GC heap before
{Heap before GC invocations=4 (full 0):
 PSYoungGen      total 68608K, used 68496K [0x00000007d6c00000, 0x00000007df200000, 0x0000000800000000)
  eden space 63360K, 100% used [0x00000007d6c00000,0x00000007da9e0000,0x00000007da9e0000)
  from space 5248K, 97% used [0x00000007da9e0000,0x00000007daee4010,0x00000007daf00000)
  to   space 5248K, 0% used [0x00000007dece0000,0x00000007dece0000,0x00000007df200000)
 ParOldGen       total 84480K, used 3726K [0x0000000784400000, 0x0000000789680000, 0x00000007d6c00000)
  object space 84480K, 4% used [0x0000000784400000,0x00000007847a3b60,0x0000000789680000)
 PSPermGen       total 21248K, used 3568K [0x0000000779e00000, 0x000000077b2c0000, 0x0000000784400000)
  object space 21248K, 16% used [0x0000000779e00000,0x000000077a17c2f8,0x000000077b2c0000)
Event: 1.789 GC heap after
Heap after GC invocations=4 (full 0):
 PSYoungGen      total 131968K, used 5248K [0x00000007d6c00000, 0x00000007df200000, 0x0000000800000000)
  eden space 126720K, 0% used [0x00000007d6c00000,0x00000007d6c00000,0x00000007de7c0000)
  from space 5248K, 100% used [0x00000007dece0000,0x00000007df200000,0x00000007df200000)
  to   space 5248K, 0% used [0x00000007de7c0000,0x00000007de7c0000,0x00000007dece0000)
 ParOldGen       total 84480K, used 4742K [0x0000000784400000, 0x0000000789680000, 0x00000007d6c00000)
  object space 84480K, 5% used [0x0000000784400000,0x00000007848a1b60,0x0000000789680000)
 PSPermGen       total 21248K, used 3568K [0x0000000779e00000, 0x000000077b2c0000, 0x0000000784400000)
  object space 21248K, 16% used [0x0000000779e00000,0x000000077a17c2f8,0x000000077b2c0000)
}
Event: 2.269 GC heap before
{Heap before GC invocations=5 (full 0):
 PSYoungGen      total 131968K, used 131968K [0x00000007d6c00000, 0x00000007df200000, 0x0000000800000000)
  eden space 126720K, 100% used [0x00000007d6c00000,0x00000007de7c0000,0x00000007de7c0000)
  from space 5248K, 100% used [0x00000007dece0000,0x00000007df200000,0x00000007df200000)
  to   space 5248K, 0% used [0x00000007de7c0000,0x00000007de7c0000,0x00000007dece0000)
 ParOldGen       total 84480K, used 4742K [0x0000000784400000, 0x0000000789680000, 0x00000007d6c00000)
  object space 84480K, 5% used [0x0000000784400000,0x00000007848a1b60,0x0000000789680000)
 PSPermGen       total 21248K, used 3568K [0x0000000779e00000, 0x000000077b2c0000, 0x0000000784400000)
  object space 21248K, 16% used [0x0000000779e00000,0x000000077a17c2f8,0x000000077b2c0000)
Event: 2.294 GC heap after
Heap after GC invocations=5 (full 0):
 PSYoungGen      total 131968K, used 5216K [0x00000007d6c00000, 0x00000007e7400000, 0x0000000800000000)
  eden space 126720K, 0% used [0x00000007d6c00000,0x00000007d6c00000,0x00000007de7c0000)
  from space 5248K, 99% used [0x00000007de7c0000,0x00000007decd8020,0x00000007dece0000)
  to   space 8448K, 0% used [0x00000007e6bc0000,0x00000007e6bc0000,0x00000007e7400000)
 ParOldGen       total 84480K, used 6262K [0x0000000784400000, 0x0000000789680000, 0x00000007d6c00000)
  object space 84480K, 7% used [0x0000000784400000,0x0000000784a1db60,0x0000000789680000)
 PSPermGen       total 21248K, used 3568K [0x0000000779e00000, 0x000000077b2c0000, 0x0000000784400000)
  object space 21248K, 16% used [0x0000000779e00000,0x000000077a17c2f8,0x000000077b2c0000)
}
Event: 2.750 GC heap before
{Heap before GC invocations=6 (full 0):
 PSYoungGen      total 131968K, used 131936K [0x00000007d6c00000, 0x00000007e7400000, 0x0000000800000000)
  eden space 126720K, 100% used [0x00000007d6c00000,0x00000007de7c0000,0x00000007de7c0000)
  from space 5248K, 99% used [0x00000007de7c0000,0x00000007decd8020,0x00000007dece0000)
  to   space 8448K, 0% used [0x00000007e6bc0000,0x00000007e6bc0000,0x00000007e7400000)
 ParOldGen       total 84480K, used 6262K [0x0000000784400000, 0x0000000789680000, 0x00000007d6c00000)
  object space 84480K, 7% used [0x0000000784400000,0x0000000784a1db60,0x0000000789680000)
 PSPermGen       total 21248K, used 3568K [0x0000000779e00000, 0x000000077b2c0000, 0x0000000784400000)
  object space 21248K, 16% used [0x0000000779e00000,0x000000077a17c2f8,0x000000077b2c0000)
Event: 2.758 GC heap after
Heap after GC invocations=6 (full 0):
 PSYoungGen      total 261632K, used 5632K [0x00000007d6c00000, 0x00000007e73c0000, 0x0000000800000000)
  eden space 253440K, 0% used [0x00000007d6c00000,0x00000007d6c00000,0x00000007e6380000)
  from space 8192K, 68% used [0x00000007e6bc0000,0x00000007e7140000,0x00000007e73c0000)
  to   space 8320K, 0% used [0x00000007e6380000,0x00000007e6380000,0x00000007e6ba0000)
 ParOldGen       total 84480K, used 6262K [0x0000000784400000, 0x0000000789680000, 0x00000007d6c00000)
  object space 84480K, 7% used [0x0000000784400000,0x0000000784a1db60,0x0000000789680000)
 PSPermGen       total 21248K, used 3568K [0x0000000779e00000, 0x000000077b2c0000, 0x0000000784400000)
  object space 21248K, 16% used [0x0000000779e00000,0x000000077a17c2f8,0x000000077b2c0000)
}
Event: 57.816 GC heap before
{Heap before GC invocations=7 (full 0):
 PSYoungGen      total 261632K, used 259072K [0x00000007d6c00000, 0x00000007e73c0000, 0x0000000800000000)
  eden space 253440K, 100% used [0x00000007d6c00000,0x00000007e6380000,0x00000007e6380000)
  from space 8192K, 68% used [0x00000007e6bc0000,0x00000007e7140000,0x00000007e73c0000)
  to   space 8320K, 0% used [0x00000007e6380000,0x00000007e6380000,0x00000007e6ba0000)
 ParOldGen       total 84480K, used 6262K [0x0000000784400000, 0x0000000789680000, 0x00000007d6c00000)
  object space 84480K, 7% used [0x0000000784400000,0x0000000784a1db60,0x0000000789680000)
 PSPermGen       total 21248K, used 19047K [0x0000000779e00000, 0x000000077b2c0000, 0x0000000784400000)
  object space 21248K, 89% used [0x0000000779e00000,0x000000077b099c78,0x000000077b2c0000)
Event: 57.831 GC heap after
Heap after GC invocations=7 (full 0):
 PSYoungGen      total 261760K, used 5917K [0x00000007d6c00000, 0x00000007f6ae0000, 0x0000000800000000)
  eden space 253440K, 0% used [0x00000007d6c00000,0x00000007d6c00000,0x00000007e6380000)
  from space 8320K, 71% used [0x00000007e6380000,0x00000007e6947510,0x00000007e6ba0000)
  to   space 8128K, 0% used [0x00000007f62f0000,0x00000007f62f0000,0x00000007f6ae0000)
 ParOldGen       total 84480K, used 11198K [0x0000000784400000, 0x0000000789680000, 0x00000007d6c00000)
  object space 84480K, 13% used [0x0000000784400000,0x0000000784eefbc0,0x0000000789680000)
 PSPermGen       total 21248K, used 19047K [0x0000000779e00000, 0x000000077b2c0000, 0x0000000784400000)
  object space 21248K, 89% used [0x0000000779e00000,0x000000077b099c78,0x000000077b2c0000)
}

