# JRE version: 7.0_25-b30
# Java VM: OpenJDK 64-Bit Server VM (23.7-b01 mixed mode linux-amd64 compressed oops)
Heap
 PSYoungGen      total 384960K, used 256033K [0x00000000e1560000, 0x00000000f95e0000, 0x0000000100000000)
  eden space 376832K, 66% used [0x00000000e1560000,0x00000000f0bde228,0x00000000f8560000)
  from space 8128K, 44% used [0x00000000f8df0000,0x00000000f917a3b8,0x00000000f95e0000)
  to   space 8448K, 0% used [0x00000000f8560000,0x00000000f8560000,0x00000000f8da0000)
 ParOldGen       total 62784K, used 10655K [0x00000000a4000000, 0x00000000a7d50000, 0x00000000e1560000)
  object space 62784K, 16% used [0x00000000a4000000,0x00000000a4a67cc8,0x00000000a7d50000)
 PSPermGen       total 21248K, used 19304K [0x0000000099a00000, 0x000000009aec0000, 0x00000000a4000000)
  object space 21248K, 90% used [0x0000000099a00000,0x000000009acda178,0x000000009aec0000)
GC Heap History (10 events):
Event: 4.485 GC heap before
{Heap before GC invocations=4 (full 0):
 PSYoungGen      total 51008K, used 50992K [0x00000000e1560000, 0x00000000e7900000, 0x0000000100000000)
  eden space 47104K, 100% used [0x00000000e1560000,0x00000000e4360000,0x00000000e4360000)
  from space 3904K, 99% used [0x00000000e4360000,0x00000000e472c010,0x00000000e4730000)
  to   space 3904K, 0% used [0x00000000e7530000,0x00000000e7530000,0x00000000e7900000)
 ParOldGen       total 62784K, used 6627K [0x00000000a4000000, 0x00000000a7d50000, 0x00000000e1560000)
  object space 62784K, 10% used [0x00000000a4000000,0x00000000a4678c68,0x00000000a7d50000)
 PSPermGen       total 21248K, used 3569K [0x0000000099a00000, 0x000000009aec0000, 0x00000000a4000000)
  object space 21248K, 16% used [0x0000000099a00000,0x0000000099d7c428,0x000000009aec0000)
Event: 4.550 GC heap after
Heap after GC invocations=4 (full 0):
 PSYoungGen      total 98112K, used 3872K [0x00000000e1560000, 0x00000000e7900000, 0x0000000100000000)
  eden space 94208K, 0% used [0x00000000e1560000,0x00000000e1560000,0x00000000e7160000)
  from space 3904K, 99% used [0x00000000e7530000,0x00000000e78f8020,0x00000000e7900000)
  to   space 3904K, 0% used [0x00000000e7160000,0x00000000e7160000,0x00000000e7530000)
 ParOldGen       total 62784K, used 6931K [0x00000000a4000000, 0x00000000a7d50000, 0x00000000e1560000)
  object space 62784K, 11% used [0x00000000a4000000,0x00000000a46c4c68,0x00000000a7d50000)
 PSPermGen       total 21248K, used 3569K [0x0000000099a00000, 0x000000009aec0000, 0x00000000a4000000)
  object space 21248K, 16% used [0x0000000099a00000,0x0000000099d7c428,0x000000009aec0000)
}
Event: 6.072 GC heap before
{Heap before GC invocations=5 (full 0):
 PSYoungGen      total 98112K, used 98080K [0x00000000e1560000, 0x00000000e7900000, 0x0000000100000000)
  eden space 94208K, 100% used [0x00000000e1560000,0x00000000e7160000,0x00000000e7160000)
  from space 3904K, 99% used [0x00000000e7530000,0x00000000e78f8020,0x00000000e7900000)
  to   space 3904K, 0% used [0x00000000e7160000,0x00000000e7160000,0x00000000e7530000)
 ParOldGen       total 62784K, used 6931K [0x00000000a4000000, 0x00000000a7d50000, 0x00000000e1560000)
  object space 62784K, 11% used [0x00000000a4000000,0x00000000a46c4c68,0x00000000a7d50000)
 PSPermGen       total 21248K, used 3569K [0x0000000099a00000, 0x000000009aec0000, 0x00000000a4000000)
  object space 21248K, 16% used [0x0000000099a00000,0x0000000099d7c428,0x000000009aec0000)
Event: 6.110 GC heap after
Heap after GC invocations=5 (full 0):
 PSYoungGen      total 98112K, used 3904K [0x00000000e1560000, 0x00000000ede20000, 0x0000000100000000)
  eden space 94208K, 0% used [0x00000000e1560000,0x00000000e1560000,0x00000000e7160000)
  from space 3904K, 100% used [0x00000000e7160000,0x00000000e7530000,0x00000000e7530000)
  to   space 8576K, 0% used [0x00000000ed5c0000,0x00000000ed5c0000,0x00000000ede20000)
 ParOldGen       total 62784K, used 7323K [0x00000000a4000000, 0x00000000a7d50000, 0x00000000e1560000)
  object space 62784K, 11% used [0x00000000a4000000,0x00000000a4726c68,0x00000000a7d50000)
 PSPermGen       total 21248K, used 3569K [0x0000000099a00000, 0x000000009aec0000, 0x00000000a4000000)
  object space 21248K, 16% used [0x0000000099a00000,0x0000000099d7c428,0x000000009aec0000)
}
Event: 6.950 GC heap before
{Heap before GC invocations=6 (full 0):
 PSYoungGen      total 98112K, used 98112K [0x00000000e1560000, 0x00000000ede20000, 0x0000000100000000)
  eden space 94208K, 100% used [0x00000000e1560000,0x00000000e7160000,0x00000000e7160000)
  from space 3904K, 100% used [0x00000000e7160000,0x00000000e7530000,0x00000000e7530000)
  to   space 8576K, 0% used [0x00000000ed5c0000,0x00000000ed5c0000,0x00000000ede20000)
 ParOldGen       total 62784K, used 7323K [0x00000000a4000000, 0x00000000a7d50000, 0x00000000e1560000)
  object space 62784K, 11% used [0x00000000a4000000,0x00000000a4726c68,0x00000000a7d50000)
 PSPermGen       total 21248K, used 3569K [0x0000000099a00000, 0x000000009aec0000, 0x00000000a4000000)
  object space 21248K, 16% used [0x0000000099a00000,0x0000000099d7c428,0x000000009aec0000)
Event: 7.017 GC heap after
Heap after GC invocations=6 (full 0):
 PSYoungGen      total 196480K, used 4384K [0x00000000e1560000, 0x00000000edda0000, 0x0000000100000000)
  eden space 188416K, 0% used [0x00000000e1560000,0x00000000e1560000,0x00000000ecd60000)
  from space 8064K, 54% used [0x00000000ed5c0000,0x00000000eda08000,0x00000000edda0000)
  to   space 8320K, 0% used [0x00000000ecd60000,0x00000000ecd60000,0x00000000ed580000)
 ParOldGen       total 62784K, used 7323K [0x00000000a4000000, 0x00000000a7d50000, 0x00000000e1560000)
  object space 62784K, 11% used [0x00000000a4000000,0x00000000a4726c68,0x00000000a7d50000)
 PSPermGen       total 21248K, used 3569K [0x0000000099a00000, 0x000000009aec0000, 0x00000000a4000000)
  object space 21248K, 16% used [0x0000000099a00000,0x0000000099d7c428,0x000000009aec0000)
}
Event: 8.638 GC heap before
{Heap before GC invocations=7 (full 0):
 PSYoungGen      total 196480K, used 192800K [0x00000000e1560000, 0x00000000edda0000, 0x0000000100000000)
  eden space 188416K, 100% used [0x00000000e1560000,0x00000000ecd60000,0x00000000ecd60000)
  from space 8064K, 54% used [0x00000000ed5c0000,0x00000000eda08000,0x00000000edda0000)
  to   space 8320K, 0% used [0x00000000ecd60000,0x00000000ecd60000,0x00000000ed580000)
 ParOldGen       total 62784K, used 7323K [0x00000000a4000000, 0x00000000a7d50000, 0x00000000e1560000)
  object space 62784K, 11% used [0x00000000a4000000,0x00000000a4726c68,0x00000000a7d50000)
 PSPermGen       total 21248K, used 3569K [0x0000000099a00000, 0x000000009aec0000, 0x00000000a4000000)
  object space 21248K, 16% used [0x0000000099a00000,0x0000000099d7c428,0x000000009aec0000)
Event: 8.680 GC heap after
Heap after GC invocations=7 (full 0):
 PSYoungGen      total 196736K, used 1248K [0x00000000e1560000, 0x00000000f9680000, 0x0000000100000000)
  eden space 188416K, 0% used [0x00000000e1560000,0x00000000e1560000,0x00000000ecd60000)
  from space 8320K, 15% used [0x00000000ecd60000,0x00000000ece98000,0x00000000ed580000)
  to   space 8768K, 0% used [0x00000000f8df0000,0x00000000f8df0000,0x00000000f9680000)
 ParOldGen       total 62784K, used 10623K [0x00000000a4000000, 0x00000000a7d50000, 0x00000000e1560000)
  object space 62784K, 16% used [0x00000000a4000000,0x00000000a4a5fcc8,0x00000000a7d50000)
 PSPermGen       total 21248K, used 3569K [0x0000000099a00000, 0x000000009aec0000, 0x00000000a4000000)
  object space 21248K, 16% used [0x0000000099a00000,0x0000000099d7c428,0x000000009aec0000)
}
Event: 70.333 GC heap before
{Heap before GC invocations=8 (full 0):
 PSYoungGen      total 196736K, used 189664K [0x00000000e1560000, 0x00000000f9680000, 0x0000000100000000)
  eden space 188416K, 100% used [0x00000000e1560000,0x00000000ecd60000,0x00000000ecd60000)
  from space 8320K, 15% used [0x00000000ecd60000,0x00000000ece98000,0x00000000ed580000)
  to   space 8768K, 0% used [0x00000000f8df0000,0x00000000f8df0000,0x00000000f9680000)
 ParOldGen       total 62784K, used 10623K [0x00000000a4000000, 0x00000000a7d50000, 0x00000000e1560000)
  object space 62784K, 16% used [0x00000000a4000000,0x00000000a4a5fcc8,0x00000000a7d50000)
 PSPermGen       total 21248K, used 19078K [0x0000000099a00000, 0x000000009aec0000, 0x00000000a4000000)
  object space 21248K, 89% used [0x0000000099a00000,0x000000009aca1a58,0x000000009aec0000)
Event: 70.368 GC heap after
Heap after GC invocations=8 (full 0):
 PSYoungGen      total 384960K, used 3624K [0x00000000e1560000, 0x00000000f95e0000, 0x0000000100000000)
  eden space 376832K, 0% used [0x00000000e1560000,0x00000000e1560000,0x00000000f8560000)
  from space 8128K, 44% used [0x00000000f8df0000,0x00000000f917a3b8,0x00000000f95e0000)
  to   space 8448K, 0% used [0x00000000f8560000,0x00000000f8560000,0x00000000f8da0000)
 ParOldGen       total 62784K, used 10655K [0x00000000a4000000, 0x00000000a7d50000, 0x00000000e1560000)
  object space 62784K, 16% used [0x00000000a4000000,0x00000000a4a67cc8,0x00000000a7d50000)
 PSPermGen       total 21248K, used 19078K [0x0000000099a00000, 0x000000009aec0000, 0x00000000a4000000)
  object space 21248K, 89% used [0x0000000099a00000,0x000000009aca1a58,0x000000009aec0000)
}

