# JRE version: 7.0_25-b30
# Java VM: OpenJDK 64-Bit Server VM (23.7-b01 mixed mode linux-amd64 compressed oops)
Heap
 PSYoungGen      total 308928K, used 57444K [0x00000000e1560000, 0x00000000f4ba0000, 0x0000000100000000)
  eden space 300672K, 18% used [0x00000000e1560000,0x00000000e4ac0820,0x00000000f3b00000)
  from space 8256K, 33% used [0x00000000f4390000,0x00000000f4648850,0x00000000f4ba0000)
  to   space 8512K, 0% used [0x00000000f3b00000,0x00000000f3b00000,0x00000000f4350000)
 ParOldGen       total 62784K, used 10915K [0x00000000a4000000, 0x00000000a7d50000, 0x00000000e1560000)
  object space 62784K, 17% used [0x00000000a4000000,0x00000000a4aa8cb8,0x00000000a7d50000)
 PSPermGen       total 21248K, used 17072K [0x0000000099a00000, 0x000000009aec0000, 0x00000000a4000000)
  object space 21248K, 80% used [0x0000000099a00000,0x000000009aaac028,0x000000009aec0000)
GC Heap History (10 events):
Event: 6.738 GC heap before
{Heap before GC invocations=6 (full 0):
 PSYoungGen      total 51008K, used 51008K [0x00000000e1560000, 0x00000000e81a0000, 0x0000000100000000)
  eden space 47104K, 100% used [0x00000000e1560000,0x00000000e4360000,0x00000000e4360000)
  from space 3904K, 100% used [0x00000000e4360000,0x00000000e4730000,0x00000000e4730000)
  to   space 8320K, 0% used [0x00000000e7980000,0x00000000e7980000,0x00000000e81a0000)
 ParOldGen       total 62784K, used 7259K [0x00000000a4000000, 0x00000000a7d50000, 0x00000000e1560000)
  object space 62784K, 11% used [0x00000000a4000000,0x00000000a4716c58,0x00000000a7d50000)
 PSPermGen       total 21248K, used 3571K [0x0000000099a00000, 0x000000009aec0000, 0x00000000a4000000)
  object space 21248K, 16% used [0x0000000099a00000,0x0000000099d7cd40,0x000000009aec0000)
Event: 6.770 GC heap after
Heap after GC invocations=6 (full 0):
 PSYoungGen      total 101632K, used 5472K [0x00000000e1560000, 0x00000000e80c0000, 0x0000000100000000)
  eden space 94208K, 0% used [0x00000000e1560000,0x00000000e1560000,0x00000000e7160000)
  from space 7424K, 73% used [0x00000000e7980000,0x00000000e7ed8000,0x00000000e80c0000)
  to   space 7872K, 0% used [0x00000000e7160000,0x00000000e7160000,0x00000000e7910000)
 ParOldGen       total 62784K, used 7259K [0x00000000a4000000, 0x00000000a7d50000, 0x00000000e1560000)
  object space 62784K, 11% used [0x00000000a4000000,0x00000000a4716c58,0x00000000a7d50000)
 PSPermGen       total 21248K, used 3571K [0x0000000099a00000, 0x000000009aec0000, 0x00000000a4000000)
  object space 21248K, 16% used [0x0000000099a00000,0x0000000099d7cd40,0x000000009aec0000)
}
Event: 7.388 GC heap before
{Heap before GC invocations=7 (full 0):
 PSYoungGen      total 101632K, used 99680K [0x00000000e1560000, 0x00000000e80c0000, 0x0000000100000000)
  eden space 94208K, 100% used [0x00000000e1560000,0x00000000e7160000,0x00000000e7160000)
  from space 7424K, 73% used [0x00000000e7980000,0x00000000e7ed8000,0x00000000e80c0000)
  to   space 7872K, 0% used [0x00000000e7160000,0x00000000e7160000,0x00000000e7910000)
 ParOldGen       total 62784K, used 7259K [0x00000000a4000000, 0x00000000a7d50000, 0x00000000e1560000)
  object space 62784K, 11% used [0x00000000a4000000,0x00000000a4716c58,0x00000000a7d50000)
 PSPermGen       total 21248K, used 3571K [0x0000000099a00000, 0x000000009aec0000, 0x00000000a4000000)
  object space 21248K, 16% used [0x0000000099a00000,0x0000000099d7cd40,0x000000009aec0000)
Event: 7.413 GC heap after
Heap after GC invocations=7 (full 0):
 PSYoungGen      total 102080K, used 2016K [0x00000000e1560000, 0x00000000edda0000, 0x0000000100000000)
  eden space 94208K, 0% used [0x00000000e1560000,0x00000000e1560000,0x00000000e7160000)
  from space 7872K, 25% used [0x00000000e7160000,0x00000000e7358000,0x00000000e7910000)
  to   space 8320K, 0% used [0x00000000ed580000,0x00000000ed580000,0x00000000edda0000)
 ParOldGen       total 62784K, used 10795K [0x00000000a4000000, 0x00000000a7d50000, 0x00000000e1560000)
  object space 62784K, 17% used [0x00000000a4000000,0x00000000a4a8acb8,0x00000000a7d50000)
 PSPermGen       total 21248K, used 3571K [0x0000000099a00000, 0x000000009aec0000, 0x00000000a4000000)
  object space 21248K, 16% used [0x0000000099a00000,0x0000000099d7cd40,0x000000009aec0000)
}
Event: 8.243 GC heap before
{Heap before GC invocations=8 (full 0):
 PSYoungGen      total 102080K, used 96224K [0x00000000e1560000, 0x00000000edda0000, 0x0000000100000000)
  eden space 94208K, 100% used [0x00000000e1560000,0x00000000e7160000,0x00000000e7160000)
  from space 7872K, 25% used [0x00000000e7160000,0x00000000e7358000,0x00000000e7910000)
  to   space 8320K, 0% used [0x00000000ed580000,0x00000000ed580000,0x00000000edda0000)
 ParOldGen       total 62784K, used 10795K [0x00000000a4000000, 0x00000000a7d50000, 0x00000000e1560000)
  object space 62784K, 17% used [0x00000000a4000000,0x00000000a4a8acb8,0x00000000a7d50000)
 PSPermGen       total 21248K, used 3571K [0x0000000099a00000, 0x000000009aec0000, 0x00000000a4000000)
  object space 21248K, 16% used [0x0000000099a00000,0x0000000099d7cd40,0x000000009aec0000)
Event: 8.245 GC heap after
Heap after GC invocations=8 (full 0):
 PSYoungGen      total 196224K, used 160K [0x00000000e1560000, 0x00000000edea0000, 0x0000000100000000)
  eden space 187904K, 0% used [0x00000000e1560000,0x00000000e1560000,0x00000000ecce0000)
  from space 8320K, 1% used [0x00000000ed580000,0x00000000ed5a8000,0x00000000edda0000)
  to   space 8832K, 0% used [0x00000000ecce0000,0x00000000ecce0000,0x00000000ed580000)
 ParOldGen       total 62784K, used 10819K [0x00000000a4000000, 0x00000000a7d50000, 0x00000000e1560000)
  object space 62784K, 17% used [0x00000000a4000000,0x00000000a4a90cb8,0x00000000a7d50000)
 PSPermGen       total 21248K, used 3571K [0x0000000099a00000, 0x000000009aec0000, 0x00000000a4000000)
  object space 21248K, 16% used [0x0000000099a00000,0x0000000099d7cd40,0x000000009aec0000)
}
Event: 14.096 GC heap before
{Heap before GC invocations=9 (full 0):
 PSYoungGen      total 196224K, used 188064K [0x00000000e1560000, 0x00000000edea0000, 0x0000000100000000)
  eden space 187904K, 100% used [0x00000000e1560000,0x00000000ecce0000,0x00000000ecce0000)
  from space 8320K, 1% used [0x00000000ed580000,0x00000000ed5a8000,0x00000000edda0000)
  to   space 8832K, 0% used [0x00000000ecce0000,0x00000000ecce0000,0x00000000ed580000)
 ParOldGen       total 62784K, used 10819K [0x00000000a4000000, 0x00000000a7d50000, 0x00000000e1560000)
  object space 62784K, 17% used [0x00000000a4000000,0x00000000a4a90cb8,0x00000000a7d50000)
 PSPermGen       total 21248K, used 15268K [0x0000000099a00000, 0x000000009aec0000, 0x00000000a4000000)
  object space 21248K, 71% used [0x0000000099a00000,0x000000009a8e93b0,0x000000009aec0000)
Event: 14.105 GC heap after
Heap after GC invocations=9 (full 0):
 PSYoungGen      total 196736K, used 2032K [0x00000000e1560000, 0x00000000f4c20000, 0x0000000100000000)
  eden space 187904K, 0% used [0x00000000e1560000,0x00000000e1560000,0x00000000ecce0000)
  from space 8832K, 23% used [0x00000000ecce0000,0x00000000ecedc030,0x00000000ed580000)
  to   space 8768K, 0% used [0x00000000f4390000,0x00000000f4390000,0x00000000f4c20000)
 ParOldGen       total 62784K, used 10891K [0x00000000a4000000, 0x00000000a7d50000, 0x00000000e1560000)
  object space 62784K, 17% used [0x00000000a4000000,0x00000000a4aa2cb8,0x00000000a7d50000)
 PSPermGen       total 21248K, used 15268K [0x0000000099a00000, 0x000000009aec0000, 0x00000000a4000000)
  object space 21248K, 71% used [0x0000000099a00000,0x000000009a8e93b0,0x000000009aec0000)
}
Event: 92.414 GC heap before
{Heap before GC invocations=10 (full 0):
 PSYoungGen      total 196736K, used 189936K [0x00000000e1560000, 0x00000000f4c20000, 0x0000000100000000)
  eden space 187904K, 100% used [0x00000000e1560000,0x00000000ecce0000,0x00000000ecce0000)
  from space 8832K, 23% used [0x00000000ecce0000,0x00000000ecedc030,0x00000000ed580000)
  to   space 8768K, 0% used [0x00000000f4390000,0x00000000f4390000,0x00000000f4c20000)
 ParOldGen       total 62784K, used 10891K [0x00000000a4000000, 0x00000000a7d50000, 0x00000000e1560000)
  object space 62784K, 17% used [0x00000000a4000000,0x00000000a4aa2cb8,0x00000000a7d50000)
 PSPermGen       total 21248K, used 17053K [0x0000000099a00000, 0x000000009aec0000, 0x00000000a4000000)
  object space 21248K, 80% used [0x0000000099a00000,0x000000009aaa7770,0x000000009aec0000)
Event: 92.430 GC heap after
Heap after GC invocations=10 (full 0):
 PSYoungGen      total 308928K, used 2786K [0x00000000e1560000, 0x00000000f4ba0000, 0x0000000100000000)
  eden space 300672K, 0% used [0x00000000e1560000,0x00000000e1560000,0x00000000f3b00000)
  from space 8256K, 33% used [0x00000000f4390000,0x00000000f4648850,0x00000000f4ba0000)
  to   space 8512K, 0% used [0x00000000f3b00000,0x00000000f3b00000,0x00000000f4350000)
 ParOldGen       total 62784K, used 10915K [0x00000000a4000000, 0x00000000a7d50000, 0x00000000e1560000)
  object space 62784K, 17% used [0x00000000a4000000,0x00000000a4aa8cb8,0x00000000a7d50000)
 PSPermGen       total 21248K, used 17053K [0x0000000099a00000, 0x000000009aec0000, 0x00000000a4000000)
  object space 21248K, 80% used [0x0000000099a00000,0x000000009aaa7770,0x000000009aec0000)
}

