# JRE version: 7.0_25-b30
# Java VM: OpenJDK 64-Bit Server VM (23.7-b01 mixed mode linux-amd64 compressed oops)
Heap
 PSYoungGen      total 385088K, used 22950K [0x00000000e1560000, 0x0000000100000000, 0x0000000100000000)
  eden space 376832K, 5% used [0x00000000e1560000,0x00000000e28e1d28,0x00000000f8560000)
  from space 8256K, 36% used [0x00000000f8560000,0x00000000f8847bd8,0x00000000f8d70000)
  to   space 8192K, 0% used [0x00000000ff800000,0x00000000ff800000,0x0000000100000000)
 ParOldGen       total 62784K, used 11435K [0x00000000a4000000, 0x00000000a7d50000, 0x00000000e1560000)
  object space 62784K, 18% used [0x00000000a4000000,0x00000000a4b2acb8,0x00000000a7d50000)
 PSPermGen       total 21248K, used 19591K [0x0000000099a00000, 0x000000009aec0000, 0x00000000a4000000)
  object space 21248K, 92% used [0x0000000099a00000,0x000000009ad21c90,0x000000009aec0000)
GC Heap History (10 events):
Event: 3.474 GC heap before
{Heap before GC invocations=5 (full 0):
 PSYoungGen      total 98112K, used 98112K [0x00000000e1560000, 0x00000000e7900000, 0x0000000100000000)
  eden space 94208K, 100% used [0x00000000e1560000,0x00000000e7160000,0x00000000e7160000)
  from space 3904K, 100% used [0x00000000e7530000,0x00000000e7900000,0x00000000e7900000)
  to   space 3904K, 0% used [0x00000000e7160000,0x00000000e7160000,0x00000000e7530000)
 ParOldGen       total 62784K, used 7123K [0x00000000a4000000, 0x00000000a7d50000, 0x00000000e1560000)
  object space 62784K, 11% used [0x00000000a4000000,0x00000000a46f4c58,0x00000000a7d50000)
 PSPermGen       total 21248K, used 3569K [0x0000000099a00000, 0x000000009aec0000, 0x00000000a4000000)
  object space 21248K, 16% used [0x0000000099a00000,0x0000000099d7c6b8,0x000000009aec0000)
Event: 3.495 GC heap after
Heap after GC invocations=5 (full 0):
 PSYoungGen      total 98112K, used 3904K [0x00000000e1560000, 0x00000000edde0000, 0x0000000100000000)
  eden space 94208K, 0% used [0x00000000e1560000,0x00000000e1560000,0x00000000e7160000)
  from space 3904K, 100% used [0x00000000e7160000,0x00000000e7530000,0x00000000e7530000)
  to   space 8448K, 0% used [0x00000000ed5a0000,0x00000000ed5a0000,0x00000000edde0000)
 ParOldGen       total 62784K, used 7731K [0x00000000a4000000, 0x00000000a7d50000, 0x00000000e1560000)
  object space 62784K, 12% used [0x00000000a4000000,0x00000000a478cc58,0x00000000a7d50000)
 PSPermGen       total 21248K, used 3569K [0x0000000099a00000, 0x000000009aec0000, 0x00000000a4000000)
  object space 21248K, 16% used [0x0000000099a00000,0x0000000099d7c6b8,0x000000009aec0000)
}
Event: 3.921 GC heap before
{Heap before GC invocations=6 (full 0):
 PSYoungGen      total 98112K, used 98112K [0x00000000e1560000, 0x00000000edde0000, 0x0000000100000000)
  eden space 94208K, 100% used [0x00000000e1560000,0x00000000e7160000,0x00000000e7160000)
  from space 3904K, 100% used [0x00000000e7160000,0x00000000e7530000,0x00000000e7530000)
  to   space 8448K, 0% used [0x00000000ed5a0000,0x00000000ed5a0000,0x00000000edde0000)
 ParOldGen       total 62784K, used 7731K [0x00000000a4000000, 0x00000000a7d50000, 0x00000000e1560000)
  object space 62784K, 12% used [0x00000000a4000000,0x00000000a478cc58,0x00000000a7d50000)
 PSPermGen       total 21248K, used 3569K [0x0000000099a00000, 0x000000009aec0000, 0x00000000a4000000)
  object space 21248K, 16% used [0x0000000099a00000,0x0000000099d7c6b8,0x000000009aec0000)
Event: 3.953 GC heap after
Heap after GC invocations=6 (full 0):
 PSYoungGen      total 196352K, used 4640K [0x00000000e1560000, 0x00000000edd60000, 0x0000000100000000)
  eden space 188416K, 0% used [0x00000000e1560000,0x00000000e1560000,0x00000000ecd60000)
  from space 7936K, 58% used [0x00000000ed5a0000,0x00000000eda28000,0x00000000edd60000)
  to   space 8192K, 0% used [0x00000000ecd60000,0x00000000ecd60000,0x00000000ed560000)
 ParOldGen       total 62784K, used 7731K [0x00000000a4000000, 0x00000000a7d50000, 0x00000000e1560000)
  object space 62784K, 12% used [0x00000000a4000000,0x00000000a478cc58,0x00000000a7d50000)
 PSPermGen       total 21248K, used 3569K [0x0000000099a00000, 0x000000009aec0000, 0x00000000a4000000)
  object space 21248K, 16% used [0x0000000099a00000,0x0000000099d7c6b8,0x000000009aec0000)
}
Event: 4.834 GC heap before
{Heap before GC invocations=7 (full 0):
 PSYoungGen      total 196352K, used 193056K [0x00000000e1560000, 0x00000000edd60000, 0x0000000100000000)
  eden space 188416K, 100% used [0x00000000e1560000,0x00000000ecd60000,0x00000000ecd60000)
  from space 7936K, 58% used [0x00000000ed5a0000,0x00000000eda28000,0x00000000edd60000)
  to   space 8192K, 0% used [0x00000000ecd60000,0x00000000ecd60000,0x00000000ed560000)
 ParOldGen       total 62784K, used 7731K [0x00000000a4000000, 0x00000000a7d50000, 0x00000000e1560000)
  object space 62784K, 12% used [0x00000000a4000000,0x00000000a478cc58,0x00000000a7d50000)
 PSPermGen       total 21248K, used 3569K [0x0000000099a00000, 0x000000009aec0000, 0x00000000a4000000)
  object space 21248K, 16% used [0x0000000099a00000,0x0000000099d7c6b8,0x000000009aec0000)
Event: 4.849 GC heap after
Heap after GC invocations=7 (full 0):
 PSYoungGen      total 196608K, used 1280K [0x00000000e1560000, 0x00000000f9660000, 0x0000000100000000)
  eden space 188416K, 0% used [0x00000000e1560000,0x00000000e1560000,0x00000000ecd60000)
  from space 8192K, 15% used [0x00000000ecd60000,0x00000000ecea0000,0x00000000ed560000)
  to   space 8704K, 0% used [0x00000000f8de0000,0x00000000f8de0000,0x00000000f9660000)
 ParOldGen       total 62784K, used 11291K [0x00000000a4000000, 0x00000000a7d50000, 0x00000000e1560000)
  object space 62784K, 17% used [0x00000000a4000000,0x00000000a4b06cb8,0x00000000a7d50000)
 PSPermGen       total 21248K, used 3569K [0x0000000099a00000, 0x000000009aec0000, 0x00000000a4000000)
  object space 21248K, 16% used [0x0000000099a00000,0x0000000099d7c6b8,0x000000009aec0000)
}
Event: 77.030 GC heap before
{Heap before GC invocations=8 (full 0):
 PSYoungGen      total 196608K, used 189696K [0x00000000e1560000, 0x00000000f9660000, 0x0000000100000000)
  eden space 188416K, 100% used [0x00000000e1560000,0x00000000ecd60000,0x00000000ecd60000)
  from space 8192K, 15% used [0x00000000ecd60000,0x00000000ecea0000,0x00000000ed560000)
  to   space 8704K, 0% used [0x00000000f8de0000,0x00000000f8de0000,0x00000000f9660000)
 ParOldGen       total 62784K, used 11291K [0x00000000a4000000, 0x00000000a7d50000, 0x00000000e1560000)
  object space 62784K, 17% used [0x00000000a4000000,0x00000000a4b06cb8,0x00000000a7d50000)
 PSPermGen       total 21248K, used 19415K [0x0000000099a00000, 0x000000009aec0000, 0x00000000a4000000)
  object space 21248K, 91% used [0x0000000099a00000,0x000000009acf5c68,0x000000009aec0000)
Event: 77.045 GC heap after
Heap after GC invocations=8 (full 0):
 PSYoungGen      total 384640K, used 4572K [0x00000000e1560000, 0x00000000f9580000, 0x0000000100000000)
  eden space 376832K, 0% used [0x00000000e1560000,0x00000000e1560000,0x00000000f8560000)
  from space 7808K, 58% used [0x00000000f8de0000,0x00000000f92570b0,0x00000000f9580000)
  to   space 8256K, 0% used [0x00000000f8560000,0x00000000f8560000,0x00000000f8d70000)
 ParOldGen       total 62784K, used 11355K [0x00000000a4000000, 0x00000000a7d50000, 0x00000000e1560000)
  object space 62784K, 18% used [0x00000000a4000000,0x00000000a4b16cb8,0x00000000a7d50000)
 PSPermGen       total 21248K, used 19415K [0x0000000099a00000, 0x000000009aec0000, 0x00000000a4000000)
  object space 21248K, 91% used [0x0000000099a00000,0x000000009acf5c68,0x000000009aec0000)
}
Event: 1928.035 GC heap before
{Heap before GC invocations=9 (full 0):
 PSYoungGen      total 384640K, used 381404K [0x00000000e1560000, 0x00000000f9580000, 0x0000000100000000)
  eden space 376832K, 100% used [0x00000000e1560000,0x00000000f8560000,0x00000000f8560000)
  from space 7808K, 58% used [0x00000000f8de0000,0x00000000f92570b0,0x00000000f9580000)
  to   space 8256K, 0% used [0x00000000f8560000,0x00000000f8560000,0x00000000f8d70000)
 ParOldGen       total 62784K, used 11355K [0x00000000a4000000, 0x00000000a7d50000, 0x00000000e1560000)
  object space 62784K, 18% used [0x00000000a4000000,0x00000000a4b16cb8,0x00000000a7d50000)
 PSPermGen       total 21248K, used 19591K [0x0000000099a00000, 0x000000009aec0000, 0x00000000a4000000)
  object space 21248K, 92% used [0x0000000099a00000,0x000000009ad21c90,0x000000009aec0000)
Event: 1928.049 GC heap after
Heap after GC invocations=9 (full 0):
 PSYoungGen      total 385088K, used 2974K [0x00000000e1560000, 0x0000000100000000, 0x0000000100000000)
  eden space 376832K, 0% used [0x00000000e1560000,0x00000000e1560000,0x00000000f8560000)
  from space 8256K, 36% used [0x00000000f8560000,0x00000000f8847bd8,0x00000000f8d70000)
  to   space 8192K, 0% used [0x00000000ff800000,0x00000000ff800000,0x0000000100000000)
 ParOldGen       total 62784K, used 11435K [0x00000000a4000000, 0x00000000a7d50000, 0x00000000e1560000)
  object space 62784K, 18% used [0x00000000a4000000,0x00000000a4b2acb8,0x00000000a7d50000)
 PSPermGen       total 21248K, used 19591K [0x0000000099a00000, 0x000000009aec0000, 0x00000000a4000000)
  object space 21248K, 92% used [0x0000000099a00000,0x000000009ad21c90,0x000000009aec0000)
}

