# JRE version: 7.0_25-b30
# Java VM: OpenJDK 64-Bit Server VM (23.7-b01 mixed mode linux-amd64 compressed oops)
Heap
 PSYoungGen      total 308800K, used 285736K [0x00000000e1560000, 0x00000000f4bb0000, 0x0000000100000000)
  eden space 300864K, 93% used [0x00000000e1560000,0x00000000f2898468,0x00000000f3b30000)
  from space 7936K, 49% used [0x00000000f43f0000,0x00000000f47c1bd8,0x00000000f4bb0000)
  to   space 8448K, 0% used [0x00000000f3b30000,0x00000000f3b30000,0x00000000f4370000)
 ParOldGen       total 62784K, used 11107K [0x00000000a4000000, 0x00000000a7d50000, 0x00000000e1560000)
  object space 62784K, 17% used [0x00000000a4000000,0x00000000a4ad8cb8,0x00000000a7d50000)
 PSPermGen       total 21248K, used 19608K [0x0000000099a00000, 0x000000009aec0000, 0x00000000a4000000)
  object space 21248K, 92% used [0x0000000099a00000,0x000000009ad26378,0x000000009aec0000)
GC Heap History (10 events):
Event: 4.223 GC heap before
{Heap before GC invocations=6 (full 0):
 PSYoungGen      total 51008K, used 50976K [0x00000000e1560000, 0x00000000e81a0000, 0x0000000100000000)
  eden space 47104K, 100% used [0x00000000e1560000,0x00000000e4360000,0x00000000e4360000)
  from space 3904K, 99% used [0x00000000e4360000,0x00000000e4728020,0x00000000e4730000)
  to   space 8320K, 0% used [0x00000000e7980000,0x00000000e7980000,0x00000000e81a0000)
 ParOldGen       total 62784K, used 7411K [0x00000000a4000000, 0x00000000a7d50000, 0x00000000e1560000)
  object space 62784K, 11% used [0x00000000a4000000,0x00000000a473cc58,0x00000000a7d50000)
 PSPermGen       total 21248K, used 3569K [0x0000000099a00000, 0x000000009aec0000, 0x00000000a4000000)
  object space 21248K, 16% used [0x0000000099a00000,0x0000000099d7c520,0x000000009aec0000)
Event: 4.240 GC heap after
Heap after GC invocations=6 (full 0):
 PSYoungGen      total 101760K, used 5568K [0x00000000e1560000, 0x00000000e80e0000, 0x0000000100000000)
  eden space 94208K, 0% used [0x00000000e1560000,0x00000000e1560000,0x00000000e7160000)
  from space 7552K, 73% used [0x00000000e7980000,0x00000000e7ef0020,0x00000000e80e0000)
  to   space 7936K, 0% used [0x00000000e7160000,0x00000000e7160000,0x00000000e7920000)
 ParOldGen       total 62784K, used 7411K [0x00000000a4000000, 0x00000000a7d50000, 0x00000000e1560000)
  object space 62784K, 11% used [0x00000000a4000000,0x00000000a473cc58,0x00000000a7d50000)
 PSPermGen       total 21248K, used 3569K [0x0000000099a00000, 0x000000009aec0000, 0x00000000a4000000)
  object space 21248K, 16% used [0x0000000099a00000,0x0000000099d7c520,0x000000009aec0000)
}
Event: 4.550 GC heap before
{Heap before GC invocations=7 (full 0):
 PSYoungGen      total 101760K, used 99776K [0x00000000e1560000, 0x00000000e80e0000, 0x0000000100000000)
  eden space 94208K, 100% used [0x00000000e1560000,0x00000000e7160000,0x00000000e7160000)
  from space 7552K, 73% used [0x00000000e7980000,0x00000000e7ef0020,0x00000000e80e0000)
  to   space 7936K, 0% used [0x00000000e7160000,0x00000000e7160000,0x00000000e7920000)
 ParOldGen       total 62784K, used 7411K [0x00000000a4000000, 0x00000000a7d50000, 0x00000000e1560000)
  object space 62784K, 11% used [0x00000000a4000000,0x00000000a473cc58,0x00000000a7d50000)
 PSPermGen       total 21248K, used 3569K [0x0000000099a00000, 0x000000009aec0000, 0x00000000a4000000)
  object space 21248K, 16% used [0x0000000099a00000,0x0000000099d7c520,0x000000009aec0000)
Event: 4.558 GC heap after
Heap after GC invocations=7 (full 0):
 PSYoungGen      total 102144K, used 192K [0x00000000e1560000, 0x00000000ede80000, 0x0000000100000000)
  eden space 94208K, 0% used [0x00000000e1560000,0x00000000e1560000,0x00000000e7160000)
  from space 7936K, 2% used [0x00000000e7160000,0x00000000e7190000,0x00000000e7920000)
  to   space 8768K, 0% used [0x00000000ed5f0000,0x00000000ed5f0000,0x00000000ede80000)
 ParOldGen       total 62784K, used 11003K [0x00000000a4000000, 0x00000000a7d50000, 0x00000000e1560000)
  object space 62784K, 17% used [0x00000000a4000000,0x00000000a4abecb8,0x00000000a7d50000)
 PSPermGen       total 21248K, used 3569K [0x0000000099a00000, 0x000000009aec0000, 0x00000000a4000000)
  object space 21248K, 16% used [0x0000000099a00000,0x0000000099d7c520,0x000000009aec0000)
}
Event: 4.955 GC heap before
{Heap before GC invocations=8 (full 0):
 PSYoungGen      total 102144K, used 94400K [0x00000000e1560000, 0x00000000ede80000, 0x0000000100000000)
  eden space 94208K, 100% used [0x00000000e1560000,0x00000000e7160000,0x00000000e7160000)
  from space 7936K, 2% used [0x00000000e7160000,0x00000000e7190000,0x00000000e7920000)
  to   space 8768K, 0% used [0x00000000ed5f0000,0x00000000ed5f0000,0x00000000ede80000)
 ParOldGen       total 62784K, used 11003K [0x00000000a4000000, 0x00000000a7d50000, 0x00000000e1560000)
  object space 62784K, 17% used [0x00000000a4000000,0x00000000a4abecb8,0x00000000a7d50000)
 PSPermGen       total 21248K, used 3569K [0x0000000099a00000, 0x000000009aec0000, 0x00000000a4000000)
  object space 21248K, 16% used [0x0000000099a00000,0x0000000099d7c520,0x000000009aec0000)
Event: 4.956 GC heap after
Heap after GC invocations=8 (full 0):
 PSYoungGen      total 196800K, used 192K [0x00000000e1560000, 0x00000000edf40000, 0x0000000100000000)
  eden space 188032K, 0% used [0x00000000e1560000,0x00000000e1560000,0x00000000ecd00000)
  from space 8768K, 2% used [0x00000000ed5f0000,0x00000000ed620000,0x00000000ede80000)
  to   space 9152K, 0% used [0x00000000ecd00000,0x00000000ecd00000,0x00000000ed5f0000)
 ParOldGen       total 62784K, used 11043K [0x00000000a4000000, 0x00000000a7d50000, 0x00000000e1560000)
  object space 62784K, 17% used [0x00000000a4000000,0x00000000a4ac8cb8,0x00000000a7d50000)
 PSPermGen       total 21248K, used 3569K [0x0000000099a00000, 0x000000009aec0000, 0x00000000a4000000)
  object space 21248K, 16% used [0x0000000099a00000,0x0000000099d7c520,0x000000009aec0000)
}
Event: 21.303 GC heap before
{Heap before GC invocations=9 (full 0):
 PSYoungGen      total 196800K, used 188224K [0x00000000e1560000, 0x00000000edf40000, 0x0000000100000000)
  eden space 188032K, 100% used [0x00000000e1560000,0x00000000ecd00000,0x00000000ecd00000)
  from space 8768K, 2% used [0x00000000ed5f0000,0x00000000ed620000,0x00000000ede80000)
  to   space 9152K, 0% used [0x00000000ecd00000,0x00000000ecd00000,0x00000000ed5f0000)
 ParOldGen       total 62784K, used 11043K [0x00000000a4000000, 0x00000000a7d50000, 0x00000000e1560000)
  object space 62784K, 17% used [0x00000000a4000000,0x00000000a4ac8cb8,0x00000000a7d50000)
 PSPermGen       total 21248K, used 15237K [0x0000000099a00000, 0x000000009aec0000, 0x00000000a4000000)
  object space 21248K, 71% used [0x0000000099a00000,0x000000009a8e17b8,0x000000009aec0000)
Event: 21.308 GC heap after
Heap after GC invocations=9 (full 0):
 PSYoungGen      total 197184K, used 2018K [0x00000000e1560000, 0x00000000f4cb0000, 0x0000000100000000)
  eden space 188032K, 0% used [0x00000000e1560000,0x00000000e1560000,0x00000000ecd00000)
  from space 9152K, 22% used [0x00000000ecd00000,0x00000000ecef8850,0x00000000ed5f0000)
  to   space 8960K, 0% used [0x00000000f43f0000,0x00000000f43f0000,0x00000000f4cb0000)
 ParOldGen       total 62784K, used 11091K [0x00000000a4000000, 0x00000000a7d50000, 0x00000000e1560000)
  object space 62784K, 17% used [0x00000000a4000000,0x00000000a4ad4cb8,0x00000000a7d50000)
 PSPermGen       total 21248K, used 15237K [0x0000000099a00000, 0x000000009aec0000, 0x00000000a4000000)
  object space 21248K, 71% used [0x0000000099a00000,0x000000009a8e17b8,0x000000009aec0000)
}
Event: 103.526 GC heap before
{Heap before GC invocations=10 (full 0):
 PSYoungGen      total 197184K, used 190050K [0x00000000e1560000, 0x00000000f4cb0000, 0x0000000100000000)
  eden space 188032K, 100% used [0x00000000e1560000,0x00000000ecd00000,0x00000000ecd00000)
  from space 9152K, 22% used [0x00000000ecd00000,0x00000000ecef8850,0x00000000ed5f0000)
  to   space 8960K, 0% used [0x00000000f43f0000,0x00000000f43f0000,0x00000000f4cb0000)
 ParOldGen       total 62784K, used 11091K [0x00000000a4000000, 0x00000000a7d50000, 0x00000000e1560000)
  object space 62784K, 17% used [0x00000000a4000000,0x00000000a4ad4cb8,0x00000000a7d50000)
 PSPermGen       total 21248K, used 19072K [0x0000000099a00000, 0x000000009aec0000, 0x00000000a4000000)
  object space 21248K, 89% used [0x0000000099a00000,0x000000009aca00c0,0x000000009aec0000)
Event: 103.537 GC heap after
Heap after GC invocations=10 (full 0):
 PSYoungGen      total 308800K, used 3910K [0x00000000e1560000, 0x00000000f4bb0000, 0x0000000100000000)
  eden space 300864K, 0% used [0x00000000e1560000,0x00000000e1560000,0x00000000f3b30000)
  from space 7936K, 49% used [0x00000000f43f0000,0x00000000f47c1bd8,0x00000000f4bb0000)
  to   space 8448K, 0% used [0x00000000f3b30000,0x00000000f3b30000,0x00000000f4370000)
 ParOldGen       total 62784K, used 11107K [0x00000000a4000000, 0x00000000a7d50000, 0x00000000e1560000)
  object space 62784K, 17% used [0x00000000a4000000,0x00000000a4ad8cb8,0x00000000a7d50000)
 PSPermGen       total 21248K, used 19072K [0x0000000099a00000, 0x000000009aec0000, 0x00000000a4000000)
  object space 21248K, 89% used [0x0000000099a00000,0x000000009aca00c0,0x000000009aec0000)
}

