# JRE version: 7.0_25-b30
# Java VM: OpenJDK 64-Bit Server VM (23.7-b01 mixed mode linux-amd64 compressed oops)
Heap
 PSYoungGen      total 262464K, used 79529K [0x00000007d6c00000, 0x00000007f0900000, 0x0000000800000000)
  eden space 253184K, 29% used [0x00000007d6c00000,0x00000007db4b2a38,0x00000007e6340000)
  from space 9280K, 54% used [0x00000007e6340000,0x00000007e6837d00,0x00000007e6c50000)
  to   space 8896K, 0% used [0x00000007f0050000,0x00000007f0050000,0x00000007f0900000)
 ParOldGen       total 84480K, used 9754K [0x0000000784400000, 0x0000000789680000, 0x00000007d6c00000)
  object space 84480K, 11% used [0x0000000784400000,0x0000000784d86bd0,0x0000000789680000)
 PSPermGen       total 21248K, used 19102K [0x0000000779e00000, 0x000000077b2c0000, 0x0000000784400000)
  object space 21248K, 89% used [0x0000000779e00000,0x000000077b0a7990,0x000000077b2c0000)
GC Heap History (10 events):
Event: 1.707 GC heap before
{Heap before GC invocations=5 (full 0):
 PSYoungGen      total 68608K, used 68416K [0x00000007d6c00000, 0x00000007db420000, 0x0000000800000000)
  eden space 63360K, 100% used [0x00000007d6c00000,0x00000007da9e0000,0x00000007da9e0000)
  from space 5248K, 96% used [0x00000007daf00000,0x00000007db3f0020,0x00000007db420000)
  to   space 5248K, 0% used [0x00000007da9e0000,0x00000007da9e0000,0x00000007daf00000)
 ParOldGen       total 84480K, used 3846K [0x0000000784400000, 0x0000000789680000, 0x00000007d6c00000)
  object space 84480K, 4% used [0x0000000784400000,0x00000007847c1b60,0x0000000789680000)
 PSPermGen       total 21248K, used 3568K [0x0000000779e00000, 0x000000077b2c0000, 0x0000000784400000)
  object space 21248K, 16% used [0x0000000779e00000,0x000000077a17c2f8,0x000000077b2c0000)
Event: 1.720 GC heap after
Heap after GC invocations=5 (full 0):
 PSYoungGen      total 68608K, used 5216K [0x00000007d6c00000, 0x00000007df840000, 0x0000000800000000)
  eden space 63360K, 0% used [0x00000007d6c00000,0x00000007d6c00000,0x00000007da9e0000)
  from space 5248K, 99% used [0x00000007da9e0000,0x00000007daef8020,0x00000007daf00000)
  to   space 8448K, 0% used [0x00000007df000000,0x00000007df000000,0x00000007df840000)
 ParOldGen       total 84480K, used 4854K [0x0000000784400000, 0x0000000789680000, 0x00000007d6c00000)
  object space 84480K, 5% used [0x0000000784400000,0x00000007848bdb60,0x0000000789680000)
 PSPermGen       total 21248K, used 3568K [0x0000000779e00000, 0x000000077b2c0000, 0x0000000784400000)
  object space 21248K, 16% used [0x0000000779e00000,0x000000077a17c2f8,0x000000077b2c0000)
}
Event: 1.983 GC heap before
{Heap before GC invocations=6 (full 0):
 PSYoungGen      total 68608K, used 68576K [0x00000007d6c00000, 0x00000007df840000, 0x0000000800000000)
  eden space 63360K, 100% used [0x00000007d6c00000,0x00000007da9e0000,0x00000007da9e0000)
  from space 5248K, 99% used [0x00000007da9e0000,0x00000007daef8020,0x00000007daf00000)
  to   space 8448K, 0% used [0x00000007df000000,0x00000007df000000,0x00000007df840000)
 ParOldGen       total 84480K, used 4854K [0x0000000784400000, 0x0000000789680000, 0x00000007d6c00000)
  object space 84480K, 5% used [0x0000000784400000,0x00000007848bdb60,0x0000000789680000)
 PSPermGen       total 21248K, used 3568K [0x0000000779e00000, 0x000000077b2c0000, 0x0000000784400000)
  object space 21248K, 16% used [0x0000000779e00000,0x000000077a17c2f8,0x000000077b2c0000)
Event: 1.993 GC heap after
Heap after GC invocations=6 (full 0):
 PSYoungGen      total 134784K, used 5520K [0x00000007d6c00000, 0x00000007df7e0000, 0x0000000800000000)
  eden space 126720K, 0% used [0x00000007d6c00000,0x00000007d6c00000,0x00000007de7c0000)
  from space 8064K, 68% used [0x00000007df000000,0x00000007df564010,0x00000007df7e0000)
  to   space 8256K, 0% used [0x00000007de7c0000,0x00000007de7c0000,0x00000007defd0000)
 ParOldGen       total 84480K, used 4854K [0x0000000784400000, 0x0000000789680000, 0x00000007d6c00000)
  object space 84480K, 5% used [0x0000000784400000,0x00000007848bdb60,0x0000000789680000)
 PSPermGen       total 21248K, used 3568K [0x0000000779e00000, 0x000000077b2c0000, 0x0000000784400000)
  object space 21248K, 16% used [0x0000000779e00000,0x000000077a17c2f8,0x000000077b2c0000)
}
Event: 2.462 GC heap before
{Heap before GC invocations=7 (full 0):
 PSYoungGen      total 134784K, used 132240K [0x00000007d6c00000, 0x00000007df7e0000, 0x0000000800000000)
  eden space 126720K, 100% used [0x00000007d6c00000,0x00000007de7c0000,0x00000007de7c0000)
  from space 8064K, 68% used [0x00000007df000000,0x00000007df564010,0x00000007df7e0000)
  to   space 8256K, 0% used [0x00000007de7c0000,0x00000007de7c0000,0x00000007defd0000)
 ParOldGen       total 84480K, used 4854K [0x0000000784400000, 0x0000000789680000, 0x00000007d6c00000)
  object space 84480K, 5% used [0x0000000784400000,0x00000007848bdb60,0x0000000789680000)
 PSPermGen       total 21248K, used 3568K [0x0000000779e00000, 0x000000077b2c0000, 0x0000000784400000)
  object space 21248K, 16% used [0x0000000779e00000,0x000000077a17c2f8,0x000000077b2c0000)
Event: 2.475 GC heap after
Heap after GC invocations=7 (full 0):
 PSYoungGen      total 134976K, used 1344K [0x00000007d6c00000, 0x00000007e7520000, 0x0000000800000000)
  eden space 126720K, 0% used [0x00000007d6c00000,0x00000007d6c00000,0x00000007de7c0000)
  from space 8256K, 16% used [0x00000007de7c0000,0x00000007de910000,0x00000007defd0000)
  to   space 9024K, 0% used [0x00000007e6c50000,0x00000007e6c50000,0x00000007e7520000)
 ParOldGen       total 84480K, used 9578K [0x0000000784400000, 0x0000000789680000, 0x00000007d6c00000)
  object space 84480K, 11% used [0x0000000784400000,0x0000000784d5abd0,0x0000000789680000)
 PSPermGen       total 21248K, used 3568K [0x0000000779e00000, 0x000000077b2c0000, 0x0000000784400000)
  object space 21248K, 16% used [0x0000000779e00000,0x000000077a17c2f8,0x000000077b2c0000)
}
Event: 2.880 GC heap before
{Heap before GC invocations=8 (full 0):
 PSYoungGen      total 134976K, used 128064K [0x00000007d6c00000, 0x00000007e7520000, 0x0000000800000000)
  eden space 126720K, 100% used [0x00000007d6c00000,0x00000007de7c0000,0x00000007de7c0000)
  from space 8256K, 16% used [0x00000007de7c0000,0x00000007de910000,0x00000007defd0000)
  to   space 9024K, 0% used [0x00000007e6c50000,0x00000007e6c50000,0x00000007e7520000)
 ParOldGen       total 84480K, used 9578K [0x0000000784400000, 0x0000000789680000, 0x00000007d6c00000)
  object space 84480K, 11% used [0x0000000784400000,0x0000000784d5abd0,0x0000000789680000)
 PSPermGen       total 21248K, used 3568K [0x0000000779e00000, 0x000000077b2c0000, 0x0000000784400000)
  object space 21248K, 16% used [0x0000000779e00000,0x000000077a17c2f8,0x000000077b2c0000)
Event: 2.886 GC heap after
Heap after GC invocations=8 (full 0):
 PSYoungGen      total 262208K, used 1728K [0x00000007d6c00000, 0x00000007e75a0000, 0x0000000800000000)
  eden space 253184K, 0% used [0x00000007d6c00000,0x00000007d6c00000,0x00000007e6340000)
  from space 9024K, 19% used [0x00000007e6c50000,0x00000007e6e00000,0x00000007e7520000)
  to   space 9280K, 0% used [0x00000007e6340000,0x00000007e6340000,0x00000007e6c50000)
 ParOldGen       total 84480K, used 9698K [0x0000000784400000, 0x0000000789680000, 0x00000007d6c00000)
  object space 84480K, 11% used [0x0000000784400000,0x0000000784d78bd0,0x0000000789680000)
 PSPermGen       total 21248K, used 3568K [0x0000000779e00000, 0x000000077b2c0000, 0x0000000784400000)
  object space 21248K, 16% used [0x0000000779e00000,0x000000077a17c2f8,0x000000077b2c0000)
}
Event: 163.066 GC heap before
{Heap before GC invocations=9 (full 0):
 PSYoungGen      total 262208K, used 254912K [0x00000007d6c00000, 0x00000007e75a0000, 0x0000000800000000)
  eden space 253184K, 100% used [0x00000007d6c00000,0x00000007e6340000,0x00000007e6340000)
  from space 9024K, 19% used [0x00000007e6c50000,0x00000007e6e00000,0x00000007e7520000)
  to   space 9280K, 0% used [0x00000007e6340000,0x00000007e6340000,0x00000007e6c50000)
 ParOldGen       total 84480K, used 9698K [0x0000000784400000, 0x0000000789680000, 0x00000007d6c00000)
  object space 84480K, 11% used [0x0000000784400000,0x0000000784d78bd0,0x0000000789680000)
 PSPermGen       total 21248K, used 19089K [0x0000000779e00000, 0x000000077b2c0000, 0x0000000784400000)
  object space 21248K, 89% used [0x0000000779e00000,0x000000077b0a47b0,0x000000077b2c0000)
Event: 163.073 GC heap after
Heap after GC invocations=9 (full 0):
 PSYoungGen      total 262464K, used 5087K [0x00000007d6c00000, 0x00000007f0900000, 0x0000000800000000)
  eden space 253184K, 0% used [0x00000007d6c00000,0x00000007d6c00000,0x00000007e6340000)
  from space 9280K, 54% used [0x00000007e6340000,0x00000007e6837d00,0x00000007e6c50000)
  to   space 8896K, 0% used [0x00000007f0050000,0x00000007f0050000,0x00000007f0900000)
 ParOldGen       total 84480K, used 9754K [0x0000000784400000, 0x0000000789680000, 0x00000007d6c00000)
  object space 84480K, 11% used [0x0000000784400000,0x0000000784d86bd0,0x0000000789680000)
 PSPermGen       total 21248K, used 19089K [0x0000000779e00000, 0x000000077b2c0000, 0x0000000784400000)
  object space 21248K, 89% used [0x0000000779e00000,0x000000077b0a47b0,0x000000077b2c0000)
}

