# JRE version: OpenJDK Runtime Environment (7.0_51) (build 1.7.0_51-b00)
# Java VM: OpenJDK 64-Bit Server VM (24.45-b08 mixed mode linux-amd64 compressed oops)
Heap
 PSYoungGen      total 24064K, used 11256K [0x00000007d6c80000, 0x00000007f9880000, 0x0000000800000000)
  eden space 23552K, 47% used [0x00000007d6c80000,0x00000007d776e2c8,0x00000007d8380000)
  from space 512K, 12% used [0x00000007f9780000,0x00000007f9790000,0x00000007f9800000)
  to   space 512K, 0% used [0x00000007f9800000,0x00000007f9800000,0x00000007f9880000)
 ParOldGen       total 83968K, used 16355K [0x0000000784600000, 0x0000000789800000, 0x00000007d6c80000)
  object space 83968K, 19% used [0x0000000784600000,0x00000007855f8ed0,0x0000000789800000)
 PSPermGen       total 21504K, used 16670K [0x000000077a000000, 0x000000077b500000, 0x0000000784600000)
  object space 21504K, 77% used [0x000000077a000000,0x000000077b047950,0x000000077b500000)
GC Heap History (10 events):
Event: 146293.122 GC heap before
{Heap before GC invocations=381 (full 0):
 PSYoungGen      total 24064K, used 23616K [0x00000007d6c80000, 0x00000007f9880000, 0x0000000800000000)
  eden space 23552K, 100% used [0x00000007d6c80000,0x00000007d8380000,0x00000007d8380000)
  from space 512K, 12% used [0x00000007f9800000,0x00000007f9810000,0x00000007f9880000)
  to   space 512K, 0% used [0x00000007f9780000,0x00000007f9780000,0x00000007f9800000)
 ParOldGen       total 83968K, used 16355K [0x0000000784600000, 0x0000000789800000, 0x00000007d6c80000)
  object space 83968K, 19% used [0x0000000784600000,0x00000007855f8ed0,0x0000000789800000)
 PSPermGen       total 21504K, used 16636K [0x000000077a000000, 0x000000077b500000, 0x0000000784600000)
  object space 21504K, 77% used [0x000000077a000000,0x000000077b03f320,0x000000077b500000)
Event: 146293.124 GC heap after
Heap after GC invocations=381 (full 0):
 PSYoungGen      total 24064K, used 64K [0x00000007d6c80000, 0x00000007f9880000, 0x0000000800000000)
  eden space 23552K, 0% used [0x00000007d6c80000,0x00000007d6c80000,0x00000007d8380000)
  from space 512K, 12% used [0x00000007f9780000,0x00000007f9790000,0x00000007f9800000)
  to   space 512K, 0% used [0x00000007f9800000,0x00000007f9800000,0x00000007f9880000)
 ParOldGen       total 83968K, used 16355K [0x0000000784600000, 0x0000000789800000, 0x00000007d6c80000)
  object space 83968K, 19% used [0x0000000784600000,0x00000007855f8ed0,0x0000000789800000)
 PSPermGen       total 21504K, used 16636K [0x000000077a000000, 0x000000077b500000, 0x0000000784600000)
  object space 21504K, 77% used [0x000000077a000000,0x000000077b03f320,0x000000077b500000)
}
Event: 146434.348 GC heap before
{Heap before GC invocations=382 (full 0):
 PSYoungGen      total 24064K, used 23616K [0x00000007d6c80000, 0x00000007f9880000, 0x0000000800000000)
  eden space 23552K, 100% used [0x00000007d6c80000,0x00000007d8380000,0x00000007d8380000)
  from space 512K, 12% used [0x00000007f9780000,0x00000007f9790000,0x00000007f9800000)
  to   space 512K, 0% used [0x00000007f9800000,0x00000007f9800000,0x00000007f9880000)
 ParOldGen       total 83968K, used 16355K [0x0000000784600000, 0x0000000789800000, 0x00000007d6c80000)
  object space 83968K, 19% used [0x0000000784600000,0x00000007855f8ed0,0x0000000789800000)
 PSPermGen       total 21504K, used 16636K [0x000000077a000000, 0x000000077b500000, 0x0000000784600000)
  object space 21504K, 77% used [0x000000077a000000,0x000000077b03f320,0x000000077b500000)
Event: 146434.349 GC heap after
Heap after GC invocations=382 (full 0):
 PSYoungGen      total 24064K, used 64K [0x00000007d6c80000, 0x00000007f9880000, 0x0000000800000000)
  eden space 23552K, 0% used [0x00000007d6c80000,0x00000007d6c80000,0x00000007d8380000)
  from space 512K, 12% used [0x00000007f9800000,0x00000007f9810000,0x00000007f9880000)
  to   space 512K, 0% used [0x00000007f9780000,0x00000007f9780000,0x00000007f9800000)
 ParOldGen       total 83968K, used 16355K [0x0000000784600000, 0x0000000789800000, 0x00000007d6c80000)
  object space 83968K, 19% used [0x0000000784600000,0x00000007855f8ed0,0x0000000789800000)
 PSPermGen       total 21504K, used 16636K [0x000000077a000000, 0x000000077b500000, 0x0000000784600000)
  object space 21504K, 77% used [0x000000077a000000,0x000000077b03f320,0x000000077b500000)
}
Event: 146575.580 GC heap before
{Heap before GC invocations=383 (full 0):
 PSYoungGen      total 24064K, used 23616K [0x00000007d6c80000, 0x00000007f9880000, 0x0000000800000000)
  eden space 23552K, 100% used [0x00000007d6c80000,0x00000007d8380000,0x00000007d8380000)
  from space 512K, 12% used [0x00000007f9800000,0x00000007f9810000,0x00000007f9880000)
  to   space 512K, 0% used [0x00000007f9780000,0x00000007f9780000,0x00000007f9800000)
 ParOldGen       total 83968K, used 16355K [0x0000000784600000, 0x0000000789800000, 0x00000007d6c80000)
  object space 83968K, 19% used [0x0000000784600000,0x00000007855f8ed0,0x0000000789800000)
 PSPermGen       total 21504K, used 16636K [0x000000077a000000, 0x000000077b500000, 0x0000000784600000)
  object space 21504K, 77% used [0x000000077a000000,0x000000077b03f320,0x000000077b500000)
Event: 146575.581 GC heap after
Heap after GC invocations=383 (full 0):
 PSYoungGen      total 24064K, used 96K [0x00000007d6c80000, 0x00000007f9880000, 0x0000000800000000)
  eden space 23552K, 0% used [0x00000007d6c80000,0x00000007d6c80000,0x00000007d8380000)
  from space 512K, 18% used [0x00000007f9780000,0x00000007f9798000,0x00000007f9800000)
  to   space 512K, 0% used [0x00000007f9800000,0x00000007f9800000,0x00000007f9880000)
 ParOldGen       total 83968K, used 16355K [0x0000000784600000, 0x0000000789800000, 0x00000007d6c80000)
  object space 83968K, 19% used [0x0000000784600000,0x00000007855f8ed0,0x0000000789800000)
 PSPermGen       total 21504K, used 16636K [0x000000077a000000, 0x000000077b500000, 0x0000000784600000)
  object space 21504K, 77% used [0x000000077a000000,0x000000077b03f320,0x000000077b500000)
}
Event: 146716.809 GC heap before
{Heap before GC invocations=384 (full 0):
 PSYoungGen      total 24064K, used 23648K [0x00000007d6c80000, 0x00000007f9880000, 0x0000000800000000)
  eden space 23552K, 100% used [0x00000007d6c80000,0x00000007d8380000,0x00000007d8380000)
  from space 512K, 18% used [0x00000007f9780000,0x00000007f9798000,0x00000007f9800000)
  to   space 512K, 0% used [0x00000007f9800000,0x00000007f9800000,0x00000007f9880000)
 ParOldGen       total 83968K, used 16355K [0x0000000784600000, 0x0000000789800000, 0x00000007d6c80000)
  object space 83968K, 19% used [0x0000000784600000,0x00000007855f8ed0,0x0000000789800000)
 PSPermGen       total 21504K, used 16636K [0x000000077a000000, 0x000000077b500000, 0x0000000784600000)
  object space 21504K, 77% used [0x000000077a000000,0x000000077b03f320,0x000000077b500000)
Event: 146716.810 GC heap after
Heap after GC invocations=384 (full 0):
 PSYoungGen      total 24064K, used 96K [0x00000007d6c80000, 0x00000007f9880000, 0x0000000800000000)
  eden space 23552K, 0% used [0x00000007d6c80000,0x00000007d6c80000,0x00000007d8380000)
  from space 512K, 18% used [0x00000007f9800000,0x00000007f9818000,0x00000007f9880000)
  to   space 512K, 0% used [0x00000007f9780000,0x00000007f9780000,0x00000007f9800000)
 ParOldGen       total 83968K, used 16355K [0x0000000784600000, 0x0000000789800000, 0x00000007d6c80000)
  object space 83968K, 19% used [0x0000000784600000,0x00000007855f8ed0,0x0000000789800000)
 PSPermGen       total 21504K, used 16636K [0x000000077a000000, 0x000000077b500000, 0x0000000784600000)
  object space 21504K, 77% used [0x000000077a000000,0x000000077b03f320,0x000000077b500000)
}
Event: 146858.059 GC heap before
{Heap before GC invocations=385 (full 0):
 PSYoungGen      total 24064K, used 23648K [0x00000007d6c80000, 0x00000007f9880000, 0x0000000800000000)
  eden space 23552K, 100% used [0x00000007d6c80000,0x00000007d8380000,0x00000007d8380000)
  from space 512K, 18% used [0x00000007f9800000,0x00000007f9818000,0x00000007f9880000)
  to   space 512K, 0% used [0x00000007f9780000,0x00000007f9780000,0x00000007f9800000)
 ParOldGen       total 83968K, used 16355K [0x0000000784600000, 0x0000000789800000, 0x00000007d6c80000)
  object space 83968K, 19% used [0x0000000784600000,0x00000007855f8ed0,0x0000000789800000)
 PSPermGen       total 21504K, used 16636K [0x000000077a000000, 0x000000077b500000, 0x0000000784600000)
  object space 21504K, 77% used [0x000000077a000000,0x000000077b03f320,0x000000077b500000)
Event: 146858.060 GC heap after
Heap after GC invocations=385 (full 0):
 PSYoungGen      total 24064K, used 64K [0x00000007d6c80000, 0x00000007f9880000, 0x0000000800000000)
  eden space 23552K, 0% used [0x00000007d6c80000,0x00000007d6c80000,0x00000007d8380000)
  from space 512K, 12% used [0x00000007f9780000,0x00000007f9790000,0x00000007f9800000)
  to   space 512K, 0% used [0x00000007f9800000,0x00000007f9800000,0x00000007f9880000)
 ParOldGen       total 83968K, used 16355K [0x0000000784600000, 0x0000000789800000, 0x00000007d6c80000)
  object space 83968K, 19% used [0x0000000784600000,0x00000007855f8ed0,0x0000000789800000)
 PSPermGen       total 21504K, used 16636K [0x000000077a000000, 0x000000077b500000, 0x0000000784600000)
  object space 21504K, 77% used [0x000000077a000000,0x000000077b03f320,0x000000077b500000)
}

