# JRE version: 7.0_25-b30
# Java VM: OpenJDK 64-Bit Server VM (23.7-b01 mixed mode linux-amd64 compressed oops)
Heap
 PSYoungGen      total 385280K, used 51639K [0x00000000e1560000, 0x00000000f9620000, 0x0000000100000000)
  eden space 376832K, 12% used [0x00000000e1560000,0x00000000e44ec108,0x00000000f8560000)
  from space 8448K, 34% used [0x00000000f8de0000,0x00000000f90c1ba8,0x00000000f9620000)
  to   space 8576K, 0% used [0x00000000f8560000,0x00000000f8560000,0x00000000f8dc0000)
 ParOldGen       total 62784K, used 12047K [0x00000000a4000000, 0x00000000a7d50000, 0x00000000e1560000)
  object space 62784K, 19% used [0x00000000a4000000,0x00000000a4bc3cc8,0x00000000a7d50000)
 PSPermGen       total 21248K, used 17082K [0x0000000099a00000, 0x000000009aec0000, 0x00000000a4000000)
  object space 21248K, 80% used [0x0000000099a00000,0x000000009aaae870,0x000000009aec0000)
GC Heap History (10 events):
Event: 8.477 GC heap before
{Heap before GC invocations=4 (full 0):
 PSYoungGen      total 51008K, used 50992K [0x00000000e1560000, 0x00000000e7900000, 0x0000000100000000)
  eden space 47104K, 100% used [0x00000000e1560000,0x00000000e4360000,0x00000000e4360000)
  from space 3904K, 99% used [0x00000000e4360000,0x00000000e472c010,0x00000000e4730000)
  to   space 3904K, 0% used [0x00000000e7530000,0x00000000e7530000,0x00000000e7900000)
 ParOldGen       total 62784K, used 6691K [0x00000000a4000000, 0x00000000a7d50000, 0x00000000e1560000)
  object space 62784K, 10% used [0x00000000a4000000,0x00000000a4688c58,0x00000000a7d50000)
 PSPermGen       total 21248K, used 3570K [0x0000000099a00000, 0x000000009aec0000, 0x00000000a4000000)
  object space 21248K, 16% used [0x0000000099a00000,0x0000000099d7cb18,0x000000009aec0000)
Event: 8.583 GC heap after
Heap after GC invocations=4 (full 0):
 PSYoungGen      total 98112K, used 3904K [0x00000000e1560000, 0x00000000e7900000, 0x0000000100000000)
  eden space 94208K, 0% used [0x00000000e1560000,0x00000000e1560000,0x00000000e7160000)
  from space 3904K, 100% used [0x00000000e7530000,0x00000000e7900000,0x00000000e7900000)
  to   space 3904K, 0% used [0x00000000e7160000,0x00000000e7160000,0x00000000e7530000)
 ParOldGen       total 62784K, used 7495K [0x00000000a4000000, 0x00000000a7d50000, 0x00000000e1560000)
  object space 62784K, 11% used [0x00000000a4000000,0x00000000a4751c68,0x00000000a7d50000)
 PSPermGen       total 21248K, used 3570K [0x0000000099a00000, 0x000000009aec0000, 0x00000000a4000000)
  object space 21248K, 16% used [0x0000000099a00000,0x0000000099d7cb18,0x000000009aec0000)
}
Event: 9.888 GC heap before
{Heap before GC invocations=5 (full 0):
 PSYoungGen      total 98112K, used 98112K [0x00000000e1560000, 0x00000000e7900000, 0x0000000100000000)
  eden space 94208K, 100% used [0x00000000e1560000,0x00000000e7160000,0x00000000e7160000)
  from space 3904K, 100% used [0x00000000e7530000,0x00000000e7900000,0x00000000e7900000)
  to   space 3904K, 0% used [0x00000000e7160000,0x00000000e7160000,0x00000000e7530000)
 ParOldGen       total 62784K, used 7495K [0x00000000a4000000, 0x00000000a7d50000, 0x00000000e1560000)
  object space 62784K, 11% used [0x00000000a4000000,0x00000000a4751c68,0x00000000a7d50000)
 PSPermGen       total 21248K, used 3570K [0x0000000099a00000, 0x000000009aec0000, 0x00000000a4000000)
  object space 21248K, 16% used [0x0000000099a00000,0x0000000099d7cb18,0x000000009aec0000)
Event: 9.961 GC heap after
Heap after GC invocations=5 (full 0):
 PSYoungGen      total 98112K, used 3904K [0x00000000e1560000, 0x00000000eddc0000, 0x0000000100000000)
  eden space 94208K, 0% used [0x00000000e1560000,0x00000000e1560000,0x00000000e7160000)
  from space 3904K, 100% used [0x00000000e7160000,0x00000000e7530000,0x00000000e7530000)
  to   space 8384K, 0% used [0x00000000ed590000,0x00000000ed590000,0x00000000eddc0000)
 ParOldGen       total 62784K, used 8263K [0x00000000a4000000, 0x00000000a7d50000, 0x00000000e1560000)
  object space 62784K, 13% used [0x00000000a4000000,0x00000000a4811c68,0x00000000a7d50000)
 PSPermGen       total 21248K, used 3570K [0x0000000099a00000, 0x000000009aec0000, 0x00000000a4000000)
  object space 21248K, 16% used [0x0000000099a00000,0x0000000099d7cb18,0x000000009aec0000)
}
Event: 10.844 GC heap before
{Heap before GC invocations=6 (full 0):
 PSYoungGen      total 98112K, used 98112K [0x00000000e1560000, 0x00000000eddc0000, 0x0000000100000000)
  eden space 94208K, 100% used [0x00000000e1560000,0x00000000e7160000,0x00000000e7160000)
  from space 3904K, 100% used [0x00000000e7160000,0x00000000e7530000,0x00000000e7530000)
  to   space 8384K, 0% used [0x00000000ed590000,0x00000000ed590000,0x00000000eddc0000)
 ParOldGen       total 62784K, used 8263K [0x00000000a4000000, 0x00000000a7d50000, 0x00000000e1560000)
  object space 62784K, 13% used [0x00000000a4000000,0x00000000a4811c68,0x00000000a7d50000)
 PSPermGen       total 21248K, used 3570K [0x0000000099a00000, 0x000000009aec0000, 0x00000000a4000000)
  object space 21248K, 16% used [0x0000000099a00000,0x0000000099d7cb18,0x000000009aec0000)
Event: 10.903 GC heap after
Heap after GC invocations=6 (full 0):
 PSYoungGen      total 196288K, used 4736K [0x00000000e1560000, 0x00000000edd40000, 0x0000000100000000)
  eden space 188416K, 0% used [0x00000000e1560000,0x00000000e1560000,0x00000000ecd60000)
  from space 7872K, 60% used [0x00000000ed590000,0x00000000eda30000,0x00000000edd40000)
  to   space 8128K, 0% used [0x00000000ecd60000,0x00000000ecd60000,0x00000000ed550000)
 ParOldGen       total 62784K, used 8263K [0x00000000a4000000, 0x00000000a7d50000, 0x00000000e1560000)
  object space 62784K, 13% used [0x00000000a4000000,0x00000000a4811c68,0x00000000a7d50000)
 PSPermGen       total 21248K, used 3570K [0x0000000099a00000, 0x000000009aec0000, 0x00000000a4000000)
  object space 21248K, 16% used [0x0000000099a00000,0x0000000099d7cb18,0x000000009aec0000)
}
Event: 12.851 GC heap before
{Heap before GC invocations=7 (full 0):
 PSYoungGen      total 196288K, used 193152K [0x00000000e1560000, 0x00000000edd40000, 0x0000000100000000)
  eden space 188416K, 100% used [0x00000000e1560000,0x00000000ecd60000,0x00000000ecd60000)
  from space 7872K, 60% used [0x00000000ed590000,0x00000000eda30000,0x00000000edd40000)
  to   space 8128K, 0% used [0x00000000ecd60000,0x00000000ecd60000,0x00000000ed550000)
 ParOldGen       total 62784K, used 8263K [0x00000000a4000000, 0x00000000a7d50000, 0x00000000e1560000)
  object space 62784K, 13% used [0x00000000a4000000,0x00000000a4811c68,0x00000000a7d50000)
 PSPermGen       total 21248K, used 3570K [0x0000000099a00000, 0x000000009aec0000, 0x00000000a4000000)
  object space 21248K, 16% used [0x0000000099a00000,0x0000000099d7cb18,0x000000009aec0000)
Event: 12.909 GC heap after
Heap after GC invocations=7 (full 0):
 PSYoungGen      total 196544K, used 1248K [0x00000000e1560000, 0x00000000f9660000, 0x0000000100000000)
  eden space 188416K, 0% used [0x00000000e1560000,0x00000000e1560000,0x00000000ecd60000)
  from space 8128K, 15% used [0x00000000ecd60000,0x00000000ece98000,0x00000000ed550000)
  to   space 8704K, 0% used [0x00000000f8de0000,0x00000000f8de0000,0x00000000f9660000)
 ParOldGen       total 62784K, used 11959K [0x00000000a4000000, 0x00000000a7d50000, 0x00000000e1560000)
  object space 62784K, 19% used [0x00000000a4000000,0x00000000a4badcc8,0x00000000a7d50000)
 PSPermGen       total 21248K, used 3570K [0x0000000099a00000, 0x000000009aec0000, 0x00000000a4000000)
  object space 21248K, 16% used [0x0000000099a00000,0x0000000099d7cb18,0x000000009aec0000)
}
Event: 65.692 GC heap before
{Heap before GC invocations=8 (full 0):
 PSYoungGen      total 196544K, used 189664K [0x00000000e1560000, 0x00000000f9660000, 0x0000000100000000)
  eden space 188416K, 100% used [0x00000000e1560000,0x00000000ecd60000,0x00000000ecd60000)
  from space 8128K, 15% used [0x00000000ecd60000,0x00000000ece98000,0x00000000ed550000)
  to   space 8704K, 0% used [0x00000000f8de0000,0x00000000f8de0000,0x00000000f9660000)
 ParOldGen       total 62784K, used 11959K [0x00000000a4000000, 0x00000000a7d50000, 0x00000000e1560000)
  object space 62784K, 19% used [0x00000000a4000000,0x00000000a4badcc8,0x00000000a7d50000)
 PSPermGen       total 21248K, used 17067K [0x0000000099a00000, 0x000000009aec0000, 0x00000000a4000000)
  object space 21248K, 80% used [0x0000000099a00000,0x000000009aaaae38,0x000000009aec0000)
Event: 65.728 GC heap after
Heap after GC invocations=8 (full 0):
 PSYoungGen      total 385280K, used 2950K [0x00000000e1560000, 0x00000000f9620000, 0x0000000100000000)
  eden space 376832K, 0% used [0x00000000e1560000,0x00000000e1560000,0x00000000f8560000)
  from space 8448K, 34% used [0x00000000f8de0000,0x00000000f90c1ba8,0x00000000f9620000)
  to   space 8576K, 0% used [0x00000000f8560000,0x00000000f8560000,0x00000000f8dc0000)
 ParOldGen       total 62784K, used 12047K [0x00000000a4000000, 0x00000000a7d50000, 0x00000000e1560000)
  object space 62784K, 19% used [0x00000000a4000000,0x00000000a4bc3cc8,0x00000000a7d50000)
 PSPermGen       total 21248K, used 17067K [0x0000000099a00000, 0x000000009aec0000, 0x00000000a4000000)
  object space 21248K, 80% used [0x0000000099a00000,0x000000009aaaae38,0x000000009aec0000)
}

