# JRE version: 7.0_25-b30
# Java VM: OpenJDK 64-Bit Server VM (23.7-b01 mixed mode linux-amd64 compressed oops)
Heap
 PSYoungGen      total 657600K, used 390260K [0x00000007d6c00000, 0x00000007ff850000, 0x0000000800000000)
  eden space 647808K, 60% used [0x00000007d6c00000,0x00000007ee8fd0f8,0x00000007fe4a0000)
  from space 9792K, 1% used [0x00000007fee60000,0x00000007fee80000,0x00000007ff7f0000)
  to   space 9984K, 0% used [0x00000007fe4a0000,0x00000007fe4a0000,0x00000007fee60000)
 ParOldGen       total 84480K, used 13868K [0x0000000784400000, 0x0000000789680000, 0x00000007d6c00000)
  object space 84480K, 16% used [0x0000000784400000,0x000000078518b110,0x0000000789680000)
 PSPermGen       total 21248K, used 17134K [0x0000000779e00000, 0x000000077b2c0000, 0x0000000784400000)
  object space 21248K, 80% used [0x0000000779e00000,0x000000077aebb9b8,0x000000077b2c0000)
GC Heap History (10 events):
Event: 2.983 GC heap before
{Heap before GC invocations=8 (full 0):
 PSYoungGen      total 134912K, used 127936K [0x00000007d6c00000, 0x00000007e7500000, 0x0000000800000000)
  eden space 126720K, 100% used [0x00000007d6c00000,0x00000007de7c0000,0x00000007de7c0000)
  from space 8192K, 14% used [0x00000007de7c0000,0x00000007de8f0000,0x00000007defc0000)
  to   space 8960K, 0% used [0x00000007e6c40000,0x00000007e6c40000,0x00000007e7500000)
 ParOldGen       total 84480K, used 9611K [0x0000000784400000, 0x0000000789680000, 0x00000007d6c00000)
  object space 84480K, 11% used [0x0000000784400000,0x0000000784d62f78,0x0000000789680000)
 PSPermGen       total 21248K, used 3569K [0x0000000779e00000, 0x000000077b2c0000, 0x0000000784400000)
  object space 21248K, 16% used [0x0000000779e00000,0x000000077a17c490,0x000000077b2c0000)
Event: 2.989 GC heap after
Heap after GC invocations=8 (full 0):
 PSYoungGen      total 262080K, used 1728K [0x00000007d6c00000, 0x00000007e75a0000, 0x0000000800000000)
  eden space 253120K, 0% used [0x00000007d6c00000,0x00000007d6c00000,0x00000007e6330000)
  from space 8960K, 19% used [0x00000007e6c40000,0x00000007e6df0000,0x00000007e7500000)
  to   space 9280K, 0% used [0x00000007e6330000,0x00000007e6330000,0x00000007e6c40000)
 ParOldGen       total 84480K, used 9627K [0x0000000784400000, 0x0000000789680000, 0x00000007d6c00000)
  object space 84480K, 11% used [0x0000000784400000,0x0000000784d66f78,0x0000000789680000)
 PSPermGen       total 21248K, used 3569K [0x0000000779e00000, 0x000000077b2c0000, 0x0000000784400000)
  object space 21248K, 16% used [0x0000000779e00000,0x000000077a17c490,0x000000077b2c0000)
}
Event: 1240.086 GC heap before
{Heap before GC invocations=9 (full 0):
 PSYoungGen      total 262080K, used 254848K [0x00000007d6c00000, 0x00000007e75a0000, 0x0000000800000000)
  eden space 253120K, 100% used [0x00000007d6c00000,0x00000007e6330000,0x00000007e6330000)
  from space 8960K, 19% used [0x00000007e6c40000,0x00000007e6df0000,0x00000007e7500000)
  to   space 9280K, 0% used [0x00000007e6330000,0x00000007e6330000,0x00000007e6c40000)
 ParOldGen       total 84480K, used 9627K [0x0000000784400000, 0x0000000789680000, 0x00000007d6c00000)
  object space 84480K, 11% used [0x0000000784400000,0x0000000784d66f78,0x0000000789680000)
 PSPermGen       total 21248K, used 17114K [0x0000000779e00000, 0x000000077b2c0000, 0x0000000784400000)
  object space 21248K, 80% used [0x0000000779e00000,0x000000077aeb6a78,0x000000077b2c0000)
Event: 1240.093 GC heap after
Heap after GC invocations=9 (full 0):
 PSYoungGen      total 262400K, used 7047K [0x00000007d6c00000, 0x00000007f0a60000, 0x0000000800000000)
  eden space 253120K, 0% used [0x00000007d6c00000,0x00000007d6c00000,0x00000007e6330000)
  from space 9280K, 75% used [0x00000007e6330000,0x00000007e6a11fe0,0x00000007e6c40000)
  to   space 9664K, 0% used [0x00000007f00f0000,0x00000007f00f0000,0x00000007f0a60000)
 ParOldGen       total 84480K, used 9723K [0x0000000784400000, 0x0000000789680000, 0x00000007d6c00000)
  object space 84480K, 11% used [0x0000000784400000,0x0000000784d7ef78,0x0000000789680000)
 PSPermGen       total 21248K, used 17114K [0x0000000779e00000, 0x000000077b2c0000, 0x0000000784400000)
  object space 21248K, 80% used [0x0000000779e00000,0x000000077aeb6a78,0x000000077b2c0000)
}
Event: 1931.357 GC heap before
{Heap before GC invocations=10 (full 0):
 PSYoungGen      total 262400K, used 260167K [0x00000007d6c00000, 0x00000007f0a60000, 0x0000000800000000)
  eden space 253120K, 100% used [0x00000007d6c00000,0x00000007e6330000,0x00000007e6330000)
  from space 9280K, 75% used [0x00000007e6330000,0x00000007e6a11fe0,0x00000007e6c40000)
  to   space 9664K, 0% used [0x00000007f00f0000,0x00000007f00f0000,0x00000007f0a60000)
 ParOldGen       total 84480K, used 9723K [0x0000000784400000, 0x0000000789680000, 0x00000007d6c00000)
  object space 84480K, 11% used [0x0000000784400000,0x0000000784d7ef78,0x0000000789680000)
 PSPermGen       total 21248K, used 17126K [0x0000000779e00000, 0x000000077b2c0000, 0x0000000784400000)
  object space 21248K, 80% used [0x0000000779e00000,0x000000077aeb9858,0x000000077b2c0000)
Event: 1931.362 GC heap after
Heap after GC invocations=10 (full 0):
 PSYoungGen      total 414016K, used 4197K [0x00000007d6c00000, 0x00000007f09c0000, 0x0000000800000000)
  eden space 404992K, 0% used [0x00000007d6c00000,0x00000007d6c00000,0x00000007ef780000)
  from space 9024K, 46% used [0x00000007f00f0000,0x00000007f05094e0,0x00000007f09c0000)
  to   space 9344K, 0% used [0x00000007ef780000,0x00000007ef780000,0x00000007f00a0000)
 ParOldGen       total 84480K, used 9755K [0x0000000784400000, 0x0000000789680000, 0x00000007d6c00000)
  object space 84480K, 11% used [0x0000000784400000,0x0000000784d86f78,0x0000000789680000)
 PSPermGen       total 21248K, used 17126K [0x0000000779e00000, 0x000000077b2c0000, 0x0000000784400000)
  object space 21248K, 80% used [0x0000000779e00000,0x000000077aeb9858,0x000000077b2c0000)
}
Event: 4662.409 GC heap before
{Heap before GC invocations=11 (full 0):
 PSYoungGen      total 414016K, used 409189K [0x00000007d6c00000, 0x00000007f09c0000, 0x0000000800000000)
  eden space 404992K, 100% used [0x00000007d6c00000,0x00000007ef780000,0x00000007ef780000)
  from space 9024K, 46% used [0x00000007f00f0000,0x00000007f05094e0,0x00000007f09c0000)
  to   space 9344K, 0% used [0x00000007ef780000,0x00000007ef780000,0x00000007f00a0000)
 ParOldGen       total 84480K, used 9755K [0x0000000784400000, 0x0000000789680000, 0x00000007d6c00000)
  object space 84480K, 11% used [0x0000000784400000,0x0000000784d86f78,0x0000000789680000)
 PSPermGen       total 21248K, used 17129K [0x0000000779e00000, 0x000000077b2c0000, 0x0000000784400000)
  object space 21248K, 80% used [0x0000000779e00000,0x000000077aeba558,0x000000077b2c0000)
Event: 4662.421 GC heap after
Heap after GC invocations=11 (full 0):
 PSYoungGen      total 414336K, used 160K [0x00000007d6c00000, 0x00000007ff7f0000, 0x0000000800000000)
  eden space 404992K, 0% used [0x00000007d6c00000,0x00000007d6c00000,0x00000007ef780000)
  from space 9344K, 1% used [0x00000007ef780000,0x00000007ef7a8000,0x00000007f00a0000)
  to   space 9792K, 0% used [0x00000007fee60000,0x00000007fee60000,0x00000007ff7f0000)
 ParOldGen       total 84480K, used 13852K [0x0000000784400000, 0x0000000789680000, 0x00000007d6c00000)
  object space 84480K, 16% used [0x0000000784400000,0x0000000785187110,0x0000000789680000)
 PSPermGen       total 21248K, used 17129K [0x0000000779e00000, 0x000000077b2c0000, 0x0000000784400000)
  object space 21248K, 80% used [0x0000000779e00000,0x000000077aeba558,0x000000077b2c0000)
}
Event: 7403.218 GC heap before
{Heap before GC invocations=12 (full 0):
 PSYoungGen      total 414336K, used 405152K [0x00000007d6c00000, 0x00000007ff7f0000, 0x0000000800000000)
  eden space 404992K, 100% used [0x00000007d6c00000,0x00000007ef780000,0x00000007ef780000)
  from space 9344K, 1% used [0x00000007ef780000,0x00000007ef7a8000,0x00000007f00a0000)
  to   space 9792K, 0% used [0x00000007fee60000,0x00000007fee60000,0x00000007ff7f0000)
 ParOldGen       total 84480K, used 13852K [0x0000000784400000, 0x0000000789680000, 0x00000007d6c00000)
  object space 84480K, 16% used [0x0000000784400000,0x0000000785187110,0x0000000789680000)
 PSPermGen       total 21248K, used 17131K [0x0000000779e00000, 0x000000077b2c0000, 0x0000000784400000)
  object space 21248K, 80% used [0x0000000779e00000,0x000000077aebad20,0x000000077b2c0000)
Event: 7403.219 GC heap after
Heap after GC invocations=12 (full 0):
 PSYoungGen      total 657600K, used 128K [0x00000007d6c00000, 0x00000007ff850000, 0x0000000800000000)
  eden space 647808K, 0% used [0x00000007d6c00000,0x00000007d6c00000,0x00000007fe4a0000)
  from space 9792K, 1% used [0x00000007fee60000,0x00000007fee80000,0x00000007ff7f0000)
  to   space 9984K, 0% used [0x00000007fe4a0000,0x00000007fe4a0000,0x00000007fee60000)
 ParOldGen       total 84480K, used 13868K [0x0000000784400000, 0x0000000789680000, 0x00000007d6c00000)
  object space 84480K, 16% used [0x0000000784400000,0x000000078518b110,0x0000000789680000)
 PSPermGen       total 21248K, used 17131K [0x0000000779e00000, 0x000000077b2c0000, 0x0000000784400000)
  object space 21248K, 80% used [0x0000000779e00000,0x000000077aebad20,0x000000077b2c0000)
}

