# JRE version: 7.0_25-b30
# Java VM: OpenJDK 64-Bit Server VM (23.7-b01 mixed mode linux-amd64 compressed oops)
Heap
 PSYoungGen      total 515392K, used 15223K [0x00000007d6c00000, 0x00000007f6ba0000, 0x0000000800000000)
  eden space 506880K, 1% used [0x00000007d6c00000,0x00000007d75d6010,0x00000007f5b00000)
  from space 8512K, 60% used [0x00000007f6350000,0x00000007f6857d00,0x00000007f6ba0000)
  to   space 8512K, 0% used [0x00000007f5b00000,0x00000007f5b00000,0x00000007f6350000)
 ParOldGen       total 84480K, used 11287K [0x0000000784400000, 0x0000000789680000, 0x00000007d6c00000)
  object space 84480K, 13% used [0x0000000784400000,0x0000000784f05e80,0x0000000789680000)
 PSPermGen       total 21248K, used 19225K [0x0000000779e00000, 0x000000077b2c0000, 0x0000000784400000)
  object space 21248K, 90% used [0x0000000779e00000,0x000000077b0c65e8,0x000000077b2c0000)
GC Heap History (10 events):
Event: 1.511 GC heap before
{Heap before GC invocations=4 (full 0):
 PSYoungGen      total 68608K, used 68576K [0x00000007d6c00000, 0x00000007df200000, 0x0000000800000000)
  eden space 63360K, 100% used [0x00000007d6c00000,0x00000007da9e0000,0x00000007da9e0000)
  from space 5248K, 99% used [0x00000007da9e0000,0x00000007daef8020,0x00000007daf00000)
  to   space 5248K, 0% used [0x00000007dece0000,0x00000007dece0000,0x00000007df200000)
 ParOldGen       total 84480K, used 3731K [0x0000000784400000, 0x0000000789680000, 0x00000007d6c00000)
  object space 84480K, 4% used [0x0000000784400000,0x00000007847a4e10,0x0000000789680000)
 PSPermGen       total 21248K, used 3569K [0x0000000779e00000, 0x000000077b2c0000, 0x0000000784400000)
  object space 21248K, 16% used [0x0000000779e00000,0x000000077a17c520,0x000000077b2c0000)
Event: 1.527 GC heap after
Heap after GC invocations=4 (full 0):
 PSYoungGen      total 131968K, used 5216K [0x00000007d6c00000, 0x00000007df200000, 0x0000000800000000)
  eden space 126720K, 0% used [0x00000007d6c00000,0x00000007d6c00000,0x00000007de7c0000)
  from space 5248K, 99% used [0x00000007dece0000,0x00000007df1f8020,0x00000007df200000)
  to   space 5248K, 0% used [0x00000007de7c0000,0x00000007de7c0000,0x00000007dece0000)
 ParOldGen       total 84480K, used 4819K [0x0000000784400000, 0x0000000789680000, 0x00000007d6c00000)
  object space 84480K, 5% used [0x0000000784400000,0x00000007848b4e10,0x0000000789680000)
 PSPermGen       total 21248K, used 3569K [0x0000000779e00000, 0x000000077b2c0000, 0x0000000784400000)
  object space 21248K, 16% used [0x0000000779e00000,0x000000077a17c520,0x000000077b2c0000)
}
Event: 2.023 GC heap before
{Heap before GC invocations=5 (full 0):
 PSYoungGen      total 131968K, used 131936K [0x00000007d6c00000, 0x00000007df200000, 0x0000000800000000)
  eden space 126720K, 100% used [0x00000007d6c00000,0x00000007de7c0000,0x00000007de7c0000)
  from space 5248K, 99% used [0x00000007dece0000,0x00000007df1f8020,0x00000007df200000)
  to   space 5248K, 0% used [0x00000007de7c0000,0x00000007de7c0000,0x00000007dece0000)
 ParOldGen       total 84480K, used 4819K [0x0000000784400000, 0x0000000789680000, 0x00000007d6c00000)
  object space 84480K, 5% used [0x0000000784400000,0x00000007848b4e10,0x0000000789680000)
 PSPermGen       total 21248K, used 3569K [0x0000000779e00000, 0x000000077b2c0000, 0x0000000784400000)
  object space 21248K, 16% used [0x0000000779e00000,0x000000077a17c520,0x000000077b2c0000)
Event: 2.044 GC heap after
Heap after GC invocations=5 (full 0):
 PSYoungGen      total 131968K, used 5232K [0x00000007d6c00000, 0x00000007e73c0000, 0x0000000800000000)
  eden space 126720K, 0% used [0x00000007d6c00000,0x00000007d6c00000,0x00000007de7c0000)
  from space 5248K, 99% used [0x00000007de7c0000,0x00000007decdc010,0x00000007dece0000)
  to   space 8320K, 0% used [0x00000007e6ba0000,0x00000007e6ba0000,0x00000007e73c0000)
 ParOldGen       total 84480K, used 6315K [0x0000000784400000, 0x0000000789680000, 0x00000007d6c00000)
  object space 84480K, 7% used [0x0000000784400000,0x0000000784a2ae10,0x0000000789680000)
 PSPermGen       total 21248K, used 3569K [0x0000000779e00000, 0x000000077b2c0000, 0x0000000784400000)
  object space 21248K, 16% used [0x0000000779e00000,0x000000077a17c520,0x000000077b2c0000)
}
Event: 2.514 GC heap before
{Heap before GC invocations=6 (full 0):
 PSYoungGen      total 131968K, used 131952K [0x00000007d6c00000, 0x00000007e73c0000, 0x0000000800000000)
  eden space 126720K, 100% used [0x00000007d6c00000,0x00000007de7c0000,0x00000007de7c0000)
  from space 5248K, 99% used [0x00000007de7c0000,0x00000007decdc010,0x00000007dece0000)
  to   space 8320K, 0% used [0x00000007e6ba0000,0x00000007e6ba0000,0x00000007e73c0000)
 ParOldGen       total 84480K, used 6315K [0x0000000784400000, 0x0000000789680000, 0x00000007d6c00000)
  object space 84480K, 7% used [0x0000000784400000,0x0000000784a2ae10,0x0000000789680000)
 PSPermGen       total 21248K, used 3569K [0x0000000779e00000, 0x000000077b2c0000, 0x0000000784400000)
  object space 21248K, 16% used [0x0000000779e00000,0x000000077a17c520,0x000000077b2c0000)
Event: 2.532 GC heap after
Heap after GC invocations=6 (full 0):
 PSYoungGen      total 261760K, used 5504K [0x00000007d6c00000, 0x00000007e73c0000, 0x0000000800000000)
  eden space 253440K, 0% used [0x00000007d6c00000,0x00000007d6c00000,0x00000007e6380000)
  from space 8320K, 66% used [0x00000007e6ba0000,0x00000007e7100020,0x00000007e73c0000)
  to   space 8320K, 0% used [0x00000007e6380000,0x00000007e6380000,0x00000007e6ba0000)
 ParOldGen       total 84480K, used 6315K [0x0000000784400000, 0x0000000789680000, 0x00000007d6c00000)
  object space 84480K, 7% used [0x0000000784400000,0x0000000784a2ae10,0x0000000789680000)
 PSPermGen       total 21248K, used 3569K [0x0000000779e00000, 0x000000077b2c0000, 0x0000000784400000)
  object space 21248K, 16% used [0x0000000779e00000,0x000000077a17c520,0x000000077b2c0000)
}
Event: 50.020 GC heap before
{Heap before GC invocations=7 (full 0):
 PSYoungGen      total 261760K, used 258944K [0x00000007d6c00000, 0x00000007e73c0000, 0x0000000800000000)
  eden space 253440K, 100% used [0x00000007d6c00000,0x00000007e6380000,0x00000007e6380000)
  from space 8320K, 66% used [0x00000007e6ba0000,0x00000007e7100020,0x00000007e73c0000)
  to   space 8320K, 0% used [0x00000007e6380000,0x00000007e6380000,0x00000007e6ba0000)
 ParOldGen       total 84480K, used 6315K [0x0000000784400000, 0x0000000789680000, 0x00000007d6c00000)
  object space 84480K, 7% used [0x0000000784400000,0x0000000784a2ae10,0x0000000789680000)
 PSPermGen       total 21248K, used 18503K [0x0000000779e00000, 0x000000077b2c0000, 0x0000000784400000)
  object space 21248K, 87% used [0x0000000779e00000,0x000000077b011f80,0x000000077b2c0000)
Event: 50.033 GC heap after
Heap after GC invocations=7 (full 0):
 PSYoungGen      total 261760K, used 7307K [0x00000007d6c00000, 0x00000007f6ba0000, 0x0000000800000000)
  eden space 253440K, 0% used [0x00000007d6c00000,0x00000007d6c00000,0x00000007e6380000)
  from space 8320K, 87% used [0x00000007e6380000,0x00000007e6aa2c88,0x00000007e6ba0000)
  to   space 8512K, 0% used [0x00000007f6350000,0x00000007f6350000,0x00000007f6ba0000)
 ParOldGen       total 84480K, used 11247K [0x0000000784400000, 0x0000000789680000, 0x00000007d6c00000)
  object space 84480K, 13% used [0x0000000784400000,0x0000000784efbe80,0x0000000789680000)
 PSPermGen       total 21248K, used 18503K [0x0000000779e00000, 0x000000077b2c0000, 0x0000000784400000)
  object space 21248K, 87% used [0x0000000779e00000,0x000000077b011f80,0x000000077b2c0000)
}
Event: 305.122 GC heap before
{Heap before GC invocations=8 (full 0):
 PSYoungGen      total 261760K, used 260747K [0x00000007d6c00000, 0x00000007f6ba0000, 0x0000000800000000)
  eden space 253440K, 100% used [0x00000007d6c00000,0x00000007e6380000,0x00000007e6380000)
  from space 8320K, 87% used [0x00000007e6380000,0x00000007e6aa2c88,0x00000007e6ba0000)
  to   space 8512K, 0% used [0x00000007f6350000,0x00000007f6350000,0x00000007f6ba0000)
 ParOldGen       total 84480K, used 11247K [0x0000000784400000, 0x0000000789680000, 0x00000007d6c00000)
  object space 84480K, 13% used [0x0000000784400000,0x0000000784efbe80,0x0000000789680000)
 PSPermGen       total 21248K, used 19221K [0x0000000779e00000, 0x000000077b2c0000, 0x0000000784400000)
  object space 21248K, 90% used [0x0000000779e00000,0x000000077b0c5668,0x000000077b2c0000)
Event: 305.130 GC heap after
Heap after GC invocations=8 (full 0):
 PSYoungGen      total 515392K, used 5151K [0x00000007d6c00000, 0x00000007f6ba0000, 0x0000000800000000)
  eden space 506880K, 0% used [0x00000007d6c00000,0x00000007d6c00000,0x00000007f5b00000)
  from space 8512K, 60% used [0x00000007f6350000,0x00000007f6857d00,0x00000007f6ba0000)
  to   space 8512K, 0% used [0x00000007f5b00000,0x00000007f5b00000,0x00000007f6350000)
 ParOldGen       total 84480K, used 11287K [0x0000000784400000, 0x0000000789680000, 0x00000007d6c00000)
  object space 84480K, 13% used [0x0000000784400000,0x0000000784f05e80,0x0000000789680000)
 PSPermGen       total 21248K, used 19221K [0x0000000779e00000, 0x000000077b2c0000, 0x0000000784400000)
  object space 21248K, 90% used [0x0000000779e00000,0x000000077b0c5668,0x000000077b2c0000)
}

