# JRE version: 7.0_25-b30
# Java VM: OpenJDK 64-Bit Server VM (23.7-b01 mixed mode linux-amd64 compressed oops)
Heap
 PSYoungGen      total 309568K, used 282485K [0x00000000e1560000, 0x00000000ffc80000, 0x0000000100000000)
  eden space 300800K, 93% used [0x00000000e1560000,0x00000000f282d728,0x00000000f3b20000)
  from space 8768K, 12% used [0x00000000f3b20000,0x00000000f3c30000,0x00000000f43b0000)
  to   space 8768K, 0% used [0x00000000ff3f0000,0x00000000ff3f0000,0x00000000ffc80000)
 ParOldGen       total 62784K, used 13960K [0x00000000a4000000, 0x00000000a7d50000, 0x00000000e1560000)
  object space 62784K, 22% used [0x00000000a4000000,0x00000000a4da21a0,0x00000000a7d50000)
 PSPermGen       total 21248K, used 19693K [0x0000000099a00000, 0x000000009aec0000, 0x00000000a4000000)
  object space 21248K, 92% used [0x0000000099a00000,0x000000009ad3b480,0x000000009aec0000)
GC Heap History (10 events):
Event: 2.411 GC heap before
{Heap before GC invocations=7 (full 0):
 PSYoungGen      total 101824K, used 99792K [0x00000000e1560000, 0x00000000e80e0000, 0x0000000100000000)
  eden space 94208K, 100% used [0x00000000e1560000,0x00000000e7160000,0x00000000e7160000)
  from space 7616K, 73% used [0x00000000e7970000,0x00000000e7ee4010,0x00000000e80e0000)
  to   space 7936K, 0% used [0x00000000e7160000,0x00000000e7160000,0x00000000e7920000)
 ParOldGen       total 62784K, used 7563K [0x00000000a4000000, 0x00000000a7d50000, 0x00000000e1560000)
  object space 62784K, 12% used [0x00000000a4000000,0x00000000a4762c58,0x00000000a7d50000)
 PSPermGen       total 21248K, used 3568K [0x0000000099a00000, 0x000000009aec0000, 0x00000000a4000000)
  object space 21248K, 16% used [0x0000000099a00000,0x0000000099d7c2f8,0x000000009aec0000)
Event: 2.420 GC heap after
Heap after GC invocations=7 (full 0):
 PSYoungGen      total 102144K, used 192K [0x00000000e1560000, 0x00000000ede60000, 0x0000000100000000)
  eden space 94208K, 0% used [0x00000000e1560000,0x00000000e1560000,0x00000000e7160000)
  from space 7936K, 2% used [0x00000000e7160000,0x00000000e7190000,0x00000000e7920000)
  to   space 8704K, 0% used [0x00000000ed5e0000,0x00000000ed5e0000,0x00000000ede60000)
 ParOldGen       total 62784K, used 11179K [0x00000000a4000000, 0x00000000a7d50000, 0x00000000e1560000)
  object space 62784K, 17% used [0x00000000a4000000,0x00000000a4aeacb8,0x00000000a7d50000)
 PSPermGen       total 21248K, used 3568K [0x0000000099a00000, 0x000000009aec0000, 0x00000000a4000000)
  object space 21248K, 16% used [0x0000000099a00000,0x0000000099d7c2f8,0x000000009aec0000)
}
Event: 2.738 GC heap before
{Heap before GC invocations=8 (full 0):
 PSYoungGen      total 102144K, used 94400K [0x00000000e1560000, 0x00000000ede60000, 0x0000000100000000)
  eden space 94208K, 100% used [0x00000000e1560000,0x00000000e7160000,0x00000000e7160000)
  from space 7936K, 2% used [0x00000000e7160000,0x00000000e7190000,0x00000000e7920000)
  to   space 8704K, 0% used [0x00000000ed5e0000,0x00000000ed5e0000,0x00000000ede60000)
 ParOldGen       total 62784K, used 11179K [0x00000000a4000000, 0x00000000a7d50000, 0x00000000e1560000)
  object space 62784K, 17% used [0x00000000a4000000,0x00000000a4aeacb8,0x00000000a7d50000)
 PSPermGen       total 21248K, used 3568K [0x0000000099a00000, 0x000000009aec0000, 0x00000000a4000000)
  object space 21248K, 16% used [0x0000000099a00000,0x0000000099d7c2f8,0x000000009aec0000)
Event: 2.739 GC heap after
Heap after GC invocations=8 (full 0):
 PSYoungGen      total 196672K, used 160K [0x00000000e1560000, 0x00000000edf40000, 0x0000000100000000)
  eden space 187968K, 0% used [0x00000000e1560000,0x00000000e1560000,0x00000000eccf0000)
  from space 8704K, 1% used [0x00000000ed5e0000,0x00000000ed608000,0x00000000ede60000)
  to   space 9152K, 0% used [0x00000000eccf0000,0x00000000eccf0000,0x00000000ed5e0000)
 ParOldGen       total 62784K, used 11251K [0x00000000a4000000, 0x00000000a7d50000, 0x00000000e1560000)
  object space 62784K, 17% used [0x00000000a4000000,0x00000000a4afccb8,0x00000000a7d50000)
 PSPermGen       total 21248K, used 3568K [0x0000000099a00000, 0x000000009aec0000, 0x00000000a4000000)
  object space 21248K, 16% used [0x0000000099a00000,0x0000000099d7c2f8,0x000000009aec0000)
}
Event: 8.027 GC heap before
{Heap before GC invocations=9 (full 0):
 PSYoungGen      total 196672K, used 188128K [0x00000000e1560000, 0x00000000edf40000, 0x0000000100000000)
  eden space 187968K, 100% used [0x00000000e1560000,0x00000000eccf0000,0x00000000eccf0000)
  from space 8704K, 1% used [0x00000000ed5e0000,0x00000000ed608000,0x00000000ede60000)
  to   space 9152K, 0% used [0x00000000eccf0000,0x00000000eccf0000,0x00000000ed5e0000)
 ParOldGen       total 62784K, used 11251K [0x00000000a4000000, 0x00000000a7d50000, 0x00000000e1560000)
  object space 62784K, 17% used [0x00000000a4000000,0x00000000a4afccb8,0x00000000a7d50000)
 PSPermGen       total 21248K, used 15236K [0x0000000099a00000, 0x000000009aec0000, 0x00000000a4000000)
  object space 21248K, 71% used [0x0000000099a00000,0x000000009a8e1268,0x000000009aec0000)
Event: 8.033 GC heap after
Heap after GC invocations=9 (full 0):
 PSYoungGen      total 197120K, used 2066K [0x00000000e1560000, 0x00000000f4ca0000, 0x0000000100000000)
  eden space 187968K, 0% used [0x00000000e1560000,0x00000000e1560000,0x00000000eccf0000)
  from space 9152K, 22% used [0x00000000eccf0000,0x00000000ecef4860,0x00000000ed5e0000)
  to   space 8960K, 0% used [0x00000000f43e0000,0x00000000f43e0000,0x00000000f4ca0000)
 ParOldGen       total 62784K, used 11267K [0x00000000a4000000, 0x00000000a7d50000, 0x00000000e1560000)
  object space 62784K, 17% used [0x00000000a4000000,0x00000000a4b00cb8,0x00000000a7d50000)
 PSPermGen       total 21248K, used 15236K [0x0000000099a00000, 0x000000009aec0000, 0x00000000a4000000)
  object space 21248K, 71% used [0x0000000099a00000,0x000000009a8e1268,0x000000009aec0000)
}
Event: 84.828 GC heap before
{Heap before GC invocations=10 (full 0):
 PSYoungGen      total 197120K, used 190034K [0x00000000e1560000, 0x00000000f4ca0000, 0x0000000100000000)
  eden space 187968K, 100% used [0x00000000e1560000,0x00000000eccf0000,0x00000000eccf0000)
  from space 9152K, 22% used [0x00000000eccf0000,0x00000000ecef4860,0x00000000ed5e0000)
  to   space 8960K, 0% used [0x00000000f43e0000,0x00000000f43e0000,0x00000000f4ca0000)
 ParOldGen       total 62784K, used 11267K [0x00000000a4000000, 0x00000000a7d50000, 0x00000000e1560000)
  object space 62784K, 17% used [0x00000000a4000000,0x00000000a4b00cb8,0x00000000a7d50000)
 PSPermGen       total 21248K, used 19339K [0x0000000099a00000, 0x000000009aec0000, 0x00000000a4000000)
  object space 21248K, 91% used [0x0000000099a00000,0x000000009ace2d90,0x000000009aec0000)
Event: 84.842 GC heap after
Heap after GC invocations=10 (full 0):
 PSYoungGen      total 309376K, used 4614K [0x00000000e1560000, 0x00000000f4c40000, 0x0000000100000000)
  eden space 300800K, 0% used [0x00000000e1560000,0x00000000e1560000,0x00000000f3b20000)
  from space 8576K, 53% used [0x00000000f43e0000,0x00000000f4861ba8,0x00000000f4c40000)
  to   space 8768K, 0% used [0x00000000f3b20000,0x00000000f3b20000,0x00000000f43b0000)
 ParOldGen       total 62784K, used 11291K [0x00000000a4000000, 0x00000000a7d50000, 0x00000000e1560000)
  object space 62784K, 17% used [0x00000000a4000000,0x00000000a4b06cb8,0x00000000a7d50000)
 PSPermGen       total 21248K, used 19339K [0x0000000099a00000, 0x000000009aec0000, 0x00000000a4000000)
  object space 21248K, 91% used [0x0000000099a00000,0x000000009ace2d90,0x000000009aec0000)
}
Event: 227.947 GC heap before
{Heap before GC invocations=11 (full 0):
 PSYoungGen      total 309376K, used 305414K [0x00000000e1560000, 0x00000000f4c40000, 0x0000000100000000)
  eden space 300800K, 100% used [0x00000000e1560000,0x00000000f3b20000,0x00000000f3b20000)
  from space 8576K, 53% used [0x00000000f43e0000,0x00000000f4861ba8,0x00000000f4c40000)
  to   space 8768K, 0% used [0x00000000f3b20000,0x00000000f3b20000,0x00000000f43b0000)
 ParOldGen       total 62784K, used 11291K [0x00000000a4000000, 0x00000000a7d50000, 0x00000000e1560000)
  object space 62784K, 17% used [0x00000000a4000000,0x00000000a4b06cb8,0x00000000a7d50000)
 PSPermGen       total 21248K, used 19683K [0x0000000099a00000, 0x000000009aec0000, 0x00000000a4000000)
  object space 21248K, 92% used [0x0000000099a00000,0x000000009ad38e10,0x000000009aec0000)
Event: 227.963 GC heap after
Heap after GC invocations=11 (full 0):
 PSYoungGen      total 309568K, used 1088K [0x00000000e1560000, 0x00000000ffc80000, 0x0000000100000000)
  eden space 300800K, 0% used [0x00000000e1560000,0x00000000e1560000,0x00000000f3b20000)
  from space 8768K, 12% used [0x00000000f3b20000,0x00000000f3c30000,0x00000000f43b0000)
  to   space 8768K, 0% used [0x00000000ff3f0000,0x00000000ff3f0000,0x00000000ffc80000)
 ParOldGen       total 62784K, used 13960K [0x00000000a4000000, 0x00000000a7d50000, 0x00000000e1560000)
  object space 62784K, 22% used [0x00000000a4000000,0x00000000a4da21a0,0x00000000a7d50000)
 PSPermGen       total 21248K, used 19683K [0x0000000099a00000, 0x000000009aec0000, 0x00000000a4000000)
  object space 21248K, 92% used [0x0000000099a00000,0x000000009ad38e10,0x000000009aec0000)
}

