# JRE version: 7.0_25-b30
# Java VM: OpenJDK 64-Bit Server VM (23.7-b01 mixed mode linux-amd64 compressed oops)
Heap
 PSYoungGen      total 262464K, used 68141K [0x00000007d6c00000, 0x00000007f0900000, 0x0000000800000000)
  eden space 253184K, 24% used [0x00000007d6c00000,0x00000007da972b30,0x00000007e6340000)
  from space 9280K, 56% used [0x00000007e6340000,0x00000007e68589b8,0x00000007e6c50000)
  to   space 8896K, 0% used [0x00000007f0050000,0x00000007f0050000,0x00000007f0900000)
 ParOldGen       total 84480K, used 10390K [0x0000000784400000, 0x0000000789680000, 0x00000007d6c00000)
  object space 84480K, 12% used [0x0000000784400000,0x0000000784e25bc0,0x0000000789680000)
 PSPermGen       total 21248K, used 19100K [0x0000000779e00000, 0x000000077b2c0000, 0x0000000784400000)
  object space 21248K, 89% used [0x0000000779e00000,0x000000077b0a72f0,0x000000077b2c0000)
GC Heap History (10 events):
Event: 1.692 GC heap before
{Heap before GC invocations=5 (full 0):
 PSYoungGen      total 68608K, used 68608K [0x00000007d6c00000, 0x00000007db420000, 0x0000000800000000)
  eden space 63360K, 100% used [0x00000007d6c00000,0x00000007da9e0000,0x00000007da9e0000)
  from space 5248K, 100% used [0x00000007daf00000,0x00000007db420000,0x00000007db420000)
  to   space 5248K, 0% used [0x00000007da9e0000,0x00000007da9e0000,0x00000007daf00000)
 ParOldGen       total 84480K, used 4110K [0x0000000784400000, 0x0000000789680000, 0x00000007d6c00000)
  object space 84480K, 4% used [0x0000000784400000,0x0000000784803b60,0x0000000789680000)
 PSPermGen       total 21248K, used 3568K [0x0000000779e00000, 0x000000077b2c0000, 0x0000000784400000)
  object space 21248K, 16% used [0x0000000779e00000,0x000000077a17c2f8,0x000000077b2c0000)
Event: 1.715 GC heap after
Heap after GC invocations=5 (full 0):
 PSYoungGen      total 68608K, used 5232K [0x00000007d6c00000, 0x00000007df820000, 0x0000000800000000)
  eden space 63360K, 0% used [0x00000007d6c00000,0x00000007d6c00000,0x00000007da9e0000)
  from space 5248K, 99% used [0x00000007da9e0000,0x00000007daefc010,0x00000007daf00000)
  to   space 8384K, 0% used [0x00000007deff0000,0x00000007deff0000,0x00000007df820000)
 ParOldGen       total 84480K, used 5222K [0x0000000784400000, 0x0000000789680000, 0x00000007d6c00000)
  object space 84480K, 6% used [0x0000000784400000,0x0000000784919b60,0x0000000789680000)
 PSPermGen       total 21248K, used 3568K [0x0000000779e00000, 0x000000077b2c0000, 0x0000000784400000)
  object space 21248K, 16% used [0x0000000779e00000,0x000000077a17c2f8,0x000000077b2c0000)
}
Event: 1.944 GC heap before
{Heap before GC invocations=6 (full 0):
 PSYoungGen      total 68608K, used 68592K [0x00000007d6c00000, 0x00000007df820000, 0x0000000800000000)
  eden space 63360K, 100% used [0x00000007d6c00000,0x00000007da9e0000,0x00000007da9e0000)
  from space 5248K, 99% used [0x00000007da9e0000,0x00000007daefc010,0x00000007daf00000)
  to   space 8384K, 0% used [0x00000007deff0000,0x00000007deff0000,0x00000007df820000)
 ParOldGen       total 84480K, used 5222K [0x0000000784400000, 0x0000000789680000, 0x00000007d6c00000)
  object space 84480K, 6% used [0x0000000784400000,0x0000000784919b60,0x0000000789680000)
 PSPermGen       total 21248K, used 3568K [0x0000000779e00000, 0x000000077b2c0000, 0x0000000784400000)
  object space 21248K, 16% used [0x0000000779e00000,0x000000077a17c2f8,0x000000077b2c0000)
Event: 1.958 GC heap after
Heap after GC invocations=6 (full 0):
 PSYoungGen      total 134720K, used 5808K [0x00000007d6c00000, 0x00000007df7c0000, 0x0000000800000000)
  eden space 126720K, 0% used [0x00000007d6c00000,0x00000007d6c00000,0x00000007de7c0000)
  from space 8000K, 72% used [0x00000007deff0000,0x00000007df59c010,0x00000007df7c0000)
  to   space 8192K, 0% used [0x00000007de7c0000,0x00000007de7c0000,0x00000007defc0000)
 ParOldGen       total 84480K, used 5222K [0x0000000784400000, 0x0000000789680000, 0x00000007d6c00000)
  object space 84480K, 6% used [0x0000000784400000,0x0000000784919b60,0x0000000789680000)
 PSPermGen       total 21248K, used 3568K [0x0000000779e00000, 0x000000077b2c0000, 0x0000000784400000)
  object space 21248K, 16% used [0x0000000779e00000,0x000000077a17c2f8,0x000000077b2c0000)
}
Event: 2.442 GC heap before
{Heap before GC invocations=7 (full 0):
 PSYoungGen      total 134720K, used 132528K [0x00000007d6c00000, 0x00000007df7c0000, 0x0000000800000000)
  eden space 126720K, 100% used [0x00000007d6c00000,0x00000007de7c0000,0x00000007de7c0000)
  from space 8000K, 72% used [0x00000007deff0000,0x00000007df59c010,0x00000007df7c0000)
  to   space 8192K, 0% used [0x00000007de7c0000,0x00000007de7c0000,0x00000007defc0000)
 ParOldGen       total 84480K, used 5222K [0x0000000784400000, 0x0000000789680000, 0x00000007d6c00000)
  object space 84480K, 6% used [0x0000000784400000,0x0000000784919b60,0x0000000789680000)
 PSPermGen       total 21248K, used 3568K [0x0000000779e00000, 0x000000077b2c0000, 0x0000000784400000)
  object space 21248K, 16% used [0x0000000779e00000,0x000000077a17c2f8,0x000000077b2c0000)
Event: 2.456 GC heap after
Heap after GC invocations=7 (full 0):
 PSYoungGen      total 134912K, used 1312K [0x00000007d6c00000, 0x00000007e7520000, 0x0000000800000000)
  eden space 126720K, 0% used [0x00000007d6c00000,0x00000007d6c00000,0x00000007de7c0000)
  from space 8192K, 16% used [0x00000007de7c0000,0x00000007de908000,0x00000007defc0000)
  to   space 9024K, 0% used [0x00000007e6c50000,0x00000007e6c50000,0x00000007e7520000)
 ParOldGen       total 84480K, used 10214K [0x0000000784400000, 0x0000000789680000, 0x00000007d6c00000)
  object space 84480K, 12% used [0x0000000784400000,0x0000000784df9bc0,0x0000000789680000)
 PSPermGen       total 21248K, used 3568K [0x0000000779e00000, 0x000000077b2c0000, 0x0000000784400000)
  object space 21248K, 16% used [0x0000000779e00000,0x000000077a17c2f8,0x000000077b2c0000)
}
Event: 2.878 GC heap before
{Heap before GC invocations=8 (full 0):
 PSYoungGen      total 134912K, used 128032K [0x00000007d6c00000, 0x00000007e7520000, 0x0000000800000000)
  eden space 126720K, 100% used [0x00000007d6c00000,0x00000007de7c0000,0x00000007de7c0000)
  from space 8192K, 16% used [0x00000007de7c0000,0x00000007de908000,0x00000007defc0000)
  to   space 9024K, 0% used [0x00000007e6c50000,0x00000007e6c50000,0x00000007e7520000)
 ParOldGen       total 84480K, used 10214K [0x0000000784400000, 0x0000000789680000, 0x00000007d6c00000)
  object space 84480K, 12% used [0x0000000784400000,0x0000000784df9bc0,0x0000000789680000)
 PSPermGen       total 21248K, used 3568K [0x0000000779e00000, 0x000000077b2c0000, 0x0000000784400000)
  object space 21248K, 16% used [0x0000000779e00000,0x000000077a17c2f8,0x000000077b2c0000)
Event: 2.884 GC heap after
Heap after GC invocations=8 (full 0):
 PSYoungGen      total 262208K, used 1856K [0x00000007d6c00000, 0x00000007e75a0000, 0x0000000800000000)
  eden space 253184K, 0% used [0x00000007d6c00000,0x00000007d6c00000,0x00000007e6340000)
  from space 9024K, 20% used [0x00000007e6c50000,0x00000007e6e20000,0x00000007e7520000)
  to   space 9280K, 0% used [0x00000007e6340000,0x00000007e6340000,0x00000007e6c50000)
 ParOldGen       total 84480K, used 10238K [0x0000000784400000, 0x0000000789680000, 0x00000007d6c00000)
  object space 84480K, 12% used [0x0000000784400000,0x0000000784dffbc0,0x0000000789680000)
 PSPermGen       total 21248K, used 3568K [0x0000000779e00000, 0x000000077b2c0000, 0x0000000784400000)
  object space 21248K, 16% used [0x0000000779e00000,0x000000077a17c2f8,0x000000077b2c0000)
}
Event: 156.326 GC heap before
{Heap before GC invocations=9 (full 0):
 PSYoungGen      total 262208K, used 255040K [0x00000007d6c00000, 0x00000007e75a0000, 0x0000000800000000)
  eden space 253184K, 100% used [0x00000007d6c00000,0x00000007e6340000,0x00000007e6340000)
  from space 9024K, 20% used [0x00000007e6c50000,0x00000007e6e20000,0x00000007e7520000)
  to   space 9280K, 0% used [0x00000007e6340000,0x00000007e6340000,0x00000007e6c50000)
 ParOldGen       total 84480K, used 10238K [0x0000000784400000, 0x0000000789680000, 0x00000007d6c00000)
  object space 84480K, 12% used [0x0000000784400000,0x0000000784dffbc0,0x0000000789680000)
 PSPermGen       total 21248K, used 19091K [0x0000000779e00000, 0x000000077b2c0000, 0x0000000784400000)
  object space 21248K, 89% used [0x0000000779e00000,0x000000077b0a4fc0,0x000000077b2c0000)
Event: 156.336 GC heap after
Heap after GC invocations=9 (full 0):
 PSYoungGen      total 262464K, used 5218K [0x00000007d6c00000, 0x00000007f0900000, 0x0000000800000000)
  eden space 253184K, 0% used [0x00000007d6c00000,0x00000007d6c00000,0x00000007e6340000)
  from space 9280K, 56% used [0x00000007e6340000,0x00000007e68589b8,0x00000007e6c50000)
  to   space 8896K, 0% used [0x00000007f0050000,0x00000007f0050000,0x00000007f0900000)
 ParOldGen       total 84480K, used 10390K [0x0000000784400000, 0x0000000789680000, 0x00000007d6c00000)
  object space 84480K, 12% used [0x0000000784400000,0x0000000784e25bc0,0x0000000789680000)
 PSPermGen       total 21248K, used 19091K [0x0000000779e00000, 0x000000077b2c0000, 0x0000000784400000)
  object space 21248K, 89% used [0x0000000779e00000,0x000000077b0a4fc0,0x000000077b2c0000)
}

