# JRE version: 7.0_25-b30
# Java VM: OpenJDK 64-Bit Server VM (23.7-b01 mixed mode linux-amd64 compressed oops)
Heap
 PSYoungGen      total 262464K, used 179138K [0x00000007d6c00000, 0x00000007f0900000, 0x0000000800000000)
  eden space 253120K, 68% used [0x00000007d6c00000,0x00000007e15c9690,0x00000007e6330000)
  from space 9344K, 56% used [0x00000007e6330000,0x00000007e68571d8,0x00000007e6c50000)
  to   space 8960K, 0% used [0x00000007f0040000,0x00000007f0040000,0x00000007f0900000)
 ParOldGen       total 84480K, used 9930K [0x0000000784400000, 0x0000000789680000, 0x00000007d6c00000)
  object space 84480K, 11% used [0x0000000784400000,0x0000000784db2bd0,0x0000000789680000)
 PSPermGen       total 21248K, used 19116K [0x0000000779e00000, 0x000000077b2c0000, 0x0000000784400000)
  object space 21248K, 89% used [0x0000000779e00000,0x000000077b0ab298,0x000000077b2c0000)
GC Heap History (10 events):
Event: 1.559 GC heap before
{Heap before GC invocations=5 (full 0):
 PSYoungGen      total 68608K, used 68560K [0x00000007d6c00000, 0x00000007db420000, 0x0000000800000000)
  eden space 63360K, 100% used [0x00000007d6c00000,0x00000007da9e0000,0x00000007da9e0000)
  from space 5248K, 99% used [0x00000007daf00000,0x00000007db414010,0x00000007db420000)
  to   space 5248K, 0% used [0x00000007da9e0000,0x00000007da9e0000,0x00000007daf00000)
 ParOldGen       total 84480K, used 3838K [0x0000000784400000, 0x0000000789680000, 0x00000007d6c00000)
  object space 84480K, 4% used [0x0000000784400000,0x00000007847bfb60,0x0000000789680000)
 PSPermGen       total 21248K, used 3568K [0x0000000779e00000, 0x000000077b2c0000, 0x0000000784400000)
  object space 21248K, 16% used [0x0000000779e00000,0x000000077a17c2f8,0x000000077b2c0000)
Event: 1.591 GC heap after
Heap after GC invocations=5 (full 0):
 PSYoungGen      total 68608K, used 5216K [0x00000007d6c00000, 0x00000007df840000, 0x0000000800000000)
  eden space 63360K, 0% used [0x00000007d6c00000,0x00000007d6c00000,0x00000007da9e0000)
  from space 5248K, 99% used [0x00000007da9e0000,0x00000007daef8020,0x00000007daf00000)
  to   space 8448K, 0% used [0x00000007df000000,0x00000007df000000,0x00000007df840000)
 ParOldGen       total 84480K, used 4918K [0x0000000784400000, 0x0000000789680000, 0x00000007d6c00000)
  object space 84480K, 5% used [0x0000000784400000,0x00000007848cdb60,0x0000000789680000)
 PSPermGen       total 21248K, used 3568K [0x0000000779e00000, 0x000000077b2c0000, 0x0000000784400000)
  object space 21248K, 16% used [0x0000000779e00000,0x000000077a17c2f8,0x000000077b2c0000)
}
Event: 1.801 GC heap before
{Heap before GC invocations=6 (full 0):
 PSYoungGen      total 68608K, used 68576K [0x00000007d6c00000, 0x00000007df840000, 0x0000000800000000)
  eden space 63360K, 100% used [0x00000007d6c00000,0x00000007da9e0000,0x00000007da9e0000)
  from space 5248K, 99% used [0x00000007da9e0000,0x00000007daef8020,0x00000007daf00000)
  to   space 8448K, 0% used [0x00000007df000000,0x00000007df000000,0x00000007df840000)
 ParOldGen       total 84480K, used 4918K [0x0000000784400000, 0x0000000789680000, 0x00000007d6c00000)
  object space 84480K, 5% used [0x0000000784400000,0x00000007848cdb60,0x0000000789680000)
 PSPermGen       total 21248K, used 3568K [0x0000000779e00000, 0x000000077b2c0000, 0x0000000784400000)
  object space 21248K, 16% used [0x0000000779e00000,0x000000077a17c2f8,0x000000077b2c0000)
Event: 1.817 GC heap after
Heap after GC invocations=6 (full 0):
 PSYoungGen      total 134656K, used 5664K [0x00000007d6c00000, 0x00000007df7c0000, 0x0000000800000000)
  eden space 126720K, 0% used [0x00000007d6c00000,0x00000007d6c00000,0x00000007de7c0000)
  from space 7936K, 71% used [0x00000007df000000,0x00000007df588020,0x00000007df7c0000)
  to   space 8192K, 0% used [0x00000007de7c0000,0x00000007de7c0000,0x00000007defc0000)
 ParOldGen       total 84480K, used 4918K [0x0000000784400000, 0x0000000789680000, 0x00000007d6c00000)
  object space 84480K, 5% used [0x0000000784400000,0x00000007848cdb60,0x0000000789680000)
 PSPermGen       total 21248K, used 3568K [0x0000000779e00000, 0x000000077b2c0000, 0x0000000784400000)
  object space 21248K, 16% used [0x0000000779e00000,0x000000077a17c2f8,0x000000077b2c0000)
}
Event: 2.268 GC heap before
{Heap before GC invocations=7 (full 0):
 PSYoungGen      total 134656K, used 132384K [0x00000007d6c00000, 0x00000007df7c0000, 0x0000000800000000)
  eden space 126720K, 100% used [0x00000007d6c00000,0x00000007de7c0000,0x00000007de7c0000)
  from space 7936K, 71% used [0x00000007df000000,0x00000007df588020,0x00000007df7c0000)
  to   space 8192K, 0% used [0x00000007de7c0000,0x00000007de7c0000,0x00000007defc0000)
 ParOldGen       total 84480K, used 4918K [0x0000000784400000, 0x0000000789680000, 0x00000007d6c00000)
  object space 84480K, 5% used [0x0000000784400000,0x00000007848cdb60,0x0000000789680000)
 PSPermGen       total 21248K, used 3568K [0x0000000779e00000, 0x000000077b2c0000, 0x0000000784400000)
  object space 21248K, 16% used [0x0000000779e00000,0x000000077a17c2f8,0x000000077b2c0000)
Event: 2.282 GC heap after
Heap after GC invocations=7 (full 0):
 PSYoungGen      total 134912K, used 1248K [0x00000007d6c00000, 0x00000007e7520000, 0x0000000800000000)
  eden space 126720K, 0% used [0x00000007d6c00000,0x00000007d6c00000,0x00000007de7c0000)
  from space 8192K, 15% used [0x00000007de7c0000,0x00000007de8f8000,0x00000007defc0000)
  to   space 9024K, 0% used [0x00000007e6c50000,0x00000007e6c50000,0x00000007e7520000)
 ParOldGen       total 84480K, used 9826K [0x0000000784400000, 0x0000000789680000, 0x00000007d6c00000)
  object space 84480K, 11% used [0x0000000784400000,0x0000000784d98bd0,0x0000000789680000)
 PSPermGen       total 21248K, used 3568K [0x0000000779e00000, 0x000000077b2c0000, 0x0000000784400000)
  object space 21248K, 16% used [0x0000000779e00000,0x000000077a17c2f8,0x000000077b2c0000)
}
Event: 2.708 GC heap before
{Heap before GC invocations=8 (full 0):
 PSYoungGen      total 134912K, used 127968K [0x00000007d6c00000, 0x00000007e7520000, 0x0000000800000000)
  eden space 126720K, 100% used [0x00000007d6c00000,0x00000007de7c0000,0x00000007de7c0000)
  from space 8192K, 15% used [0x00000007de7c0000,0x00000007de8f8000,0x00000007defc0000)
  to   space 9024K, 0% used [0x00000007e6c50000,0x00000007e6c50000,0x00000007e7520000)
 ParOldGen       total 84480K, used 9826K [0x0000000784400000, 0x0000000789680000, 0x00000007d6c00000)
  object space 84480K, 11% used [0x0000000784400000,0x0000000784d98bd0,0x0000000789680000)
 PSPermGen       total 21248K, used 3568K [0x0000000779e00000, 0x000000077b2c0000, 0x0000000784400000)
  object space 21248K, 16% used [0x0000000779e00000,0x000000077a17c2f8,0x000000077b2c0000)
Event: 2.714 GC heap after
Heap after GC invocations=8 (full 0):
 PSYoungGen      total 262144K, used 1728K [0x00000007d6c00000, 0x00000007e75c0000, 0x0000000800000000)
  eden space 253120K, 0% used [0x00000007d6c00000,0x00000007d6c00000,0x00000007e6330000)
  from space 9024K, 19% used [0x00000007e6c50000,0x00000007e6e00000,0x00000007e7520000)
  to   space 9344K, 0% used [0x00000007e6330000,0x00000007e6330000,0x00000007e6c50000)
 ParOldGen       total 84480K, used 9906K [0x0000000784400000, 0x0000000789680000, 0x00000007d6c00000)
  object space 84480K, 11% used [0x0000000784400000,0x0000000784dacbd0,0x0000000789680000)
 PSPermGen       total 21248K, used 3568K [0x0000000779e00000, 0x000000077b2c0000, 0x0000000784400000)
  object space 21248K, 16% used [0x0000000779e00000,0x000000077a17c2f8,0x000000077b2c0000)
}
Event: 82.761 GC heap before
{Heap before GC invocations=9 (full 0):
 PSYoungGen      total 262144K, used 254848K [0x00000007d6c00000, 0x00000007e75c0000, 0x0000000800000000)
  eden space 253120K, 100% used [0x00000007d6c00000,0x00000007e6330000,0x00000007e6330000)
  from space 9024K, 19% used [0x00000007e6c50000,0x00000007e6e00000,0x00000007e7520000)
  to   space 9344K, 0% used [0x00000007e6330000,0x00000007e6330000,0x00000007e6c50000)
 ParOldGen       total 84480K, used 9906K [0x0000000784400000, 0x0000000789680000, 0x00000007d6c00000)
  object space 84480K, 11% used [0x0000000784400000,0x0000000784dacbd0,0x0000000789680000)
 PSPermGen       total 21248K, used 18987K [0x0000000779e00000, 0x000000077b2c0000, 0x0000000784400000)
  object space 21248K, 89% used [0x0000000779e00000,0x000000077b08aee8,0x000000077b2c0000)
Event: 82.773 GC heap after
Heap after GC invocations=9 (full 0):
 PSYoungGen      total 262464K, used 5276K [0x00000007d6c00000, 0x00000007f0900000, 0x0000000800000000)
  eden space 253120K, 0% used [0x00000007d6c00000,0x00000007d6c00000,0x00000007e6330000)
  from space 9344K, 56% used [0x00000007e6330000,0x00000007e68571d8,0x00000007e6c50000)
  to   space 8960K, 0% used [0x00000007f0040000,0x00000007f0040000,0x00000007f0900000)
 ParOldGen       total 84480K, used 9930K [0x0000000784400000, 0x0000000789680000, 0x00000007d6c00000)
  object space 84480K, 11% used [0x0000000784400000,0x0000000784db2bd0,0x0000000789680000)
 PSPermGen       total 21248K, used 18987K [0x0000000779e00000, 0x000000077b2c0000, 0x0000000784400000)
  object space 21248K, 89% used [0x0000000779e00000,0x000000077b08aee8,0x000000077b2c0000)
}

