# JRE version: 7.0_25-b30
# Java VM: OpenJDK 64-Bit Server VM (23.7-b01 mixed mode linux-amd64 compressed oops)
Heap
 PSYoungGen      total 262400K, used 91419K [0x00000007d6c00000, 0x00000007f0900000, 0x0000000800000000)
  eden space 253120K, 34% used [0x00000007d6c00000,0x00000007dc018520,0x00000007e6330000)
  from space 9280K, 57% used [0x00000007e6330000,0x00000007e685e9c8,0x00000007e6c40000)
  to   space 8960K, 0% used [0x00000007f0040000,0x00000007f0040000,0x00000007f0900000)
 ParOldGen       total 84480K, used 10195K [0x0000000784400000, 0x0000000789680000, 0x00000007d6c00000)
  object space 84480K, 12% used [0x0000000784400000,0x0000000784df4e70,0x0000000789680000)
 PSPermGen       total 21248K, used 19198K [0x0000000779e00000, 0x000000077b2c0000, 0x0000000784400000)
  object space 21248K, 90% used [0x0000000779e00000,0x000000077b0bf860,0x000000077b2c0000)
GC Heap History (10 events):
Event: 1.573 GC heap before
{Heap before GC invocations=5 (full 0):
 PSYoungGen      total 68608K, used 68576K [0x00000007d6c00000, 0x00000007db420000, 0x0000000800000000)
  eden space 63360K, 100% used [0x00000007d6c00000,0x00000007da9e0000,0x00000007da9e0000)
  from space 5248K, 99% used [0x00000007daf00000,0x00000007db418000,0x00000007db420000)
  to   space 5248K, 0% used [0x00000007da9e0000,0x00000007da9e0000,0x00000007daf00000)
 ParOldGen       total 84480K, used 3867K [0x0000000784400000, 0x0000000789680000, 0x00000007d6c00000)
  object space 84480K, 4% used [0x0000000784400000,0x00000007847c6e10,0x0000000789680000)
 PSPermGen       total 21248K, used 3569K [0x0000000779e00000, 0x000000077b2c0000, 0x0000000784400000)
  object space 21248K, 16% used [0x0000000779e00000,0x000000077a17c520,0x000000077b2c0000)
Event: 1.600 GC heap after
Heap after GC invocations=5 (full 0):
 PSYoungGen      total 68608K, used 5248K [0x00000007d6c00000, 0x00000007df840000, 0x0000000800000000)
  eden space 63360K, 0% used [0x00000007d6c00000,0x00000007d6c00000,0x00000007da9e0000)
  from space 5248K, 100% used [0x00000007da9e0000,0x00000007daf00000,0x00000007daf00000)
  to   space 8448K, 0% used [0x00000007df000000,0x00000007df000000,0x00000007df840000)
 ParOldGen       total 84480K, used 4955K [0x0000000784400000, 0x0000000789680000, 0x00000007d6c00000)
  object space 84480K, 5% used [0x0000000784400000,0x00000007848d6e10,0x0000000789680000)
 PSPermGen       total 21248K, used 3569K [0x0000000779e00000, 0x000000077b2c0000, 0x0000000784400000)
  object space 21248K, 16% used [0x0000000779e00000,0x000000077a17c520,0x000000077b2c0000)
}
Event: 1.814 GC heap before
{Heap before GC invocations=6 (full 0):
 PSYoungGen      total 68608K, used 68608K [0x00000007d6c00000, 0x00000007df840000, 0x0000000800000000)
  eden space 63360K, 100% used [0x00000007d6c00000,0x00000007da9e0000,0x00000007da9e0000)
  from space 5248K, 100% used [0x00000007da9e0000,0x00000007daf00000,0x00000007daf00000)
  to   space 8448K, 0% used [0x00000007df000000,0x00000007df000000,0x00000007df840000)
 ParOldGen       total 84480K, used 4955K [0x0000000784400000, 0x0000000789680000, 0x00000007d6c00000)
  object space 84480K, 5% used [0x0000000784400000,0x00000007848d6e10,0x0000000789680000)
 PSPermGen       total 21248K, used 3569K [0x0000000779e00000, 0x000000077b2c0000, 0x0000000784400000)
  object space 21248K, 16% used [0x0000000779e00000,0x000000077a17c520,0x000000077b2c0000)
Event: 1.843 GC heap after
Heap after GC invocations=6 (full 0):
 PSYoungGen      total 134656K, used 5856K [0x00000007d6c00000, 0x00000007df7c0000, 0x0000000800000000)
  eden space 126720K, 0% used [0x00000007d6c00000,0x00000007d6c00000,0x00000007de7c0000)
  from space 7936K, 73% used [0x00000007df000000,0x00000007df5b8000,0x00000007df7c0000)
  to   space 8192K, 0% used [0x00000007de7c0000,0x00000007de7c0000,0x00000007defc0000)
 ParOldGen       total 84480K, used 4955K [0x0000000784400000, 0x0000000789680000, 0x00000007d6c00000)
  object space 84480K, 5% used [0x0000000784400000,0x00000007848d6e10,0x0000000789680000)
 PSPermGen       total 21248K, used 3569K [0x0000000779e00000, 0x000000077b2c0000, 0x0000000784400000)
  object space 21248K, 16% used [0x0000000779e00000,0x000000077a17c520,0x000000077b2c0000)
}
Event: 2.294 GC heap before
{Heap before GC invocations=7 (full 0):
 PSYoungGen      total 134656K, used 132576K [0x00000007d6c00000, 0x00000007df7c0000, 0x0000000800000000)
  eden space 126720K, 100% used [0x00000007d6c00000,0x00000007de7c0000,0x00000007de7c0000)
  from space 7936K, 73% used [0x00000007df000000,0x00000007df5b8000,0x00000007df7c0000)
  to   space 8192K, 0% used [0x00000007de7c0000,0x00000007de7c0000,0x00000007defc0000)
 ParOldGen       total 84480K, used 4955K [0x0000000784400000, 0x0000000789680000, 0x00000007d6c00000)
  object space 84480K, 5% used [0x0000000784400000,0x00000007848d6e10,0x0000000789680000)
 PSPermGen       total 21248K, used 3569K [0x0000000779e00000, 0x000000077b2c0000, 0x0000000784400000)
  object space 21248K, 16% used [0x0000000779e00000,0x000000077a17c520,0x000000077b2c0000)
Event: 2.307 GC heap after
Heap after GC invocations=7 (full 0):
 PSYoungGen      total 134912K, used 1376K [0x00000007d6c00000, 0x00000007e7500000, 0x0000000800000000)
  eden space 126720K, 0% used [0x00000007d6c00000,0x00000007d6c00000,0x00000007de7c0000)
  from space 8192K, 16% used [0x00000007de7c0000,0x00000007de918000,0x00000007defc0000)
  to   space 8960K, 0% used [0x00000007e6c40000,0x00000007e6c40000,0x00000007e7500000)
 ParOldGen       total 84480K, used 9955K [0x0000000784400000, 0x0000000789680000, 0x00000007d6c00000)
  object space 84480K, 11% used [0x0000000784400000,0x0000000784db8e70,0x0000000789680000)
 PSPermGen       total 21248K, used 3569K [0x0000000779e00000, 0x000000077b2c0000, 0x0000000784400000)
  object space 21248K, 16% used [0x0000000779e00000,0x000000077a17c520,0x000000077b2c0000)
}
Event: 2.695 GC heap before
{Heap before GC invocations=8 (full 0):
 PSYoungGen      total 134912K, used 128096K [0x00000007d6c00000, 0x00000007e7500000, 0x0000000800000000)
  eden space 126720K, 100% used [0x00000007d6c00000,0x00000007de7c0000,0x00000007de7c0000)
  from space 8192K, 16% used [0x00000007de7c0000,0x00000007de918000,0x00000007defc0000)
  to   space 8960K, 0% used [0x00000007e6c40000,0x00000007e6c40000,0x00000007e7500000)
 ParOldGen       total 84480K, used 9955K [0x0000000784400000, 0x0000000789680000, 0x00000007d6c00000)
  object space 84480K, 11% used [0x0000000784400000,0x0000000784db8e70,0x0000000789680000)
 PSPermGen       total 21248K, used 3569K [0x0000000779e00000, 0x000000077b2c0000, 0x0000000784400000)
  object space 21248K, 16% used [0x0000000779e00000,0x000000077a17c520,0x000000077b2c0000)
Event: 2.703 GC heap after
Heap after GC invocations=8 (full 0):
 PSYoungGen      total 262080K, used 1824K [0x00000007d6c00000, 0x00000007e75a0000, 0x0000000800000000)
  eden space 253120K, 0% used [0x00000007d6c00000,0x00000007d6c00000,0x00000007e6330000)
  from space 8960K, 20% used [0x00000007e6c40000,0x00000007e6e08000,0x00000007e7500000)
  to   space 9280K, 0% used [0x00000007e6330000,0x00000007e6330000,0x00000007e6c40000)
 ParOldGen       total 84480K, used 10059K [0x0000000784400000, 0x0000000789680000, 0x00000007d6c00000)
  object space 84480K, 11% used [0x0000000784400000,0x0000000784dd2e70,0x0000000789680000)
 PSPermGen       total 21248K, used 3569K [0x0000000779e00000, 0x000000077b2c0000, 0x0000000784400000)
  object space 21248K, 16% used [0x0000000779e00000,0x000000077a17c520,0x000000077b2c0000)
}
Event: 162.754 GC heap before
{Heap before GC invocations=9 (full 0):
 PSYoungGen      total 262080K, used 254944K [0x00000007d6c00000, 0x00000007e75a0000, 0x0000000800000000)
  eden space 253120K, 100% used [0x00000007d6c00000,0x00000007e6330000,0x00000007e6330000)
  from space 8960K, 20% used [0x00000007e6c40000,0x00000007e6e08000,0x00000007e7500000)
  to   space 9280K, 0% used [0x00000007e6330000,0x00000007e6330000,0x00000007e6c40000)
 ParOldGen       total 84480K, used 10059K [0x0000000784400000, 0x0000000789680000, 0x00000007d6c00000)
  object space 84480K, 11% used [0x0000000784400000,0x0000000784dd2e70,0x0000000789680000)
 PSPermGen       total 21248K, used 19183K [0x0000000779e00000, 0x000000077b2c0000, 0x0000000784400000)
  object space 21248K, 90% used [0x0000000779e00000,0x000000077b0bbee8,0x000000077b2c0000)
Event: 162.764 GC heap after
Heap after GC invocations=9 (full 0):
 PSYoungGen      total 262400K, used 5306K [0x00000007d6c00000, 0x00000007f0900000, 0x0000000800000000)
  eden space 253120K, 0% used [0x00000007d6c00000,0x00000007d6c00000,0x00000007e6330000)
  from space 9280K, 57% used [0x00000007e6330000,0x00000007e685e9c8,0x00000007e6c40000)
  to   space 8960K, 0% used [0x00000007f0040000,0x00000007f0040000,0x00000007f0900000)
 ParOldGen       total 84480K, used 10195K [0x0000000784400000, 0x0000000789680000, 0x00000007d6c00000)
  object space 84480K, 12% used [0x0000000784400000,0x0000000784df4e70,0x0000000789680000)
 PSPermGen       total 21248K, used 19183K [0x0000000779e00000, 0x000000077b2c0000, 0x0000000784400000)
  object space 21248K, 90% used [0x0000000779e00000,0x000000077b0bbee8,0x000000077b2c0000)
}

